<?xml version="1.0" encoding="UTF-8"?>
<!-- Generated by org.testng.reporters.JUnitXMLReporter -->
<testsuite hostname="liMac.local" failures="0" tests="16" name="Advanced Mappings" time="3.823" errors="0" timestamp="31 Aug 2020 01:03:23 GMT">
  <testcase classname="org.jpwh.test.converter.UserTypes" name="storeLoadMonetaryAmount" time="0.013"/>
  <testcase classname="org.jpwh.test.advanced.BooleanOverride" name="storeLoadOverride" time="0.02"/>
  <testcase classname="org.jpwh.test.advanced.NestedComponents" name="storeAndLoadUsers" time="0.004"/>
  <testcase classname="org.jpwh.test.advanced.GeneratedProperties" name="storeLoadInitialPrice" time="0.015"/>
  <testcase classname="org.jpwh.test.advanced.GeneratedProperties" name="storeLoadLastModified" time="0.015"/>
  <testcase classname="org.jpwh.test.converter.Converters" name="storeAndLoadZipcode" time="0.005"/>
  <testcase classname="org.jpwh.test.converter.Converters" name="storeLoadMonetaryAmount" time="0.023"/>
  <testcase classname="org.jpwh.test.advanced.DerivedProperties" name="storeLoadFormula" time="0.012"/>
  <testcase classname="org.jpwh.test.advanced.DerivedProperties" name="storeLoadFormulaSubselect" time="0.018"/>
  <testcase classname="org.jpwh.test.advanced.AccessType" name="storeLoadAccessType" time="0.028"/>
  <testcase classname="org.jpwh.test.advanced.LazyProperties" name="storeLoadLocator" time="0.036"/>
  <testcase classname="org.jpwh.test.advanced.LazyProperties" name="storeLoadProperties" time="0.012"/>
  <testcase classname="org.jpwh.test.advanced.Temporal" name="storeLoadTemporal" time="0.004"/>
  <testcase classname="org.jpwh.test.advanced.Enum" name="storeLoadEnum" time="0.004"/>
  <testcase classname="org.jpwh.test.advanced.TransformingColumns" name="storeLoadTransform" time="0.018"/>
  <testcase classname="org.jpwh.test.advanced.MappedSubselect" name="loadSubselectEntity" time="0.018"/>
</testsuite> <!-- Advanced Mappings -->
