<?xml version="1.0" encoding="UTF-8"?>
<!-- Generated by org.testng.reporters.JUnitXMLReporter -->
<testsuite hostname="liMac.local" failures="3" tests="36" name="Collections/Associations" time="7.246" errors="0" timestamp="31 Aug 2020 01:03:30 GMT">
  <testcase classname="org.jpwh.test.collections.SortedSetOfStrings" name="storeLoadCollection" time="0.007"/>
  <testcase classname="org.jpwh.test.associations.OneToManyEmbeddableJoinTable" name="storeAndLoadUsersShipments" time="0.007"/>
  <testcase classname="org.jpwh.test.collections.ListOfStrings" name="storeLoadCollection" time="0.008"/>
  <testcase classname="org.jpwh.test.associations.OneToOneForeignKey" name="storeAndLoadUserAddress" time="0.01"/>
  <testcase classname="org.jpwh.test.associations.OneToOneForeignKey" name="storeNonUniqueRelationship" time="0.013"/>
  <testcase classname="org.jpwh.test.collections.SetOfEmbeddablesOrderBy" name="storeLoadCollection" time="0.007"/>
  <testcase classname="org.jpwh.test.associations.MapsMapKey" name="storeAndLoadItemBids" time="0.009"/>
  <testcase classname="org.jpwh.test.collections.MapOfStrings" name="storeLoadCollection" time="0.006"/>
  <testcase classname="org.jpwh.test.associations.MapsTernary" name="storeLoadCategoryItems" time="0.014"/>
  <testcase classname="org.jpwh.test.collections.SetOfEmbeddables" name="storeLoadCollection" time="0.006"/>
  <testcase classname="org.jpwh.test.associations.OneToOneJoinTable" name="storeAndLoadUserAddress" time="0.002">
    <failure type="javax.persistence.PersistenceException" message="org.hibernate.PropertyValueException: not-null property references a null or transient value : org.jpwh.model.associations.onetoone.jointable.Shipment.auction">
      <![CDATA[javax.persistence.PersistenceException: org.hibernate.PropertyValueException: not-null property references a null or transient value : org.jpwh.model.associations.onetoone.jointable.Shipment.auction
	at org.hibernate.jpa.spi.AbstractEntityManagerImpl.convert(AbstractEntityManagerImpl.java:1692)
	at org.hibernate.jpa.spi.AbstractEntityManagerImpl.convert(AbstractEntityManagerImpl.java:1602)
	at org.hibernate.jpa.spi.AbstractEntityManagerImpl.convert(AbstractEntityManagerImpl.java:1608)
	at org.hibernate.jpa.spi.AbstractEntityManagerImpl.persist(AbstractEntityManagerImpl.java:1152)
	at org.jpwh.test.associations.OneToOneJoinTable.storeAndLoadUserAddress(OneToOneJoinTable.java:30)
Caused by: org.hibernate.PropertyValueException: not-null property references a null or transient value : org.jpwh.model.associations.onetoone.jointable.Shipment.auction
	at org.hibernate.engine.internal.Nullability.checkNullability(Nullability.java:92)
	at org.hibernate.action.internal.AbstractEntityInsertAction.nullifyTransientReferencesIfNotAlready(AbstractEntityInsertAction.java:115)
	at org.hibernate.action.internal.AbstractEntityInsertAction.makeEntityManaged(AbstractEntityInsertAction.java:124)
	at org.hibernate.engine.spi.ActionQueue.addResolvedEntityInsertAction(ActionQueue.java:185)
	at org.hibernate.engine.spi.ActionQueue.addInsertAction(ActionQueue.java:163)
	at org.hibernate.engine.spi.ActionQueue.addAction(ActionQueue.java:150)
	at org.hibernate.event.internal.AbstractSaveEventListener.addInsertAction(AbstractSaveEventListener.java:325)
	at org.hibernate.event.internal.AbstractSaveEventListener.performSaveOrReplicate(AbstractSaveEventListener.java:272)
	at org.hibernate.event.internal.AbstractSaveEventListener.performSave(AbstractSaveEventListener.java:178)
	at org.hibernate.event.internal.AbstractSaveEventListener.saveWithGeneratedId(AbstractSaveEventListener.java:121)
	at org.hibernate.jpa.event.internal.core.JpaPersistEventListener.saveWithGeneratedId(JpaPersistEventListener.java:67)
	at org.hibernate.event.internal.DefaultPersistEventListener.entityIsTransient(DefaultPersistEventListener.java:189)
	at org.hibernate.event.internal.DefaultPersistEventListener.onPersist(DefaultPersistEventListener.java:132)
	at org.hibernate.event.internal.DefaultPersistEventListener.onPersist(DefaultPersistEventListener.java:58)
	at org.hibernate.internal.SessionImpl.firePersist(SessionImpl.java:774)
	at org.hibernate.internal.SessionImpl.persist(SessionImpl.java:747)
	at org.hibernate.internal.SessionImpl.persist(SessionImpl.java:752)
	at org.hibernate.jpa.spi.AbstractEntityManagerImpl.persist(AbstractEntityManagerImpl.java:1146)
	... 34 more
... Removed 33 stack frames]]>
    </failure>
  </testcase> <!-- storeAndLoadUserAddress -->
  <testcase classname="org.jpwh.test.associations.OneToOneJoinTable" name="storeNonUniqueRelationship" time="0.007"/>
  <testcase classname="org.jpwh.test.collections.BagOfStringsOrderBy" name="storeLoadCollection" time="0.008"/>
  <testcase classname="org.jpwh.test.associations.OneToManyList" name="storeAndLoadItemBids" time="0.011"/>
  <testcase classname="org.jpwh.test.collections.SetOfStringsOrderBy" name="storeLoadCollection" time="0.005"/>
  <testcase classname="org.jpwh.test.associations.OneToManyOrphanRemoval" name="storeAndLoadItemBids" time="0.017"/>
  <testcase classname="org.jpwh.test.collections.SortedMapOfStrings" name="storeLoadCollection" time="0.006"/>
  <testcase classname="org.jpwh.test.associations.ManyToManyLinkEntity" name="storeLoadCategoryItems" time="0.017"/>
  <testcase classname="org.jpwh.test.collections.BagOfEmbeddables" name="storeLoadCollection" time="0.006"/>
  <testcase classname="org.jpwh.test.associations.OneToManyJoinTable" name="storeAndLoadItemUsers" time="0.001">
    <failure type="javax.persistence.PersistenceException" message="org.hibernate.PropertyValueException: not-null property references a null or transient value : org.jpwh.model.associations.onetomany.jointable.Item.buyer">
      <![CDATA[javax.persistence.PersistenceException: org.hibernate.PropertyValueException: not-null property references a null or transient value : org.jpwh.model.associations.onetomany.jointable.Item.buyer
	at org.hibernate.jpa.spi.AbstractEntityManagerImpl.convert(AbstractEntityManagerImpl.java:1692)
	at org.hibernate.jpa.spi.AbstractEntityManagerImpl.convert(AbstractEntityManagerImpl.java:1602)
	at org.hibernate.jpa.spi.AbstractEntityManagerImpl.convert(AbstractEntityManagerImpl.java:1608)
	at org.hibernate.jpa.spi.AbstractEntityManagerImpl.persist(AbstractEntityManagerImpl.java:1152)
	at org.jpwh.test.associations.OneToManyJoinTable.storeAndLoadItemUsers(OneToManyJoinTable.java:30)
Caused by: org.hibernate.PropertyValueException: not-null property references a null or transient value : org.jpwh.model.associations.onetomany.jointable.Item.buyer
	at org.hibernate.engine.internal.Nullability.checkNullability(Nullability.java:92)
	at org.hibernate.action.internal.AbstractEntityInsertAction.nullifyTransientReferencesIfNotAlready(AbstractEntityInsertAction.java:115)
	at org.hibernate.action.internal.AbstractEntityInsertAction.makeEntityManaged(AbstractEntityInsertAction.java:124)
	at org.hibernate.engine.spi.ActionQueue.addResolvedEntityInsertAction(ActionQueue.java:185)
	at org.hibernate.engine.spi.ActionQueue.addInsertAction(ActionQueue.java:163)
	at org.hibernate.engine.spi.ActionQueue.addAction(ActionQueue.java:150)
	at org.hibernate.event.internal.AbstractSaveEventListener.addInsertAction(AbstractSaveEventListener.java:325)
	at org.hibernate.event.internal.AbstractSaveEventListener.performSaveOrReplicate(AbstractSaveEventListener.java:272)
	at org.hibernate.event.internal.AbstractSaveEventListener.performSave(AbstractSaveEventListener.java:178)
	at org.hibernate.event.internal.AbstractSaveEventListener.saveWithGeneratedId(AbstractSaveEventListener.java:121)
	at org.hibernate.jpa.event.internal.core.JpaPersistEventListener.saveWithGeneratedId(JpaPersistEventListener.java:67)
	at org.hibernate.event.internal.DefaultPersistEventListener.entityIsTransient(DefaultPersistEventListener.java:189)
	at org.hibernate.event.internal.DefaultPersistEventListener.onPersist(DefaultPersistEventListener.java:132)
	at org.hibernate.event.internal.DefaultPersistEventListener.onPersist(DefaultPersistEventListener.java:58)
	at org.hibernate.internal.SessionImpl.firePersist(SessionImpl.java:774)
	at org.hibernate.internal.SessionImpl.persist(SessionImpl.java:747)
	at org.hibernate.internal.SessionImpl.persist(SessionImpl.java:752)
	at org.hibernate.jpa.spi.AbstractEntityManagerImpl.persist(AbstractEntityManagerImpl.java:1146)
	... 34 more
... Removed 33 stack frames]]>
    </failure>
  </testcase> <!-- storeAndLoadItemUsers -->
  <testcase classname="org.jpwh.test.collections.EmbeddableSetOfStrings" name="storeLoadCollection" time="0.004"/>
  <testcase classname="org.jpwh.test.associations.ManyToManyBidirectional" name="storeLoadCategoryItems" time="0.011"/>
  <testcase classname="org.jpwh.test.collections.BagOfStrings" name="storeLoadCollection" time="0.005"/>
  <testcase classname="org.jpwh.test.associations.OneToOneSharedPrimaryKey" name="storeAndLoadUserAddress" time="0.002">
    <failure type="javax.persistence.PersistenceException" message="org.hibernate.PropertyValueException: not-null property references a null or transient value : org.jpwh.model.associations.onetoone.sharedprimarykey.User.shippingAddress">
      <![CDATA[javax.persistence.PersistenceException: org.hibernate.PropertyValueException: not-null property references a null or transient value : org.jpwh.model.associations.onetoone.sharedprimarykey.User.shippingAddress
	at org.hibernate.jpa.spi.AbstractEntityManagerImpl.convert(AbstractEntityManagerImpl.java:1692)
	at org.hibernate.jpa.spi.AbstractEntityManagerImpl.convert(AbstractEntityManagerImpl.java:1602)
	at org.hibernate.jpa.spi.AbstractEntityManagerImpl.convert(AbstractEntityManagerImpl.java:1608)
	at org.hibernate.jpa.spi.AbstractEntityManagerImpl.persist(AbstractEntityManagerImpl.java:1152)
	at org.jpwh.test.associations.OneToOneSharedPrimaryKey.storeAndLoadUserAddress(OneToOneSharedPrimaryKey.java:39)
Caused by: org.hibernate.PropertyValueException: not-null property references a null or transient value : org.jpwh.model.associations.onetoone.sharedprimarykey.User.shippingAddress
	at org.hibernate.engine.internal.Nullability.checkNullability(Nullability.java:92)
	at org.hibernate.action.internal.AbstractEntityInsertAction.nullifyTransientReferencesIfNotAlready(AbstractEntityInsertAction.java:115)
	at org.hibernate.action.internal.AbstractEntityInsertAction.makeEntityManaged(AbstractEntityInsertAction.java:124)
	at org.hibernate.engine.spi.ActionQueue.addResolvedEntityInsertAction(ActionQueue.java:185)
	at org.hibernate.engine.spi.ActionQueue.addInsertAction(ActionQueue.java:163)
	at org.hibernate.engine.spi.ActionQueue.addAction(ActionQueue.java:150)
	at org.hibernate.event.internal.AbstractSaveEventListener.addInsertAction(AbstractSaveEventListener.java:325)
	at org.hibernate.event.internal.AbstractSaveEventListener.performSaveOrReplicate(AbstractSaveEventListener.java:272)
	at org.hibernate.event.internal.AbstractSaveEventListener.performSave(AbstractSaveEventListener.java:178)
	at org.hibernate.event.internal.AbstractSaveEventListener.saveWithGeneratedId(AbstractSaveEventListener.java:121)
	at org.hibernate.jpa.event.internal.core.JpaPersistEventListener.saveWithGeneratedId(JpaPersistEventListener.java:67)
	at org.hibernate.event.internal.DefaultPersistEventListener.entityIsTransient(DefaultPersistEventListener.java:189)
	at org.hibernate.event.internal.DefaultPersistEventListener.onPersist(DefaultPersistEventListener.java:132)
	at org.hibernate.event.internal.DefaultPersistEventListener.onPersist(DefaultPersistEventListener.java:58)
	at org.hibernate.internal.SessionImpl.firePersist(SessionImpl.java:774)
	at org.hibernate.internal.SessionImpl.persist(SessionImpl.java:747)
	at org.hibernate.internal.SessionImpl.persist(SessionImpl.java:752)
	at org.hibernate.jpa.spi.AbstractEntityManagerImpl.persist(AbstractEntityManagerImpl.java:1146)
	... 34 more
... Removed 33 stack frames]]>
    </failure>
  </testcase> <!-- storeAndLoadUserAddress -->
  <testcase classname="org.jpwh.test.collections.SetOfStrings" name="storeLoadCollection" time="0.005"/>
  <testcase classname="org.jpwh.test.associations.OneToManyCascadeRemove" name="storeAndLoadItemBids" time="0.012"/>
  <testcase classname="org.jpwh.test.collections.MapOfStringsEmbeddables" name="storeLoadCollection" time="0.018"/>
  <testcase classname="org.jpwh.test.associations.OneToManyCascadePersist" name="storeAndLoadItemBids" time="0.02"/>
  <testcase classname="org.jpwh.test.collections.MapOfEmbeddables" name="storeLoadCollection" time="0.012"/>
  <testcase classname="org.jpwh.test.associations.OneToManyBidirectional" name="storeAndLoadItemBids" time="0.012"/>
  <testcase classname="org.jpwh.test.collections.MapOfStringsOrderBy" name="storeLoadCollection" time="0.007"/>
  <testcase classname="org.jpwh.test.associations.OneToManyEmbeddable" name="storeAndLoadUsersShipments" time="0.008"/>
  <testcase classname="org.jpwh.test.associations.OneToOneForeignGenerator" name="storeAndLoadUserAddress" time="0.006"/>
  <testcase classname="org.jpwh.test.associations.OneToManyOnDeleteCascade" name="storeAndLoadItemBids" time="0.01"/>
  <testcase classname="org.jpwh.test.associations.ManyToManyTernary" name="storeLoadCategoryItems" time="0.016"/>
  <testcase classname="org.jpwh.test.associations.OneToManyBag" name="storeAndLoadItemBids" time="0.01"/>
</testsuite> <!-- Collections/Associations -->
