<?xml version="1.0" encoding="UTF-8"?>
<!-- Generated by org.testng.reporters.JUnitXMLReporter -->
<testsuite hostname="liMac.local" failures="1" tests="14" name="Complex Schemas" time="3.108" errors="0" timestamp="31 Aug 2020 01:03:33 GMT">
  <testcase classname="org.jpwh.test.complexschemas.SecondaryTable" name="storeAndLoadUsers" time="0.001">
    <failure type="javax.persistence.PersistenceException" message="org.hibernate.PropertyValueException: not-null property references a null or transient value : org.jpwh.model.complexschemas.secondarytable.User.billingAddress">
      <![CDATA[javax.persistence.PersistenceException: org.hibernate.PropertyValueException: not-null property references a null or transient value : org.jpwh.model.complexschemas.secondarytable.User.billingAddress
	at org.hibernate.jpa.spi.AbstractEntityManagerImpl.convert(AbstractEntityManagerImpl.java:1692)
	at org.hibernate.jpa.spi.AbstractEntityManagerImpl.convert(AbstractEntityManagerImpl.java:1602)
	at org.hibernate.jpa.spi.AbstractEntityManagerImpl.convert(AbstractEntityManagerImpl.java:1608)
	at org.hibernate.jpa.spi.AbstractEntityManagerImpl.persist(AbstractEntityManagerImpl.java:1152)
	at org.jpwh.test.complexschemas.SecondaryTable.storeAndLoadUsers(SecondaryTable.java:32)
Caused by: org.hibernate.PropertyValueException: not-null property references a null or transient value : org.jpwh.model.complexschemas.secondarytable.User.billingAddress
	at org.hibernate.engine.internal.Nullability.checkNullability(Nullability.java:92)
	at org.hibernate.action.internal.AbstractEntityInsertAction.nullifyTransientReferencesIfNotAlready(AbstractEntityInsertAction.java:115)
	at org.hibernate.action.internal.AbstractEntityInsertAction.makeEntityManaged(AbstractEntityInsertAction.java:124)
	at org.hibernate.engine.spi.ActionQueue.addResolvedEntityInsertAction(ActionQueue.java:185)
	at org.hibernate.engine.spi.ActionQueue.addInsertAction(ActionQueue.java:163)
	at org.hibernate.engine.spi.ActionQueue.addAction(ActionQueue.java:150)
	at org.hibernate.event.internal.AbstractSaveEventListener.addInsertAction(AbstractSaveEventListener.java:325)
	at org.hibernate.event.internal.AbstractSaveEventListener.performSaveOrReplicate(AbstractSaveEventListener.java:272)
	at org.hibernate.event.internal.AbstractSaveEventListener.performSave(AbstractSaveEventListener.java:178)
	at org.hibernate.event.internal.AbstractSaveEventListener.saveWithGeneratedId(AbstractSaveEventListener.java:121)
	at org.hibernate.jpa.event.internal.core.JpaPersistEventListener.saveWithGeneratedId(JpaPersistEventListener.java:67)
	at org.hibernate.event.internal.DefaultPersistEventListener.entityIsTransient(DefaultPersistEventListener.java:189)
	at org.hibernate.event.internal.DefaultPersistEventListener.onPersist(DefaultPersistEventListener.java:132)
	at org.hibernate.event.internal.DefaultPersistEventListener.onPersist(DefaultPersistEventListener.java:58)
	at org.hibernate.internal.SessionImpl.firePersist(SessionImpl.java:774)
	at org.hibernate.internal.SessionImpl.persist(SessionImpl.java:747)
	at org.hibernate.internal.SessionImpl.persist(SessionImpl.java:752)
	at org.hibernate.jpa.spi.AbstractEntityManagerImpl.persist(AbstractEntityManagerImpl.java:1146)
	... 34 more
... Removed 33 stack frames]]>
    </failure>
  </testcase> <!-- storeAndLoadUsers -->
  <testcase classname="org.jpwh.test.complexschemas.CustomSchema" name="configurePersistenceUnit" time="0.0"/>
  <testcase classname="org.jpwh.test.complexschemas.CustomSchema" name="storeLoadCheckColumnInvalid" time="0.008"/>
  <testcase classname="org.jpwh.test.complexschemas.CustomSchema" name="storeLoadCheckSingleRowInvalid" time="0.004"/>
  <testcase classname="org.jpwh.test.complexschemas.CustomSchema" name="storeLoadCheckSubselectValid" time="0.005"/>
  <testcase classname="org.jpwh.test.complexschemas.CustomSchema" name="storeLoadDomainInvalid" time="0.003"/>
  <testcase classname="org.jpwh.test.complexschemas.CustomSchema" name="storeLoadUniqueMultiColumnValid" time="0.003"/>
  <testcase classname="org.jpwh.test.complexschemas.CustomSchema" name="storeLoadValid" time="0.011"/>
  <testcase classname="org.jpwh.test.complexschemas.CompositeKeyEmbeddedId" name="storeLoad" time="0.004"/>
  <testcase classname="org.jpwh.test.complexschemas.NaturalPrimaryKey" name="storeLoad" time="0.003"/>
  <testcase classname="org.jpwh.test.complexschemas.CompositeKeyReadOnly" name="storeLoad" time="0.005"/>
  <testcase classname="org.jpwh.test.complexschemas.CompositeKeyMapsId" name="storeLoad" time="0.005"/>
  <testcase classname="org.jpwh.test.complexschemas.NaturalForeignKey" name="storeLoad" time="0.007"/>
  <testcase classname="org.jpwh.test.complexschemas.CompositeKeyManyToOne" name="storeLoad" time="0.006"/>
</testsuite> <!-- Complex Schemas -->
