<?xml version="1.0" encoding="UTF-8"?>
<!-- Generated by org.testng.reporters.JUnitXMLReporter -->
<testsuite hostname="liMac.local" failures="0" tests="12" name="Concurrency Control" time="4.427" errors="0" timestamp="31 Aug 2020 01:03:37 GMT">
  <testcase classname="org.jpwh.test.concurrency.NonTransactional" name="autoCommit" time="0.044"/>
  <testcase classname="org.jpwh.test.concurrency.Versioning" name="firstCommitWins" time="0.022"/>
  <testcase classname="org.jpwh.test.concurrency.Versioning" name="forceIncrement" time="0.025"/>
  <testcase classname="org.jpwh.test.concurrency.Versioning" name="manualVersionChecking" time="0.022"/>
  <testcase classname="org.jpwh.test.concurrency.Locking" name="extendedLock" time="0.01"/>
  <testcase classname="org.jpwh.test.concurrency.Locking" name="findLock" time="0.008"/>
  <testcase classname="org.jpwh.test.concurrency.Locking" name="pessimisticReadWrite" time="2.017"/>
  <testcase classname="org.jpwh.test.concurrency.Locking" name="firstCommitWins" time="0.008"/>
  <testcase classname="org.jpwh.test.concurrency.Locking" name="forceIncrement" time="0.013"/>
  <testcase classname="org.jpwh.test.concurrency.Locking" name="manualVersionChecking" time="0.02"/>
  <testcase classname="org.jpwh.test.concurrency.VersioningTimestamp" name="firstCommitWins" time="0.006"/>
  <testcase classname="org.jpwh.test.concurrency.VersioningAll" name="firstCommitWins" time="0.008"/>
</testsuite> <!-- Concurrency Control -->
