<?xml version="1.0" encoding="UTF-8"?>
<!-- Generated by org.testng.reporters.JUnitXMLReporter -->
<testsuite hostname="liMac.local" failures="0" tests="3" name="Conversations" time="0.567" errors="0" timestamp="31 Aug 2020 01:03:38 GMT">
  <testcase classname="org.jpwh.test.conversation.ExtendedPC" name="conversationCreateItem" time="0.004"/>
  <testcase classname="org.jpwh.test.conversation.ExtendedPC" name="conversationEditItem" time="0.009"/>
  <testcase classname="org.jpwh.test.conversation.Detached" name="businessKeyEquality" time="0.003"/>
</testsuite> <!-- Conversations -->
