<?xml version="1.0" encoding="UTF-8"?>
<!-- Generated by org.testng.reporters.JUnitXMLReporter -->
<testsuite hostname="liMac.local" failures="0" tests="21" name="Fetching" time="5.937" errors="0" timestamp="31 Aug 2020 01:03:44 GMT">
  <testcase classname="org.jpwh.test.fetching.EagerQuery" name="fetchBids" time="0.035"/>
  <testcase classname="org.jpwh.test.fetching.EagerQuery" name="fetchUsers" time="0.012"/>
  <testcase classname="org.jpwh.test.fetching.Profile" name="fetchWithProfile" time="0.011"/>
  <testcase classname="org.jpwh.test.fetching.Subselect" name="fetchCollectionSubselect" time="0.018"/>
  <testcase classname="org.jpwh.test.fetching.EagerJoin" name="fetchEagerJoin" time="0.03"/>
  <testcase classname="org.jpwh.test.fetching.EagerSelect" name="fetchEagerSelect" time="0.012"/>
  <testcase classname="org.jpwh.test.fetching.CartesianProduct" name="fetchCollections" time="0.009"/>
  <testcase classname="org.jpwh.test.fetching.NPlusOneSelects" name="fetchBids" time="0.012"/>
  <testcase classname="org.jpwh.test.fetching.NPlusOneSelects" name="fetchUsers" time="0.034"/>
  <testcase classname="org.jpwh.test.fetching.LazyInterception" name="lazyBasic" time="0.009"/>
  <testcase classname="org.jpwh.test.fetching.LazyInterception" name="noUserProxy" time="0.006"/>
  <testcase classname="org.jpwh.test.fetching.FetchLoadGraph" name="loadBidBidderItem" time="0.023"/>
  <testcase classname="org.jpwh.test.fetching.FetchLoadGraph" name="loadBidBidderItemSellerBids" time="0.014"/>
  <testcase classname="org.jpwh.test.fetching.FetchLoadGraph" name="loadItem" time="0.016"/>
  <testcase classname="org.jpwh.test.fetching.FetchLoadGraph" name="loadItemSeller" time="0.019"/>
  <testcase classname="org.jpwh.test.fetching.ReadOnly" name="immutableEntity" time="0.01"/>
  <testcase classname="org.jpwh.test.fetching.ReadOnly" name="selectiveReadOnly" time="0.037"/>
  <testcase classname="org.jpwh.test.fetching.LazyProxyCollections" name="lazyCollections" time="0.015"/>
  <testcase classname="org.jpwh.test.fetching.LazyProxyCollections" name="lazyEntityProxies" time="0.045"/>
  <testcase classname="org.jpwh.test.fetching.Batch" name="fetchCollectionBatches" time="0.012"/>
  <testcase classname="org.jpwh.test.fetching.Batch" name="fetchProxyBatches" time="0.015"/>
</testsuite> <!-- Fetching -->
