<?xml version="1.0" encoding="UTF-8"?>
<!-- Generated by org.testng.reporters.JUnitXMLReporter -->
<testsuite hostname="liMac.local" failures="0" tests="8" name="Filtering" time="1.712" errors="0" timestamp="31 Aug 2020 01:03:46 GMT">
  <testcase classname="org.jpwh.test.filtering.Envers" name="@BeforeMethod beforeMethod" time="0.0">
    <failure type="javax.persistence.PersistenceException" message="Unable to build entity manager factory">
      <![CDATA[javax.persistence.PersistenceException: Unable to build entity manager factory
	at org.hibernate.jpa.HibernatePersistenceProvider.createEntityManagerFactory(HibernatePersistenceProvider.java:66)
	at javax.persistence.Persistence.createEntityManagerFactory(Persistence.java:55)
	at org.jpwh.env.JPASetup.<init>(JPASetup.java:62)
	at org.jpwh.env.JPATest.beforeMethod(JPATest.java:54)
Caused by: org.hibernate.boot.MappingException: Unable to perform unmarshalling at line number 0 and column 0. Message: null : origin(envers)
	at org.hibernate.boot.jaxb.internal.AbstractBinder.jaxb(AbstractBinder.java:178)
	at org.hibernate.boot.jaxb.internal.MappingBinder.doBind(MappingBinder.java:57)
	at org.hibernate.boot.jaxb.internal.AbstractBinder.doBind(AbstractBinder.java:102)
	at org.hibernate.boot.jaxb.internal.AbstractBinder.bind(AbstractBinder.java:57)
	at org.hibernate.envers.boot.internal.AdditionalJaxbMappingProducerImpl$1.addDocument(AdditionalJaxbMappingProducerImpl.java:92)
	at org.hibernate.envers.configuration.internal.EntitiesConfigurator.configure(EntitiesConfigurator.java:110)
	at org.hibernate.envers.boot.internal.EnversServiceImpl.doInitialize(EnversServiceImpl.java:152)
	at org.hibernate.envers.boot.internal.EnversServiceImpl.initialize(EnversServiceImpl.java:117)
	at org.hibernate.envers.boot.internal.AdditionalJaxbMappingProducerImpl.produceAdditionalMappings(AdditionalJaxbMappingProducerImpl.java:99)
	at org.hibernate.boot.model.process.spi.MetadataBuildingProcess.complete(MetadataBuildingProcess.java:288)
	at org.hibernate.jpa.boot.internal.EntityManagerFactoryBuilderImpl.metadata(EntityManagerFactoryBuilderImpl.java:770)
	at org.hibernate.jpa.boot.internal.EntityManagerFactoryBuilderImpl.build(EntityManagerFactoryBuilderImpl.java:797)
	at org.hibernate.jpa.HibernatePersistenceProvider.createEntityManagerFactory(HibernatePersistenceProvider.java:58)
	... 37 more
Caused by: javax.xml.bind.JAXBException: Implementation of JAXB-API has not been found on module path or classpath.
 - with linked exception:
[java.lang.ClassNotFoundException: com.sun.xml.internal.bind.v2.ContextFactory]
	at javax.xml.bind.ContextFinder.newInstance(ContextFinder.java:278)
	at javax.xml.bind.ContextFinder.find(ContextFinder.java:421)
	at javax.xml.bind.JAXBContext.newInstance(JAXBContext.java:721)
	at javax.xml.bind.JAXBContext.newInstance(JAXBContext.java:662)
	at org.hibernate.boot.jaxb.internal.AbstractBinder.jaxb(AbstractBinder.java:162)
	... 49 more
Caused by: java.lang.ClassNotFoundException: com.sun.xml.internal.bind.v2.ContextFactory
	at java.base/jdk.internal.loader.BuiltinClassLoader.loadClass(BuiltinClassLoader.java:582)
	at java.base/jdk.internal.loader.ClassLoaders$AppClassLoader.loadClass(ClassLoaders.java:185)
	at java.base/java.lang.ClassLoader.loadClass(ClassLoader.java:496)
	at javax.xml.bind.ServiceLoaderUtil.nullSafeLoadClass(ServiceLoaderUtil.java:122)
	at javax.xml.bind.ServiceLoaderUtil.safeLoadClass(ServiceLoaderUtil.java:155)
	at javax.xml.bind.ContextFinder.newInstance(ContextFinder.java:276)
	... 53 more
... Removed 34 stack frames]]>
    </failure>
  </testcase> <!-- @BeforeMethod beforeMethod -->
  <testcase classname="org.jpwh.test.filtering.DynamicFilter" name="filterCollection" time="0.013"/>
  <testcase classname="org.jpwh.test.filtering.DynamicFilter" name="filterItems" time="0.012"/>
  <testcase classname="org.jpwh.test.filtering.Cascade" name="detachMerge" time="0.009"/>
  <testcase classname="org.jpwh.test.filtering.Cascade" name="refresh" time="0.013"/>
  <testcase classname="org.jpwh.test.filtering.Cascade" name="replicate" time="0.011"/>
  <testcase classname="org.jpwh.test.filtering.AuditLogging" name="writeAuditLog" time="0.02"/>
  <testcase classname="org.jpwh.test.filtering.Callback" name="notifyPostPersist" time="0.004"/>
  <testcase classname="org.jpwh.test.filtering.Envers" name="auditLogging" time="0.0">
    <skipped/>
  </testcase> <!-- auditLogging -->
</testsuite> <!-- Filtering -->
