<?xml version="1.0" encoding="UTF-8"?>
<!-- Generated by org.testng.reporters.JUnitXMLReporter -->
<testsuite hostname="liMac.local" failures="0" tests="24" name="Inheritance Mappings" time="4.05" errors="0" timestamp="31 Aug 2020 01:03:19 GMT">
  <testcase classname="org.jpwh.test.inheritance.MixedFetchSelect" name="@BeforeMethod beforeMethod" time="0.0">
    <failure type="javax.persistence.PersistenceException" message="Unable to build entity manager factory">
      <![CDATA[javax.persistence.PersistenceException: Unable to build entity manager factory
	at org.hibernate.jpa.HibernatePersistenceProvider.createEntityManagerFactory(HibernatePersistenceProvider.java:66)
	at javax.persistence.Persistence.createEntityManagerFactory(Persistence.java:55)
	at org.jpwh.env.JPASetup.<init>(JPASetup.java:62)
	at org.jpwh.env.JPATest.beforeMethod(JPATest.java:54)
Caused by: org.hibernate.boot.InvalidMappingException: Could not parse mapping document: inheritance/mixed/FetchSelect.hbm.xml (RESOURCE)
	at org.hibernate.boot.jaxb.internal.InputStreamXmlSource.doBind(InputStreamXmlSource.java:46)
	at org.hibernate.boot.jaxb.internal.UrlXmlSource.doBind(UrlXmlSource.java:36)
	at org.hibernate.boot.spi.XmlMappingBinderAccess.bind(XmlMappingBinderAccess.java:59)
	at org.hibernate.boot.MetadataSources.addResource(MetadataSources.java:274)
	at org.hibernate.jpa.boot.internal.EntityManagerFactoryBuilderImpl.populate(EntityManagerFactoryBuilderImpl.java:668)
	at org.hibernate.jpa.boot.internal.EntityManagerFactoryBuilderImpl.<init>(EntityManagerFactoryBuilderImpl.java:175)
	at org.hibernate.jpa.boot.spi.Bootstrap.getEntityManagerFactoryBuilder(Bootstrap.java:34)
	at org.hibernate.jpa.HibernatePersistenceProvider.getEntityManagerFactoryBuilder(HibernatePersistenceProvider.java:165)
	at org.hibernate.jpa.HibernatePersistenceProvider.getEntityManagerFactoryBuilderOrNull(HibernatePersistenceProvider.java:114)
	at org.hibernate.jpa.HibernatePersistenceProvider.getEntityManagerFactoryBuilderOrNull(HibernatePersistenceProvider.java:71)
	at org.hibernate.jpa.HibernatePersistenceProvider.createEntityManagerFactory(HibernatePersistenceProvider.java:52)
	... 37 more
Caused by: org.hibernate.boot.MappingException: Unable to perform unmarshalling at line number 0 and column 0. Message: null : origin(inheritance/mixed/FetchSelect.hbm.xml)
	at org.hibernate.boot.jaxb.internal.AbstractBinder.jaxb(AbstractBinder.java:178)
	at org.hibernate.boot.jaxb.internal.MappingBinder.doBind(MappingBinder.java:57)
	at org.hibernate.boot.jaxb.internal.AbstractBinder.doBind(AbstractBinder.java:102)
	at org.hibernate.boot.jaxb.internal.AbstractBinder.bind(AbstractBinder.java:57)
	at org.hibernate.boot.jaxb.internal.InputStreamXmlSource.doBind(InputStreamXmlSource.java:43)
	... 47 more
Caused by: javax.xml.bind.JAXBException: Implementation of JAXB-API has not been found on module path or classpath.
 - with linked exception:
[java.lang.ClassNotFoundException: com.sun.xml.internal.bind.v2.ContextFactory]
	at javax.xml.bind.ContextFinder.newInstance(ContextFinder.java:278)
	at javax.xml.bind.ContextFinder.find(ContextFinder.java:421)
	at javax.xml.bind.JAXBContext.newInstance(JAXBContext.java:721)
	at javax.xml.bind.JAXBContext.newInstance(JAXBContext.java:662)
	at org.hibernate.boot.jaxb.internal.AbstractBinder.jaxb(AbstractBinder.java:162)
	... 51 more
Caused by: java.lang.ClassNotFoundException: com.sun.xml.internal.bind.v2.ContextFactory
	at java.base/jdk.internal.loader.BuiltinClassLoader.loadClass(BuiltinClassLoader.java:582)
	at java.base/jdk.internal.loader.ClassLoaders$AppClassLoader.loadClass(ClassLoaders.java:185)
	at java.base/java.lang.ClassLoader.loadClass(ClassLoader.java:496)
	at javax.xml.bind.ServiceLoaderUtil.nullSafeLoadClass(ServiceLoaderUtil.java:122)
	at javax.xml.bind.ServiceLoaderUtil.safeLoadClass(ServiceLoaderUtil.java:155)
	at javax.xml.bind.ContextFinder.newInstance(ContextFinder.java:276)
	... 55 more
... Removed 34 stack frames]]>
    </failure>
  </testcase> <!-- @BeforeMethod beforeMethod -->
  <testcase classname="org.jpwh.test.inheritance.MixedFetchSelect" name="@BeforeMethod beforeMethod" time="0.0">
    <skipped/>
  </testcase> <!-- @BeforeMethod beforeMethod -->
  <testcase classname="org.jpwh.test.inheritance.MixedFetchSelect" name="@BeforeMethod beforeMethod" time="0.0">
    <skipped/>
  </testcase> <!-- @BeforeMethod beforeMethod -->
  <testcase classname="org.jpwh.test.inheritance.PolymorphicManyToOne" name="@BeforeClass beforeClass" time="0.0">
    <skipped/>
  </testcase> <!-- @BeforeClass beforeClass -->
  <testcase classname="org.jpwh.test.inheritance.PolymorphicManyToOne" name="@BeforeMethod beforeMethod" time="0.0">
    <skipped/>
  </testcase> <!-- @BeforeMethod beforeMethod -->
  <testcase classname="org.jpwh.test.inheritance.Embeddable" name="@BeforeClass beforeClass" time="0.0">
    <skipped/>
  </testcase> <!-- @BeforeClass beforeClass -->
  <testcase classname="org.jpwh.test.inheritance.Embeddable" name="@BeforeMethod beforeMethod" time="0.0">
    <skipped/>
  </testcase> <!-- @BeforeMethod beforeMethod -->
  <testcase classname="org.jpwh.test.inheritance.Joined" name="@BeforeClass beforeClass" time="0.0">
    <skipped/>
  </testcase> <!-- @BeforeClass beforeClass -->
  <testcase classname="org.jpwh.test.inheritance.Joined" name="@BeforeMethod beforeMethod" time="0.0">
    <skipped/>
  </testcase> <!-- @BeforeMethod beforeMethod -->
  <testcase classname="org.jpwh.test.inheritance.Joined" name="@BeforeMethod beforeMethod" time="0.0">
    <skipped/>
  </testcase> <!-- @BeforeMethod beforeMethod -->
  <testcase classname="org.jpwh.test.inheritance.Joined" name="@BeforeMethod beforeMethod" time="0.0">
    <skipped/>
  </testcase> <!-- @BeforeMethod beforeMethod -->
  <testcase classname="org.jpwh.test.inheritance.Joined" name="@BeforeMethod beforeMethod" time="0.0">
    <skipped/>
  </testcase> <!-- @BeforeMethod beforeMethod -->
  <testcase classname="org.jpwh.test.inheritance.SingleTable" name="storeBillingDetailsLoadCreditCards" time="0.014"/>
  <testcase classname="org.jpwh.test.inheritance.SingleTable" name="jdbcBillingDetailsSqlQuery" time="0.016"/>
  <testcase classname="org.jpwh.test.inheritance.SingleTable" name="jdbcCreditCardSqlQuery" time="0.017"/>
  <testcase classname="org.jpwh.test.inheritance.SingleTable" name="storeLoadBillingDetails" time="0.012"/>
  <testcase classname="org.jpwh.test.inheritance.MappedSuperclass" name="storeBillingDetailsLoadCreditCards" time="0.013"/>
  <testcase classname="org.jpwh.test.inheritance.MappedSuperclass" name="jdbcSqlQueryBankAccount" time="0.011"/>
  <testcase classname="org.jpwh.test.inheritance.MappedSuperclass" name="jdbcSqlQueryCreditCard" time="0.013"/>
  <testcase classname="org.jpwh.test.inheritance.MappedSuperclass" name="storeLoadBillingDetails" time="0.012"/>
  <testcase classname="org.jpwh.test.inheritance.TablePerClass" name="storeBillingDetailsLoadCreditCards" time="0.01"/>
  <testcase classname="org.jpwh.test.inheritance.TablePerClass" name="jdbcBillingDetailsSqlQuery" time="0.018"/>
  <testcase classname="org.jpwh.test.inheritance.TablePerClass" name="storeLoadBillingDetails" time="0.009"/>
  <testcase classname="org.jpwh.test.inheritance.Mixed" name="storeBillingDetailsLoadCreditCards" time="0.011"/>
  <testcase classname="org.jpwh.test.inheritance.Mixed" name="jdbcBillingDetailsSqlQuery" time="0.008"/>
  <testcase classname="org.jpwh.test.inheritance.Mixed" name="storeLoadBillingDetails" time="0.012"/>
  <testcase classname="org.jpwh.test.inheritance.PolymorphicOneToMany" name="storeAndLoadItemBids" time="0.053"/>
  <testcase classname="org.jpwh.test.inheritance.MixedFetchSelect" name="storeBillingDetailsLoadCreditCards" time="0.0">
    <skipped/>
  </testcase> <!-- storeBillingDetailsLoadCreditCards -->
  <testcase classname="org.jpwh.test.inheritance.MixedFetchSelect" name="jdbcBillingDetailsSqlQuery" time="0.0">
    <skipped/>
  </testcase> <!-- jdbcBillingDetailsSqlQuery -->
  <testcase classname="org.jpwh.test.inheritance.MixedFetchSelect" name="storeLoadBillingDetails" time="0.0">
    <skipped/>
  </testcase> <!-- storeLoadBillingDetails -->
  <testcase classname="org.jpwh.test.inheritance.PolymorphicManyToOne" name="storeAndLoadItemBids" time="0.0">
    <skipped/>
  </testcase> <!-- storeAndLoadItemBids -->
  <testcase classname="org.jpwh.test.inheritance.Embeddable" name="storeAndLoad" time="0.001">
    <skipped/>
  </testcase> <!-- storeAndLoad -->
  <testcase classname="org.jpwh.test.inheritance.Joined" name="storeBillingDetailsLoadCreditCards" time="0.0">
    <skipped/>
  </testcase> <!-- storeBillingDetailsLoadCreditCards -->
  <testcase classname="org.jpwh.test.inheritance.Joined" name="jdbcBillingDetailsSqlQuery" time="0.0">
    <skipped/>
  </testcase> <!-- jdbcBillingDetailsSqlQuery -->
  <testcase classname="org.jpwh.test.inheritance.Joined" name="jdbcCreditCardSqlQuery" time="0.0">
    <skipped/>
  </testcase> <!-- jdbcCreditCardSqlQuery -->
  <testcase classname="org.jpwh.test.inheritance.Joined" name="storeLoadBillingDetails" time="0.0">
    <skipped/>
  </testcase> <!-- storeLoadBillingDetails -->
</testsuite> <!-- Inheritance Mappings -->
