<?xml version="1.0" encoding="UTF-8"?>
<!-- Generated by org.testng.reporters.JUnitXMLReporter -->
<testsuite hostname="liMac.local" failures="0" tests="35" name="Querying" time="0.039" errors="0" timestamp="31 Aug 2020 01:03:46 GMT">
  <testcase classname="org.jpwh.test.querying.CreateExecuteQueries" name="@BeforeMethod beforeMethod" time="0.0">
    <failure type="javax.persistence.PersistenceException" message="Unable to build entity manager factory">
      <![CDATA[javax.persistence.PersistenceException: Unable to build entity manager factory
	at org.hibernate.jpa.HibernatePersistenceProvider.createEntityManagerFactory(HibernatePersistenceProvider.java:66)
	at javax.persistence.Persistence.createEntityManagerFactory(Persistence.java:55)
	at org.jpwh.env.JPASetup.<init>(JPASetup.java:62)
	at org.jpwh.env.JPATest.beforeMethod(JPATest.java:54)
Caused by: org.hibernate.boot.InvalidMappingException: Could not parse mapping document: querying/ExternalizedQueries.hbm.xml (RESOURCE)
	at org.hibernate.boot.jaxb.internal.InputStreamXmlSource.doBind(InputStreamXmlSource.java:46)
	at org.hibernate.boot.jaxb.internal.UrlXmlSource.doBind(UrlXmlSource.java:36)
	at org.hibernate.boot.spi.XmlMappingBinderAccess.bind(XmlMappingBinderAccess.java:59)
	at org.hibernate.boot.MetadataSources.addResource(MetadataSources.java:274)
	at org.hibernate.jpa.boot.internal.EntityManagerFactoryBuilderImpl.populate(EntityManagerFactoryBuilderImpl.java:668)
	at org.hibernate.jpa.boot.internal.EntityManagerFactoryBuilderImpl.<init>(EntityManagerFactoryBuilderImpl.java:175)
	at org.hibernate.jpa.boot.spi.Bootstrap.getEntityManagerFactoryBuilder(Bootstrap.java:34)
	at org.hibernate.jpa.HibernatePersistenceProvider.getEntityManagerFactoryBuilder(HibernatePersistenceProvider.java:165)
	at org.hibernate.jpa.HibernatePersistenceProvider.getEntityManagerFactoryBuilderOrNull(HibernatePersistenceProvider.java:114)
	at org.hibernate.jpa.HibernatePersistenceProvider.getEntityManagerFactoryBuilderOrNull(HibernatePersistenceProvider.java:71)
	at org.hibernate.jpa.HibernatePersistenceProvider.createEntityManagerFactory(HibernatePersistenceProvider.java:52)
	... 37 more
Caused by: org.hibernate.boot.MappingException: Unable to perform unmarshalling at line number 0 and column 0. Message: null : origin(querying/ExternalizedQueries.hbm.xml)
	at org.hibernate.boot.jaxb.internal.AbstractBinder.jaxb(AbstractBinder.java:178)
	at org.hibernate.boot.jaxb.internal.MappingBinder.doBind(MappingBinder.java:57)
	at org.hibernate.boot.jaxb.internal.AbstractBinder.doBind(AbstractBinder.java:102)
	at org.hibernate.boot.jaxb.internal.AbstractBinder.bind(AbstractBinder.java:57)
	at org.hibernate.boot.jaxb.internal.InputStreamXmlSource.doBind(InputStreamXmlSource.java:43)
	... 47 more
Caused by: javax.xml.bind.JAXBException: Implementation of JAXB-API has not been found on module path or classpath.
 - with linked exception:
[java.lang.ClassNotFoundException: com.sun.xml.internal.bind.v2.ContextFactory]
	at javax.xml.bind.ContextFinder.newInstance(ContextFinder.java:278)
	at javax.xml.bind.ContextFinder.find(ContextFinder.java:421)
	at javax.xml.bind.JAXBContext.newInstance(JAXBContext.java:721)
	at javax.xml.bind.JAXBContext.newInstance(JAXBContext.java:662)
	at org.hibernate.boot.jaxb.internal.AbstractBinder.jaxb(AbstractBinder.java:162)
	... 51 more
Caused by: java.lang.ClassNotFoundException: com.sun.xml.internal.bind.v2.ContextFactory
	at java.base/jdk.internal.loader.BuiltinClassLoader.loadClass(BuiltinClassLoader.java:582)
	at java.base/jdk.internal.loader.ClassLoaders$AppClassLoader.loadClass(ClassLoaders.java:185)
	at java.base/java.lang.ClassLoader.loadClass(ClassLoader.java:496)
	at javax.xml.bind.ServiceLoaderUtil.nullSafeLoadClass(ServiceLoaderUtil.java:122)
	at javax.xml.bind.ServiceLoaderUtil.safeLoadClass(ServiceLoaderUtil.java:155)
	at javax.xml.bind.ContextFinder.newInstance(ContextFinder.java:276)
	... 55 more
... Removed 34 stack frames]]>
    </failure>
  </testcase> <!-- @BeforeMethod beforeMethod -->
  <testcase classname="org.jpwh.test.querying.CreateExecuteQueries" name="@BeforeMethod beforeMethod" time="0.0">
    <skipped/>
  </testcase> <!-- @BeforeMethod beforeMethod -->
  <testcase classname="org.jpwh.test.querying.CreateExecuteQueries" name="@BeforeMethod beforeMethod" time="0.0">
    <skipped/>
  </testcase> <!-- @BeforeMethod beforeMethod -->
  <testcase classname="org.jpwh.test.querying.CreateExecuteQueries" name="@BeforeMethod beforeMethod" time="0.0">
    <skipped/>
  </testcase> <!-- @BeforeMethod beforeMethod -->
  <testcase classname="org.jpwh.test.querying.CreateExecuteQueries" name="@BeforeMethod beforeMethod" time="0.0">
    <skipped/>
  </testcase> <!-- @BeforeMethod beforeMethod -->
  <testcase classname="org.jpwh.test.querying.CreateExecuteQueries" name="@BeforeMethod beforeMethod" time="0.0">
    <skipped/>
  </testcase> <!-- @BeforeMethod beforeMethod -->
  <testcase classname="org.jpwh.test.querying.CreateExecuteQueries" name="@BeforeMethod beforeMethod" time="0.0">
    <skipped/>
  </testcase> <!-- @BeforeMethod beforeMethod -->
  <testcase classname="org.jpwh.test.querying.CreateExecuteQueries" name="@BeforeMethod beforeMethod" time="0.0">
    <skipped/>
  </testcase> <!-- @BeforeMethod beforeMethod -->
  <testcase classname="org.jpwh.test.querying.CreateExecuteQueries" name="@BeforeMethod beforeMethod" time="0.0">
    <skipped/>
  </testcase> <!-- @BeforeMethod beforeMethod -->
  <testcase classname="org.jpwh.test.querying.sql.NativeQueries" name="@BeforeClass beforeClass" time="0.0">
    <skipped/>
  </testcase> <!-- @BeforeClass beforeClass -->
  <testcase classname="org.jpwh.test.querying.sql.NativeQueries" name="@BeforeMethod beforeMethod" time="0.0">
    <skipped/>
  </testcase> <!-- @BeforeMethod beforeMethod -->
  <testcase classname="org.jpwh.test.querying.sql.NativeQueries" name="@BeforeMethod beforeMethod" time="0.0">
    <skipped/>
  </testcase> <!-- @BeforeMethod beforeMethod -->
  <testcase classname="org.jpwh.test.querying.jpql.Subselects" name="@BeforeClass beforeClass" time="0.0">
    <skipped/>
  </testcase> <!-- @BeforeClass beforeClass -->
  <testcase classname="org.jpwh.test.querying.jpql.Subselects" name="@BeforeMethod beforeMethod" time="0.0">
    <skipped/>
  </testcase> <!-- @BeforeMethod beforeMethod -->
  <testcase classname="org.jpwh.test.querying.jpql.Joins" name="@BeforeClass beforeClass" time="0.0">
    <skipped/>
  </testcase> <!-- @BeforeClass beforeClass -->
  <testcase classname="org.jpwh.test.querying.jpql.Joins" name="@BeforeMethod beforeMethod" time="0.0">
    <skipped/>
  </testcase> <!-- @BeforeMethod beforeMethod -->
  <testcase classname="org.jpwh.test.querying.jpql.Grouping" name="@BeforeClass beforeClass" time="0.0">
    <skipped/>
  </testcase> <!-- @BeforeClass beforeClass -->
  <testcase classname="org.jpwh.test.querying.jpql.Grouping" name="@BeforeMethod beforeMethod" time="0.0">
    <skipped/>
  </testcase> <!-- @BeforeMethod beforeMethod -->
  <testcase classname="org.jpwh.test.querying.criteria.Projection" name="@BeforeClass beforeClass" time="0.0">
    <skipped/>
  </testcase> <!-- @BeforeClass beforeClass -->
  <testcase classname="org.jpwh.test.querying.criteria.Projection" name="@BeforeMethod beforeMethod" time="0.0">
    <skipped/>
  </testcase> <!-- @BeforeMethod beforeMethod -->
  <testcase classname="org.jpwh.test.querying.criteria.Projection" name="@BeforeMethod beforeMethod" time="0.0">
    <skipped/>
  </testcase> <!-- @BeforeMethod beforeMethod -->
  <testcase classname="org.jpwh.test.querying.jpql.Restriction" name="@BeforeClass beforeClass" time="0.0">
    <skipped/>
  </testcase> <!-- @BeforeClass beforeClass -->
  <testcase classname="org.jpwh.test.querying.jpql.Restriction" name="@BeforeMethod beforeMethod" time="0.0">
    <skipped/>
  </testcase> <!-- @BeforeMethod beforeMethod -->
  <testcase classname="org.jpwh.test.querying.jpql.Restriction" name="@BeforeMethod beforeMethod" time="0.0">
    <skipped/>
  </testcase> <!-- @BeforeMethod beforeMethod -->
  <testcase classname="org.jpwh.test.querying.criteria.Subselects" name="@BeforeClass beforeClass" time="0.0">
    <skipped/>
  </testcase> <!-- @BeforeClass beforeClass -->
  <testcase classname="org.jpwh.test.querying.criteria.Subselects" name="@BeforeMethod beforeMethod" time="0.0">
    <skipped/>
  </testcase> <!-- @BeforeMethod beforeMethod -->
  <testcase classname="org.jpwh.test.querying.criteria.Joins" name="@BeforeClass beforeClass" time="0.0">
    <skipped/>
  </testcase> <!-- @BeforeClass beforeClass -->
  <testcase classname="org.jpwh.test.querying.criteria.Joins" name="@BeforeMethod beforeMethod" time="0.0">
    <skipped/>
  </testcase> <!-- @BeforeMethod beforeMethod -->
  <testcase classname="org.jpwh.test.querying.criteria.Typesafe" name="@BeforeClass beforeClass" time="0.0">
    <skipped/>
  </testcase> <!-- @BeforeClass beforeClass -->
  <testcase classname="org.jpwh.test.querying.criteria.Typesafe" name="@BeforeMethod beforeMethod" time="0.0">
    <skipped/>
  </testcase> <!-- @BeforeMethod beforeMethod -->
  <testcase classname="org.jpwh.test.querying.criteria.Restriction" name="@BeforeClass beforeClass" time="0.0">
    <skipped/>
  </testcase> <!-- @BeforeClass beforeClass -->
  <testcase classname="org.jpwh.test.querying.criteria.Restriction" name="@BeforeMethod beforeMethod" time="0.0">
    <skipped/>
  </testcase> <!-- @BeforeMethod beforeMethod -->
  <testcase classname="org.jpwh.test.querying.criteria.Restriction" name="@BeforeMethod beforeMethod" time="0.0">
    <skipped/>
  </testcase> <!-- @BeforeMethod beforeMethod -->
  <testcase classname="org.jpwh.test.querying.advanced.HibernateCriteria" name="@BeforeClass beforeClass" time="0.0">
    <skipped/>
  </testcase> <!-- @BeforeClass beforeClass -->
  <testcase classname="org.jpwh.test.querying.advanced.HibernateCriteria" name="@BeforeMethod beforeMethod" time="0.0">
    <skipped/>
  </testcase> <!-- @BeforeMethod beforeMethod -->
  <testcase classname="org.jpwh.test.querying.advanced.HibernateCriteria" name="@BeforeMethod beforeMethod" time="0.0">
    <skipped/>
  </testcase> <!-- @BeforeMethod beforeMethod -->
  <testcase classname="org.jpwh.test.querying.advanced.TransformResults" name="@BeforeClass beforeClass" time="0.0">
    <skipped/>
  </testcase> <!-- @BeforeClass beforeClass -->
  <testcase classname="org.jpwh.test.querying.advanced.TransformResults" name="@BeforeMethod beforeMethod" time="0.0">
    <skipped/>
  </testcase> <!-- @BeforeMethod beforeMethod -->
  <testcase classname="org.jpwh.test.querying.sql.JDBCFallback" name="@BeforeClass beforeClass" time="0.0">
    <skipped/>
  </testcase> <!-- @BeforeClass beforeClass -->
  <testcase classname="org.jpwh.test.querying.sql.JDBCFallback" name="@BeforeMethod beforeMethod" time="0.0">
    <skipped/>
  </testcase> <!-- @BeforeMethod beforeMethod -->
  <testcase classname="org.jpwh.test.querying.jpql.Selection" name="@BeforeClass beforeClass" time="0.0">
    <skipped/>
  </testcase> <!-- @BeforeClass beforeClass -->
  <testcase classname="org.jpwh.test.querying.jpql.Selection" name="@BeforeMethod beforeMethod" time="0.0">
    <skipped/>
  </testcase> <!-- @BeforeMethod beforeMethod -->
  <testcase classname="org.jpwh.test.querying.criteria.Grouping" name="@BeforeClass beforeClass" time="0.0">
    <skipped/>
  </testcase> <!-- @BeforeClass beforeClass -->
  <testcase classname="org.jpwh.test.querying.criteria.Grouping" name="@BeforeMethod beforeMethod" time="0.0">
    <skipped/>
  </testcase> <!-- @BeforeMethod beforeMethod -->
  <testcase classname="org.jpwh.test.querying.advanced.FilterCollections" name="@BeforeClass beforeClass" time="0.0">
    <skipped/>
  </testcase> <!-- @BeforeClass beforeClass -->
  <testcase classname="org.jpwh.test.querying.advanced.FilterCollections" name="@BeforeMethod beforeMethod" time="0.0">
    <skipped/>
  </testcase> <!-- @BeforeMethod beforeMethod -->
  <testcase classname="org.jpwh.test.querying.sql.HibernateSQLQueries" name="@BeforeClass beforeClass" time="0.0">
    <skipped/>
  </testcase> <!-- @BeforeClass beforeClass -->
  <testcase classname="org.jpwh.test.querying.sql.HibernateSQLQueries" name="@BeforeMethod beforeMethod" time="0.0">
    <skipped/>
  </testcase> <!-- @BeforeMethod beforeMethod -->
  <testcase classname="org.jpwh.test.querying.sql.HibernateSQLQueries" name="@BeforeMethod beforeMethod" time="0.0">
    <skipped/>
  </testcase> <!-- @BeforeMethod beforeMethod -->
  <testcase classname="org.jpwh.test.querying.jpql.Projection" name="@BeforeClass beforeClass" time="0.0">
    <skipped/>
  </testcase> <!-- @BeforeClass beforeClass -->
  <testcase classname="org.jpwh.test.querying.jpql.Projection" name="@BeforeMethod beforeMethod" time="0.0">
    <skipped/>
  </testcase> <!-- @BeforeMethod beforeMethod -->
  <testcase classname="org.jpwh.test.querying.jpql.Projection" name="@BeforeMethod beforeMethod" time="0.0">
    <skipped/>
  </testcase> <!-- @BeforeMethod beforeMethod -->
  <testcase classname="org.jpwh.test.querying.criteria.Selection" name="@BeforeClass beforeClass" time="0.0">
    <skipped/>
  </testcase> <!-- @BeforeClass beforeClass -->
  <testcase classname="org.jpwh.test.querying.criteria.Selection" name="@BeforeMethod beforeMethod" time="0.0">
    <skipped/>
  </testcase> <!-- @BeforeMethod beforeMethod -->
  <testcase classname="org.jpwh.test.querying.CreateExecuteQueries" name="createHibernateQueries" time="0.0">
    <skipped/>
  </testcase> <!-- createHibernateQueries -->
  <testcase classname="org.jpwh.test.querying.CreateExecuteQueries" name="createNamedQueries" time="0.0">
    <skipped/>
  </testcase> <!-- createNamedQueries -->
  <testcase classname="org.jpwh.test.querying.CreateExecuteQueries" name="createQueries" time="0.0">
    <skipped/>
  </testcase> <!-- createQueries -->
  <testcase classname="org.jpwh.test.querying.CreateExecuteQueries" name="createTypedQueries" time="0.0">
    <skipped/>
  </testcase> <!-- createTypedQueries -->
  <testcase classname="org.jpwh.test.querying.CreateExecuteQueries" name="executeQueries" time="0.0">
    <skipped/>
  </testcase> <!-- executeQueries -->
  <testcase classname="org.jpwh.test.querying.CreateExecuteQueries" name="namedQueries" time="0.0">
    <skipped/>
  </testcase> <!-- namedQueries -->
  <testcase classname="org.jpwh.test.querying.CreateExecuteQueries" name="pagination" time="0.0">
    <skipped/>
  </testcase> <!-- pagination -->
  <testcase classname="org.jpwh.test.querying.CreateExecuteQueries" name="parameterBinding" time="0.0">
    <skipped/>
  </testcase> <!-- parameterBinding -->
  <testcase classname="org.jpwh.test.querying.CreateExecuteQueries" name="queryHints" time="0.0">
    <skipped/>
  </testcase> <!-- queryHints -->
  <testcase classname="org.jpwh.test.querying.sql.NativeQueries" name="executeQueries" time="0.0">
    <skipped/>
  </testcase> <!-- executeQueries -->
  <testcase classname="org.jpwh.test.querying.sql.NativeQueries" name="executeRecursiveQueries" time="0.0">
    <skipped/>
  </testcase> <!-- executeRecursiveQueries -->
  <testcase classname="org.jpwh.test.querying.jpql.Subselects" name="executeQueries" time="0.0">
    <skipped/>
  </testcase> <!-- executeQueries -->
  <testcase classname="org.jpwh.test.querying.jpql.Joins" name="executeQueries" time="0.009">
    <skipped/>
  </testcase> <!-- executeQueries -->
  <testcase classname="org.jpwh.test.querying.jpql.Grouping" name="executeQueries" time="0.0">
    <skipped/>
  </testcase> <!-- executeQueries -->
  <testcase classname="org.jpwh.test.querying.criteria.Projection" name="executeQueries" time="0.0">
    <skipped/>
  </testcase> <!-- executeQueries -->
  <testcase classname="org.jpwh.test.querying.criteria.Projection" name="executeQueriesWithFunctions" time="0.0">
    <skipped/>
  </testcase> <!-- executeQueriesWithFunctions -->
  <testcase classname="org.jpwh.test.querying.jpql.Restriction" name="executeQueries" time="0.0">
    <skipped/>
  </testcase> <!-- executeQueries -->
  <testcase classname="org.jpwh.test.querying.jpql.Restriction" name="executeQueriesWithFunctions" time="0.0">
    <skipped/>
  </testcase> <!-- executeQueriesWithFunctions -->
  <testcase classname="org.jpwh.test.querying.criteria.Subselects" name="executeQueries" time="0.0">
    <skipped/>
  </testcase> <!-- executeQueries -->
  <testcase classname="org.jpwh.test.querying.criteria.Joins" name="executeQueries" time="0.0">
    <skipped/>
  </testcase> <!-- executeQueries -->
  <testcase classname="org.jpwh.test.querying.criteria.Typesafe" name="executeQueries" time="0.0">
    <skipped/>
  </testcase> <!-- executeQueries -->
  <testcase classname="org.jpwh.test.querying.criteria.Restriction" name="executeQueries" time="0.0">
    <skipped/>
  </testcase> <!-- executeQueries -->
  <testcase classname="org.jpwh.test.querying.criteria.Restriction" name="executeQueriesWithFunctions" time="0.0">
    <skipped/>
  </testcase> <!-- executeQueriesWithFunctions -->
  <testcase classname="org.jpwh.test.querying.advanced.HibernateCriteria" name="executeQueries" time="0.0">
    <skipped/>
  </testcase> <!-- executeQueries -->
  <testcase classname="org.jpwh.test.querying.advanced.HibernateCriteria" name="foo" time="0.0">
    <skipped/>
  </testcase> <!-- foo -->
  <testcase classname="org.jpwh.test.querying.advanced.TransformResults" name="executeQueries" time="0.0">
    <skipped/>
  </testcase> <!-- executeQueries -->
  <testcase classname="org.jpwh.test.querying.sql.JDBCFallback" name="queryItems" time="0.0">
    <skipped/>
  </testcase> <!-- queryItems -->
  <testcase classname="org.jpwh.test.querying.jpql.Selection" name="executeQueries" time="0.0">
    <skipped/>
  </testcase> <!-- executeQueries -->
  <testcase classname="org.jpwh.test.querying.criteria.Grouping" name="executeQueries" time="0.0">
    <skipped/>
  </testcase> <!-- executeQueries -->
  <testcase classname="org.jpwh.test.querying.advanced.FilterCollections" name="executeQueries" time="0.001">
    <skipped/>
  </testcase> <!-- executeQueries -->
  <testcase classname="org.jpwh.test.querying.sql.HibernateSQLQueries" name="executeQueries" time="0.0">
    <skipped/>
  </testcase> <!-- executeQueries -->
  <testcase classname="org.jpwh.test.querying.sql.HibernateSQLQueries" name="executeRecursiveQueries" time="0.0">
    <skipped/>
  </testcase> <!-- executeRecursiveQueries -->
  <testcase classname="org.jpwh.test.querying.jpql.Projection" name="executeQueries" time="0.0">
    <skipped/>
  </testcase> <!-- executeQueries -->
  <testcase classname="org.jpwh.test.querying.jpql.Projection" name="executeQueriesWithFunctions" time="0.0">
    <skipped/>
  </testcase> <!-- executeQueriesWithFunctions -->
  <testcase classname="org.jpwh.test.querying.criteria.Selection" name="executeQueries" time="0.0">
    <skipped/>
  </testcase> <!-- executeQueries -->
</testsuite> <!-- Querying -->
