<?xml version="1.0" encoding="UTF-8"?>
<!-- Generated by org.testng.reporters.JUnitXMLReporter -->
<testsuite hostname="liMac.local" failures="0" tests="17" name="Scaling" time="10.766" errors="0" timestamp="31 Aug 2020 01:03:56 GMT">
  <testcase classname="org.jpwh.test.cache.SecondLevel" name="cacheBehavior" time="0.04"/>
  <testcase classname="org.jpwh.test.cache.SecondLevel" name="cacheControl" time="0.013"/>
  <testcase classname="org.jpwh.test.cache.SecondLevel" name="cacheModes" time="0.022"/>
  <testcase classname="org.jpwh.test.cache.SecondLevel" name="cacheNaturalId" time="0.02"/>
  <testcase classname="org.jpwh.test.cache.SecondLevel" name="cacheQueryResults" time="0.021"/>
  <testcase classname="org.jpwh.test.bulkbatch.BulkStatementsCriteria" name="bulkDelete" time="0.033"/>
  <testcase classname="org.jpwh.test.bulkbatch.BulkStatementsCriteria" name="bulkUpdate" time="0.017"/>
  <testcase classname="org.jpwh.test.bulkbatch.BulkStatementsCriteria" name="bulkUpdateVersioned" time="0.019"/>
  <testcase classname="org.jpwh.test.bulkbatch.BulkStatementsJPQL" name="bulkDelete" time="0.01"/>
  <testcase classname="org.jpwh.test.bulkbatch.BulkStatementsJPQL" name="bulkInsert" time="0.018"/>
  <testcase classname="org.jpwh.test.bulkbatch.BulkStatementsJPQL" name="bulkUpdate" time="0.014"/>
  <testcase classname="org.jpwh.test.bulkbatch.BulkStatementsJPQL" name="bulkUpdateInheritance" time="0.012"/>
  <testcase classname="org.jpwh.test.bulkbatch.BulkStatementsJPQL" name="bulkUpdateVersioned" time="0.012"/>
  <testcase classname="org.jpwh.test.bulkbatch.BulkStatementsSQL" name="bulkUpdate" time="0.021"/>
  <testcase classname="org.jpwh.test.bulkbatch.BulkStatementsSQL" name="bulkUpdateHibernate" time="0.029"/>
  <testcase classname="org.jpwh.test.bulkbatch.BatchInsertUpdate" name="batchInsertUpdate" time="3.881"/>
  <testcase classname="org.jpwh.test.bulkbatch.BatchInsertUpdate" name="batchInsertUpdateWithStatelessSession" time="3.081"/>
</testsuite> <!-- Scaling -->
