-------------------------------------------------------------------------------
Test set: TestSuite
-------------------------------------------------------------------------------
Tests run: 316, Failures: 10, Errors: 0, Skipped: 166, Time elapsed: 45.24 sec <<< FAILURE!
beforeMethod(org.jpwh.test.simple.CRUDMetadataHBMXML)  Time elapsed: 0.278 sec  <<< FAILURE!
javax.persistence.PersistenceException: Unable to build entity manager factory
	at org.hibernate.jpa.HibernatePersistenceProvider.createEntityManagerFactory(HibernatePersistenceProvider.java:66)
	at javax.persistence.Persistence.createEntityManagerFactory(Persistence.java:55)
	at org.jpwh.env.JPASetup.<init>(JPASetup.java:62)
	at org.jpwh.env.JPATest.beforeMethod(JPATest.java:54)
	at java.base/jdk.internal.reflect.NativeMethodAccessorImpl.invoke0(Native Method)
	at java.base/jdk.internal.reflect.NativeMethodAccessorImpl.invoke(NativeMethodAccessorImpl.java:62)
	at java.base/jdk.internal.reflect.DelegatingMethodAccessorImpl.invoke(DelegatingMethodAccessorImpl.java:43)
	at java.base/java.lang.reflect.Method.invoke(Method.java:564)
	at org.testng.internal.MethodInvocationHelper.invokeMethod(MethodInvocationHelper.java:84)
	at org.testng.internal.Invoker.invokeConfigurationMethod(Invoker.java:564)
	at org.testng.internal.Invoker.invokeConfigurations(Invoker.java:213)
	at org.testng.internal.Invoker.invokeMethod(Invoker.java:653)
	at org.testng.internal.Invoker.invokeTestMethod(Invoker.java:901)
	at org.testng.internal.Invoker.invokeTestMethods(Invoker.java:1231)
	at org.testng.internal.TestMethodWorker.invokeTestMethods(TestMethodWorker.java:127)
	at org.testng.internal.TestMethodWorker.run(TestMethodWorker.java:111)
	at org.testng.TestRunner.privateRun(TestRunner.java:767)
	at org.testng.TestRunner.run(TestRunner.java:617)
	at org.testng.SuiteRunner.runTest(SuiteRunner.java:334)
	at org.testng.SuiteRunner.runSequentially(SuiteRunner.java:329)
	at org.testng.SuiteRunner.privateRun(SuiteRunner.java:291)
	at org.testng.SuiteRunner.run(SuiteRunner.java:240)
	at org.testng.SuiteRunnerWorker.runSuite(SuiteRunnerWorker.java:52)
	at org.testng.SuiteRunnerWorker.run(SuiteRunnerWorker.java:86)
	at org.testng.TestNG.runSuitesSequentially(TestNG.java:1224)
	at org.testng.TestNG.runSuitesLocally(TestNG.java:1149)
	at org.testng.TestNG.run(TestNG.java:1057)
	at org.apache.maven.surefire.testng.TestNGExecutor.run(TestNGExecutor.java:122)
	at org.apache.maven.surefire.testng.TestNGXmlTestSuite.execute(TestNGXmlTestSuite.java:92)
	at org.apache.maven.surefire.testng.TestNGProvider.invoke(TestNGProvider.java:101)
	at java.base/jdk.internal.reflect.NativeMethodAccessorImpl.invoke0(Native Method)
	at java.base/jdk.internal.reflect.NativeMethodAccessorImpl.invoke(NativeMethodAccessorImpl.java:62)
	at java.base/jdk.internal.reflect.DelegatingMethodAccessorImpl.invoke(DelegatingMethodAccessorImpl.java:43)
	at java.base/java.lang.reflect.Method.invoke(Method.java:564)
	at org.apache.maven.surefire.util.ReflectionUtils.invokeMethodWithArray(ReflectionUtils.java:164)
	at org.apache.maven.surefire.booter.ProviderFactory$ProviderProxy.invoke(ProviderFactory.java:110)
	at org.apache.maven.surefire.booter.SurefireStarter.invokeProvider(SurefireStarter.java:172)
	at org.apache.maven.surefire.booter.SurefireStarter.runSuitesInProcessWhenForked(SurefireStarter.java:104)
	at org.apache.maven.surefire.booter.ForkedBooter.main(ForkedBooter.java:70)
Caused by: org.hibernate.boot.InvalidMappingException: Could not parse mapping document: simple/Native.hbm.xml (RESOURCE)
	at org.hibernate.boot.jaxb.internal.InputStreamXmlSource.doBind(InputStreamXmlSource.java:46)
	at org.hibernate.boot.jaxb.internal.UrlXmlSource.doBind(UrlXmlSource.java:36)
	at org.hibernate.boot.spi.XmlMappingBinderAccess.bind(XmlMappingBinderAccess.java:59)
	at org.hibernate.boot.MetadataSources.addResource(MetadataSources.java:274)
	at org.hibernate.jpa.boot.internal.EntityManagerFactoryBuilderImpl.populate(EntityManagerFactoryBuilderImpl.java:668)
	at org.hibernate.jpa.boot.internal.EntityManagerFactoryBuilderImpl.<init>(EntityManagerFactoryBuilderImpl.java:175)
	at org.hibernate.jpa.boot.spi.Bootstrap.getEntityManagerFactoryBuilder(Bootstrap.java:34)
	at org.hibernate.jpa.HibernatePersistenceProvider.getEntityManagerFactoryBuilder(HibernatePersistenceProvider.java:165)
	at org.hibernate.jpa.HibernatePersistenceProvider.getEntityManagerFactoryBuilderOrNull(HibernatePersistenceProvider.java:114)
	at org.hibernate.jpa.HibernatePersistenceProvider.getEntityManagerFactoryBuilderOrNull(HibernatePersistenceProvider.java:71)
	at org.hibernate.jpa.HibernatePersistenceProvider.createEntityManagerFactory(HibernatePersistenceProvider.java:52)
	... 38 more
Caused by: org.hibernate.boot.MappingException: Unable to perform unmarshalling at line number 0 and column 0. Message: null : origin(simple/Native.hbm.xml)
	at org.hibernate.boot.jaxb.internal.AbstractBinder.jaxb(AbstractBinder.java:178)
	at org.hibernate.boot.jaxb.internal.MappingBinder.doBind(MappingBinder.java:57)
	at org.hibernate.boot.jaxb.internal.AbstractBinder.doBind(AbstractBinder.java:102)
	at org.hibernate.boot.jaxb.internal.AbstractBinder.bind(AbstractBinder.java:57)
	at org.hibernate.boot.jaxb.internal.InputStreamXmlSource.doBind(InputStreamXmlSource.java:43)
	... 48 more
Caused by: javax.xml.bind.JAXBException: Implementation of JAXB-API has not been found on module path or classpath.
 - with linked exception:
[java.lang.ClassNotFoundException: com.sun.xml.internal.bind.v2.ContextFactory]
	at javax.xml.bind.ContextFinder.newInstance(ContextFinder.java:278)
	at javax.xml.bind.ContextFinder.find(ContextFinder.java:421)
	at javax.xml.bind.JAXBContext.newInstance(JAXBContext.java:721)
	at javax.xml.bind.JAXBContext.newInstance(JAXBContext.java:662)
	at org.hibernate.boot.jaxb.internal.AbstractBinder.jaxb(AbstractBinder.java:162)
	... 52 more
Caused by: java.lang.ClassNotFoundException: com.sun.xml.internal.bind.v2.ContextFactory
	at java.base/jdk.internal.loader.BuiltinClassLoader.loadClass(BuiltinClassLoader.java:582)
	at java.base/jdk.internal.loader.ClassLoaders$AppClassLoader.loadClass(ClassLoaders.java:185)
	at java.base/java.lang.ClassLoader.loadClass(ClassLoader.java:496)
	at javax.xml.bind.ServiceLoaderUtil.nullSafeLoadClass(ServiceLoaderUtil.java:122)
	at javax.xml.bind.ServiceLoaderUtil.safeLoadClass(ServiceLoaderUtil.java:155)
	at javax.xml.bind.ContextFinder.newInstance(ContextFinder.java:276)
	... 56 more
Caused by: org.hibernate.boot.InvalidMappingException: Could not parse mapping document: simple/Native.hbm.xml (RESOURCE)
	at org.hibernate.boot.jaxb.internal.InputStreamXmlSource.doBind(InputStreamXmlSource.java:46)
	at org.hibernate.boot.jaxb.internal.UrlXmlSource.doBind(UrlXmlSource.java:36)
	at org.hibernate.boot.spi.XmlMappingBinderAccess.bind(XmlMappingBinderAccess.java:59)
	at org.hibernate.boot.MetadataSources.addResource(MetadataSources.java:274)
	at org.hibernate.jpa.boot.internal.EntityManagerFactoryBuilderImpl.populate(EntityManagerFactoryBuilderImpl.java:668)
	at org.hibernate.jpa.boot.internal.EntityManagerFactoryBuilderImpl.<init>(EntityManagerFactoryBuilderImpl.java:175)
	at org.hibernate.jpa.boot.spi.Bootstrap.getEntityManagerFactoryBuilder(Bootstrap.java:34)
	at org.hibernate.jpa.HibernatePersistenceProvider.getEntityManagerFactoryBuilder(HibernatePersistenceProvider.java:165)
	at org.hibernate.jpa.HibernatePersistenceProvider.getEntityManagerFactoryBuilderOrNull(HibernatePersistenceProvider.java:114)
	at org.hibernate.jpa.HibernatePersistenceProvider.getEntityManagerFactoryBuilderOrNull(HibernatePersistenceProvider.java:71)
	at org.hibernate.jpa.HibernatePersistenceProvider.createEntityManagerFactory(HibernatePersistenceProvider.java:52)
	... 38 more
Caused by: org.hibernate.boot.MappingException: Unable to perform unmarshalling at line number 0 and column 0. Message: null : origin(simple/Native.hbm.xml)
	at org.hibernate.boot.jaxb.internal.AbstractBinder.jaxb(AbstractBinder.java:178)
	at org.hibernate.boot.jaxb.internal.MappingBinder.doBind(MappingBinder.java:57)
	at org.hibernate.boot.jaxb.internal.AbstractBinder.doBind(AbstractBinder.java:102)
	at org.hibernate.boot.jaxb.internal.AbstractBinder.bind(AbstractBinder.java:57)
	at org.hibernate.boot.jaxb.internal.InputStreamXmlSource.doBind(InputStreamXmlSource.java:43)
	... 48 more
Caused by: javax.xml.bind.JAXBException: Implementation of JAXB-API has not been found on module path or classpath.
 - with linked exception:
[java.lang.ClassNotFoundException: com.sun.xml.internal.bind.v2.ContextFactory]
	at javax.xml.bind.ContextFinder.newInstance(ContextFinder.java:278)
	at javax.xml.bind.ContextFinder.find(ContextFinder.java:421)
	at javax.xml.bind.JAXBContext.newInstance(JAXBContext.java:721)
	at javax.xml.bind.JAXBContext.newInstance(JAXBContext.java:662)
	at org.hibernate.boot.jaxb.internal.AbstractBinder.jaxb(AbstractBinder.java:162)
	... 52 more
Caused by: java.lang.ClassNotFoundException: com.sun.xml.internal.bind.v2.ContextFactory
	at java.base/jdk.internal.loader.BuiltinClassLoader.loadClass(BuiltinClassLoader.java:582)
	at java.base/jdk.internal.loader.ClassLoaders$AppClassLoader.loadClass(ClassLoaders.java:185)
	at java.base/java.lang.ClassLoader.loadClass(ClassLoader.java:496)
	at javax.xml.bind.ServiceLoaderUtil.nullSafeLoadClass(ServiceLoaderUtil.java:122)
	at javax.xml.bind.ServiceLoaderUtil.safeLoadClass(ServiceLoaderUtil.java:155)
	at javax.xml.bind.ContextFinder.newInstance(ContextFinder.java:276)
	... 56 more
validateItem(org.jpwh.test.simple.ModelOperations)  Time elapsed: 0.002 sec  <<< FAILURE!
javax.validation.ValidationException: Unable to instantiate Configuration.
	at javax.validation.Validation$GenericBootstrapImpl.configure(Validation.java:279)
	at javax.validation.Validation.buildDefaultValidatorFactory(Validation.java:110)
	at org.jpwh.test.simple.ModelOperations.validateItem(ModelOperations.java:42)
Caused by: java.lang.ArrayIndexOutOfBoundsException: 1
	at org.hibernate.validator.internal.util.Version.getJavaRelease(Version.java:36)
	at org.hibernate.validator.internal.engine.ConfigurationImpl.<init>(ConfigurationImpl.java:119)
	at org.hibernate.validator.internal.engine.ConfigurationImpl.<init>(ConfigurationImpl.java:95)
	at org.hibernate.validator.HibernateValidator.createGenericConfiguration(HibernateValidator.java:31)
	at javax.validation.Validation$GenericBootstrapImpl.configure(Validation.java:276)
	... 35 more
beforeMethod(org.jpwh.test.inheritance.MixedFetchSelect)  Time elapsed: 0.123 sec  <<< FAILURE!
javax.persistence.PersistenceException: Unable to build entity manager factory
	at org.hibernate.jpa.HibernatePersistenceProvider.createEntityManagerFactory(HibernatePersistenceProvider.java:66)
	at javax.persistence.Persistence.createEntityManagerFactory(Persistence.java:55)
	at org.jpwh.env.JPASetup.<init>(JPASetup.java:62)
	at org.jpwh.env.JPATest.beforeMethod(JPATest.java:54)
	at jdk.internal.reflect.GeneratedMethodAccessor32.invoke(Unknown Source)
	at java.base/jdk.internal.reflect.DelegatingMethodAccessorImpl.invoke(DelegatingMethodAccessorImpl.java:43)
	at java.base/java.lang.reflect.Method.invoke(Method.java:564)
	at org.testng.internal.MethodInvocationHelper.invokeMethod(MethodInvocationHelper.java:84)
	at org.testng.internal.Invoker.invokeConfigurationMethod(Invoker.java:564)
	at org.testng.internal.Invoker.invokeConfigurations(Invoker.java:213)
	at org.testng.internal.Invoker.invokeMethod(Invoker.java:653)
	at org.testng.internal.Invoker.invokeTestMethod(Invoker.java:901)
	at org.testng.internal.Invoker.invokeTestMethods(Invoker.java:1231)
	at org.testng.internal.TestMethodWorker.invokeTestMethods(TestMethodWorker.java:127)
	at org.testng.internal.TestMethodWorker.run(TestMethodWorker.java:111)
	at org.testng.TestRunner.privateRun(TestRunner.java:767)
	at org.testng.TestRunner.run(TestRunner.java:617)
	at org.testng.SuiteRunner.runTest(SuiteRunner.java:334)
	at org.testng.SuiteRunner.runSequentially(SuiteRunner.java:329)
	at org.testng.SuiteRunner.privateRun(SuiteRunner.java:291)
	at org.testng.SuiteRunner.run(SuiteRunner.java:240)
	at org.testng.SuiteRunnerWorker.runSuite(SuiteRunnerWorker.java:52)
	at org.testng.SuiteRunnerWorker.run(SuiteRunnerWorker.java:86)
	at org.testng.TestNG.runSuitesSequentially(TestNG.java:1224)
	at org.testng.TestNG.runSuitesLocally(TestNG.java:1149)
	at org.testng.TestNG.run(TestNG.java:1057)
	at org.apache.maven.surefire.testng.TestNGExecutor.run(TestNGExecutor.java:122)
	at org.apache.maven.surefire.testng.TestNGXmlTestSuite.execute(TestNGXmlTestSuite.java:92)
	at org.apache.maven.surefire.testng.TestNGProvider.invoke(TestNGProvider.java:101)
	at java.base/jdk.internal.reflect.NativeMethodAccessorImpl.invoke0(Native Method)
	at java.base/jdk.internal.reflect.NativeMethodAccessorImpl.invoke(NativeMethodAccessorImpl.java:62)
	at java.base/jdk.internal.reflect.DelegatingMethodAccessorImpl.invoke(DelegatingMethodAccessorImpl.java:43)
	at java.base/java.lang.reflect.Method.invoke(Method.java:564)
	at org.apache.maven.surefire.util.ReflectionUtils.invokeMethodWithArray(ReflectionUtils.java:164)
	at org.apache.maven.surefire.booter.ProviderFactory$ProviderProxy.invoke(ProviderFactory.java:110)
	at org.apache.maven.surefire.booter.SurefireStarter.invokeProvider(SurefireStarter.java:172)
	at org.apache.maven.surefire.booter.SurefireStarter.runSuitesInProcessWhenForked(SurefireStarter.java:104)
	at org.apache.maven.surefire.booter.ForkedBooter.main(ForkedBooter.java:70)
Caused by: org.hibernate.boot.InvalidMappingException: Could not parse mapping document: inheritance/mixed/FetchSelect.hbm.xml (RESOURCE)
	at org.hibernate.boot.jaxb.internal.InputStreamXmlSource.doBind(InputStreamXmlSource.java:46)
	at org.hibernate.boot.jaxb.internal.UrlXmlSource.doBind(UrlXmlSource.java:36)
	at org.hibernate.boot.spi.XmlMappingBinderAccess.bind(XmlMappingBinderAccess.java:59)
	at org.hibernate.boot.MetadataSources.addResource(MetadataSources.java:274)
	at org.hibernate.jpa.boot.internal.EntityManagerFactoryBuilderImpl.populate(EntityManagerFactoryBuilderImpl.java:668)
	at org.hibernate.jpa.boot.internal.EntityManagerFactoryBuilderImpl.<init>(EntityManagerFactoryBuilderImpl.java:175)
	at org.hibernate.jpa.boot.spi.Bootstrap.getEntityManagerFactoryBuilder(Bootstrap.java:34)
	at org.hibernate.jpa.HibernatePersistenceProvider.getEntityManagerFactoryBuilder(HibernatePersistenceProvider.java:165)
	at org.hibernate.jpa.HibernatePersistenceProvider.getEntityManagerFactoryBuilderOrNull(HibernatePersistenceProvider.java:114)
	at org.hibernate.jpa.HibernatePersistenceProvider.getEntityManagerFactoryBuilderOrNull(HibernatePersistenceProvider.java:71)
	at org.hibernate.jpa.HibernatePersistenceProvider.createEntityManagerFactory(HibernatePersistenceProvider.java:52)
	... 37 more
Caused by: org.hibernate.boot.MappingException: Unable to perform unmarshalling at line number 0 and column 0. Message: null : origin(inheritance/mixed/FetchSelect.hbm.xml)
	at org.hibernate.boot.jaxb.internal.AbstractBinder.jaxb(AbstractBinder.java:178)
	at org.hibernate.boot.jaxb.internal.MappingBinder.doBind(MappingBinder.java:57)
	at org.hibernate.boot.jaxb.internal.AbstractBinder.doBind(AbstractBinder.java:102)
	at org.hibernate.boot.jaxb.internal.AbstractBinder.bind(AbstractBinder.java:57)
	at org.hibernate.boot.jaxb.internal.InputStreamXmlSource.doBind(InputStreamXmlSource.java:43)
	... 47 more
Caused by: javax.xml.bind.JAXBException: Implementation of JAXB-API has not been found on module path or classpath.
 - with linked exception:
[java.lang.ClassNotFoundException: com.sun.xml.internal.bind.v2.ContextFactory]
	at javax.xml.bind.ContextFinder.newInstance(ContextFinder.java:278)
	at javax.xml.bind.ContextFinder.find(ContextFinder.java:421)
	at javax.xml.bind.JAXBContext.newInstance(JAXBContext.java:721)
	at javax.xml.bind.JAXBContext.newInstance(JAXBContext.java:662)
	at org.hibernate.boot.jaxb.internal.AbstractBinder.jaxb(AbstractBinder.java:162)
	... 51 more
Caused by: java.lang.ClassNotFoundException: com.sun.xml.internal.bind.v2.ContextFactory
	at java.base/jdk.internal.loader.BuiltinClassLoader.loadClass(BuiltinClassLoader.java:582)
	at java.base/jdk.internal.loader.ClassLoaders$AppClassLoader.loadClass(ClassLoaders.java:185)
	at java.base/java.lang.ClassLoader.loadClass(ClassLoader.java:496)
	at javax.xml.bind.ServiceLoaderUtil.nullSafeLoadClass(ServiceLoaderUtil.java:122)
	at javax.xml.bind.ServiceLoaderUtil.safeLoadClass(ServiceLoaderUtil.java:155)
	at javax.xml.bind.ContextFinder.newInstance(ContextFinder.java:276)
	... 55 more
Caused by: org.hibernate.boot.InvalidMappingException: Could not parse mapping document: inheritance/mixed/FetchSelect.hbm.xml (RESOURCE)
	at org.hibernate.boot.jaxb.internal.InputStreamXmlSource.doBind(InputStreamXmlSource.java:46)
	at org.hibernate.boot.jaxb.internal.UrlXmlSource.doBind(UrlXmlSource.java:36)
	at org.hibernate.boot.spi.XmlMappingBinderAccess.bind(XmlMappingBinderAccess.java:59)
	at org.hibernate.boot.MetadataSources.addResource(MetadataSources.java:274)
	at org.hibernate.jpa.boot.internal.EntityManagerFactoryBuilderImpl.populate(EntityManagerFactoryBuilderImpl.java:668)
	at org.hibernate.jpa.boot.internal.EntityManagerFactoryBuilderImpl.<init>(EntityManagerFactoryBuilderImpl.java:175)
	at org.hibernate.jpa.boot.spi.Bootstrap.getEntityManagerFactoryBuilder(Bootstrap.java:34)
	at org.hibernate.jpa.HibernatePersistenceProvider.getEntityManagerFactoryBuilder(HibernatePersistenceProvider.java:165)
	at org.hibernate.jpa.HibernatePersistenceProvider.getEntityManagerFactoryBuilderOrNull(HibernatePersistenceProvider.java:114)
	at org.hibernate.jpa.HibernatePersistenceProvider.getEntityManagerFactoryBuilderOrNull(HibernatePersistenceProvider.java:71)
	at org.hibernate.jpa.HibernatePersistenceProvider.createEntityManagerFactory(HibernatePersistenceProvider.java:52)
	... 37 more
Caused by: org.hibernate.boot.MappingException: Unable to perform unmarshalling at line number 0 and column 0. Message: null : origin(inheritance/mixed/FetchSelect.hbm.xml)
	at org.hibernate.boot.jaxb.internal.AbstractBinder.jaxb(AbstractBinder.java:178)
	at org.hibernate.boot.jaxb.internal.MappingBinder.doBind(MappingBinder.java:57)
	at org.hibernate.boot.jaxb.internal.AbstractBinder.doBind(AbstractBinder.java:102)
	at org.hibernate.boot.jaxb.internal.AbstractBinder.bind(AbstractBinder.java:57)
	at org.hibernate.boot.jaxb.internal.InputStreamXmlSource.doBind(InputStreamXmlSource.java:43)
	... 47 more
Caused by: javax.xml.bind.JAXBException: Implementation of JAXB-API has not been found on module path or classpath.
 - with linked exception:
[java.lang.ClassNotFoundException: com.sun.xml.internal.bind.v2.ContextFactory]
	at javax.xml.bind.ContextFinder.newInstance(ContextFinder.java:278)
	at javax.xml.bind.ContextFinder.find(ContextFinder.java:421)
	at javax.xml.bind.JAXBContext.newInstance(JAXBContext.java:721)
	at javax.xml.bind.JAXBContext.newInstance(JAXBContext.java:662)
	at org.hibernate.boot.jaxb.internal.AbstractBinder.jaxb(AbstractBinder.java:162)
	... 51 more
Caused by: java.lang.ClassNotFoundException: com.sun.xml.internal.bind.v2.ContextFactory
	at java.base/jdk.internal.loader.BuiltinClassLoader.loadClass(BuiltinClassLoader.java:582)
	at java.base/jdk.internal.loader.ClassLoaders$AppClassLoader.loadClass(ClassLoaders.java:185)
	at java.base/java.lang.ClassLoader.loadClass(ClassLoader.java:496)
	at javax.xml.bind.ServiceLoaderUtil.nullSafeLoadClass(ServiceLoaderUtil.java:122)
	at javax.xml.bind.ServiceLoaderUtil.safeLoadClass(ServiceLoaderUtil.java:155)
	at javax.xml.bind.ContextFinder.newInstance(ContextFinder.java:276)
	... 55 more
storeAndLoadUserAddress(org.jpwh.test.associations.OneToOneJoinTable)  Time elapsed: 0.003 sec  <<< FAILURE!
javax.persistence.PersistenceException: org.hibernate.PropertyValueException: not-null property references a null or transient value : org.jpwh.model.associations.onetoone.jointable.Shipment.auction
	at org.hibernate.jpa.spi.AbstractEntityManagerImpl.convert(AbstractEntityManagerImpl.java:1692)
	at org.hibernate.jpa.spi.AbstractEntityManagerImpl.convert(AbstractEntityManagerImpl.java:1602)
	at org.hibernate.jpa.spi.AbstractEntityManagerImpl.convert(AbstractEntityManagerImpl.java:1608)
	at org.hibernate.jpa.spi.AbstractEntityManagerImpl.persist(AbstractEntityManagerImpl.java:1152)
	at org.jpwh.test.associations.OneToOneJoinTable.storeAndLoadUserAddress(OneToOneJoinTable.java:30)
Caused by: org.hibernate.PropertyValueException: not-null property references a null or transient value : org.jpwh.model.associations.onetoone.jointable.Shipment.auction
	at org.hibernate.engine.internal.Nullability.checkNullability(Nullability.java:92)
	at org.hibernate.action.internal.AbstractEntityInsertAction.nullifyTransientReferencesIfNotAlready(AbstractEntityInsertAction.java:115)
	at org.hibernate.action.internal.AbstractEntityInsertAction.makeEntityManaged(AbstractEntityInsertAction.java:124)
	at org.hibernate.engine.spi.ActionQueue.addResolvedEntityInsertAction(ActionQueue.java:185)
	at org.hibernate.engine.spi.ActionQueue.addInsertAction(ActionQueue.java:163)
	at org.hibernate.engine.spi.ActionQueue.addAction(ActionQueue.java:150)
	at org.hibernate.event.internal.AbstractSaveEventListener.addInsertAction(AbstractSaveEventListener.java:325)
	at org.hibernate.event.internal.AbstractSaveEventListener.performSaveOrReplicate(AbstractSaveEventListener.java:272)
	at org.hibernate.event.internal.AbstractSaveEventListener.performSave(AbstractSaveEventListener.java:178)
	at org.hibernate.event.internal.AbstractSaveEventListener.saveWithGeneratedId(AbstractSaveEventListener.java:121)
	at org.hibernate.jpa.event.internal.core.JpaPersistEventListener.saveWithGeneratedId(JpaPersistEventListener.java:67)
	at org.hibernate.event.internal.DefaultPersistEventListener.entityIsTransient(DefaultPersistEventListener.java:189)
	at org.hibernate.event.internal.DefaultPersistEventListener.onPersist(DefaultPersistEventListener.java:132)
	at org.hibernate.event.internal.DefaultPersistEventListener.onPersist(DefaultPersistEventListener.java:58)
	at org.hibernate.internal.SessionImpl.firePersist(SessionImpl.java:774)
	at org.hibernate.internal.SessionImpl.persist(SessionImpl.java:747)
	at org.hibernate.internal.SessionImpl.persist(SessionImpl.java:752)
	at org.hibernate.jpa.spi.AbstractEntityManagerImpl.persist(AbstractEntityManagerImpl.java:1146)
	... 34 more
storeAndLoadItemUsers(org.jpwh.test.associations.OneToManyJoinTable)  Time elapsed: 0.002 sec  <<< FAILURE!
javax.persistence.PersistenceException: org.hibernate.PropertyValueException: not-null property references a null or transient value : org.jpwh.model.associations.onetomany.jointable.Item.buyer
	at org.hibernate.jpa.spi.AbstractEntityManagerImpl.convert(AbstractEntityManagerImpl.java:1692)
	at org.hibernate.jpa.spi.AbstractEntityManagerImpl.convert(AbstractEntityManagerImpl.java:1602)
	at org.hibernate.jpa.spi.AbstractEntityManagerImpl.convert(AbstractEntityManagerImpl.java:1608)
	at org.hibernate.jpa.spi.AbstractEntityManagerImpl.persist(AbstractEntityManagerImpl.java:1152)
	at org.jpwh.test.associations.OneToManyJoinTable.storeAndLoadItemUsers(OneToManyJoinTable.java:30)
Caused by: org.hibernate.PropertyValueException: not-null property references a null or transient value : org.jpwh.model.associations.onetomany.jointable.Item.buyer
	at org.hibernate.engine.internal.Nullability.checkNullability(Nullability.java:92)
	at org.hibernate.action.internal.AbstractEntityInsertAction.nullifyTransientReferencesIfNotAlready(AbstractEntityInsertAction.java:115)
	at org.hibernate.action.internal.AbstractEntityInsertAction.makeEntityManaged(AbstractEntityInsertAction.java:124)
	at org.hibernate.engine.spi.ActionQueue.addResolvedEntityInsertAction(ActionQueue.java:185)
	at org.hibernate.engine.spi.ActionQueue.addInsertAction(ActionQueue.java:163)
	at org.hibernate.engine.spi.ActionQueue.addAction(ActionQueue.java:150)
	at org.hibernate.event.internal.AbstractSaveEventListener.addInsertAction(AbstractSaveEventListener.java:325)
	at org.hibernate.event.internal.AbstractSaveEventListener.performSaveOrReplicate(AbstractSaveEventListener.java:272)
	at org.hibernate.event.internal.AbstractSaveEventListener.performSave(AbstractSaveEventListener.java:178)
	at org.hibernate.event.internal.AbstractSaveEventListener.saveWithGeneratedId(AbstractSaveEventListener.java:121)
	at org.hibernate.jpa.event.internal.core.JpaPersistEventListener.saveWithGeneratedId(JpaPersistEventListener.java:67)
	at org.hibernate.event.internal.DefaultPersistEventListener.entityIsTransient(DefaultPersistEventListener.java:189)
	at org.hibernate.event.internal.DefaultPersistEventListener.onPersist(DefaultPersistEventListener.java:132)
	at org.hibernate.event.internal.DefaultPersistEventListener.onPersist(DefaultPersistEventListener.java:58)
	at org.hibernate.internal.SessionImpl.firePersist(SessionImpl.java:774)
	at org.hibernate.internal.SessionImpl.persist(SessionImpl.java:747)
	at org.hibernate.internal.SessionImpl.persist(SessionImpl.java:752)
	at org.hibernate.jpa.spi.AbstractEntityManagerImpl.persist(AbstractEntityManagerImpl.java:1146)
	... 34 more
storeAndLoadUserAddress(org.jpwh.test.associations.OneToOneSharedPrimaryKey)  Time elapsed: 0.003 sec  <<< FAILURE!
javax.persistence.PersistenceException: org.hibernate.PropertyValueException: not-null property references a null or transient value : org.jpwh.model.associations.onetoone.sharedprimarykey.User.shippingAddress
	at org.hibernate.jpa.spi.AbstractEntityManagerImpl.convert(AbstractEntityManagerImpl.java:1692)
	at org.hibernate.jpa.spi.AbstractEntityManagerImpl.convert(AbstractEntityManagerImpl.java:1602)
	at org.hibernate.jpa.spi.AbstractEntityManagerImpl.convert(AbstractEntityManagerImpl.java:1608)
	at org.hibernate.jpa.spi.AbstractEntityManagerImpl.persist(AbstractEntityManagerImpl.java:1152)
	at org.jpwh.test.associations.OneToOneSharedPrimaryKey.storeAndLoadUserAddress(OneToOneSharedPrimaryKey.java:39)
Caused by: org.hibernate.PropertyValueException: not-null property references a null or transient value : org.jpwh.model.associations.onetoone.sharedprimarykey.User.shippingAddress
	at org.hibernate.engine.internal.Nullability.checkNullability(Nullability.java:92)
	at org.hibernate.action.internal.AbstractEntityInsertAction.nullifyTransientReferencesIfNotAlready(AbstractEntityInsertAction.java:115)
	at org.hibernate.action.internal.AbstractEntityInsertAction.makeEntityManaged(AbstractEntityInsertAction.java:124)
	at org.hibernate.engine.spi.ActionQueue.addResolvedEntityInsertAction(ActionQueue.java:185)
	at org.hibernate.engine.spi.ActionQueue.addInsertAction(ActionQueue.java:163)
	at org.hibernate.engine.spi.ActionQueue.addAction(ActionQueue.java:150)
	at org.hibernate.event.internal.AbstractSaveEventListener.addInsertAction(AbstractSaveEventListener.java:325)
	at org.hibernate.event.internal.AbstractSaveEventListener.performSaveOrReplicate(AbstractSaveEventListener.java:272)
	at org.hibernate.event.internal.AbstractSaveEventListener.performSave(AbstractSaveEventListener.java:178)
	at org.hibernate.event.internal.AbstractSaveEventListener.saveWithGeneratedId(AbstractSaveEventListener.java:121)
	at org.hibernate.jpa.event.internal.core.JpaPersistEventListener.saveWithGeneratedId(JpaPersistEventListener.java:67)
	at org.hibernate.event.internal.DefaultPersistEventListener.entityIsTransient(DefaultPersistEventListener.java:189)
	at org.hibernate.event.internal.DefaultPersistEventListener.onPersist(DefaultPersistEventListener.java:132)
	at org.hibernate.event.internal.DefaultPersistEventListener.onPersist(DefaultPersistEventListener.java:58)
	at org.hibernate.internal.SessionImpl.firePersist(SessionImpl.java:774)
	at org.hibernate.internal.SessionImpl.persist(SessionImpl.java:747)
	at org.hibernate.internal.SessionImpl.persist(SessionImpl.java:752)
	at org.hibernate.jpa.spi.AbstractEntityManagerImpl.persist(AbstractEntityManagerImpl.java:1146)
	... 34 more
storeAndLoadUsers(org.jpwh.test.complexschemas.SecondaryTable)  Time elapsed: 0.002 sec  <<< FAILURE!
javax.persistence.PersistenceException: org.hibernate.PropertyValueException: not-null property references a null or transient value : org.jpwh.model.complexschemas.secondarytable.User.billingAddress
	at org.hibernate.jpa.spi.AbstractEntityManagerImpl.convert(AbstractEntityManagerImpl.java:1692)
	at org.hibernate.jpa.spi.AbstractEntityManagerImpl.convert(AbstractEntityManagerImpl.java:1602)
	at org.hibernate.jpa.spi.AbstractEntityManagerImpl.convert(AbstractEntityManagerImpl.java:1608)
	at org.hibernate.jpa.spi.AbstractEntityManagerImpl.persist(AbstractEntityManagerImpl.java:1152)
	at org.jpwh.test.complexschemas.SecondaryTable.storeAndLoadUsers(SecondaryTable.java:32)
Caused by: org.hibernate.PropertyValueException: not-null property references a null or transient value : org.jpwh.model.complexschemas.secondarytable.User.billingAddress
	at org.hibernate.engine.internal.Nullability.checkNullability(Nullability.java:92)
	at org.hibernate.action.internal.AbstractEntityInsertAction.nullifyTransientReferencesIfNotAlready(AbstractEntityInsertAction.java:115)
	at org.hibernate.action.internal.AbstractEntityInsertAction.makeEntityManaged(AbstractEntityInsertAction.java:124)
	at org.hibernate.engine.spi.ActionQueue.addResolvedEntityInsertAction(ActionQueue.java:185)
	at org.hibernate.engine.spi.ActionQueue.addInsertAction(ActionQueue.java:163)
	at org.hibernate.engine.spi.ActionQueue.addAction(ActionQueue.java:150)
	at org.hibernate.event.internal.AbstractSaveEventListener.addInsertAction(AbstractSaveEventListener.java:325)
	at org.hibernate.event.internal.AbstractSaveEventListener.performSaveOrReplicate(AbstractSaveEventListener.java:272)
	at org.hibernate.event.internal.AbstractSaveEventListener.performSave(AbstractSaveEventListener.java:178)
	at org.hibernate.event.internal.AbstractSaveEventListener.saveWithGeneratedId(AbstractSaveEventListener.java:121)
	at org.hibernate.jpa.event.internal.core.JpaPersistEventListener.saveWithGeneratedId(JpaPersistEventListener.java:67)
	at org.hibernate.event.internal.DefaultPersistEventListener.entityIsTransient(DefaultPersistEventListener.java:189)
	at org.hibernate.event.internal.DefaultPersistEventListener.onPersist(DefaultPersistEventListener.java:132)
	at org.hibernate.event.internal.DefaultPersistEventListener.onPersist(DefaultPersistEventListener.java:58)
	at org.hibernate.internal.SessionImpl.firePersist(SessionImpl.java:774)
	at org.hibernate.internal.SessionImpl.persist(SessionImpl.java:747)
	at org.hibernate.internal.SessionImpl.persist(SessionImpl.java:752)
	at org.hibernate.jpa.spi.AbstractEntityManagerImpl.persist(AbstractEntityManagerImpl.java:1146)
	... 34 more
beforeMethod(org.jpwh.test.filtering.Envers)  Time elapsed: 0.101 sec  <<< FAILURE!
javax.persistence.PersistenceException: Unable to build entity manager factory
	at org.hibernate.jpa.HibernatePersistenceProvider.createEntityManagerFactory(HibernatePersistenceProvider.java:66)
	at javax.persistence.Persistence.createEntityManagerFactory(Persistence.java:55)
	at org.jpwh.env.JPASetup.<init>(JPASetup.java:62)
	at org.jpwh.env.JPATest.beforeMethod(JPATest.java:54)
	at jdk.internal.reflect.GeneratedMethodAccessor32.invoke(Unknown Source)
	at java.base/jdk.internal.reflect.DelegatingMethodAccessorImpl.invoke(DelegatingMethodAccessorImpl.java:43)
	at java.base/java.lang.reflect.Method.invoke(Method.java:564)
	at org.testng.internal.MethodInvocationHelper.invokeMethod(MethodInvocationHelper.java:84)
	at org.testng.internal.Invoker.invokeConfigurationMethod(Invoker.java:564)
	at org.testng.internal.Invoker.invokeConfigurations(Invoker.java:213)
	at org.testng.internal.Invoker.invokeMethod(Invoker.java:653)
	at org.testng.internal.Invoker.invokeTestMethod(Invoker.java:901)
	at org.testng.internal.Invoker.invokeTestMethods(Invoker.java:1231)
	at org.testng.internal.TestMethodWorker.invokeTestMethods(TestMethodWorker.java:127)
	at org.testng.internal.TestMethodWorker.run(TestMethodWorker.java:111)
	at org.testng.TestRunner.privateRun(TestRunner.java:767)
	at org.testng.TestRunner.run(TestRunner.java:617)
	at org.testng.SuiteRunner.runTest(SuiteRunner.java:334)
	at org.testng.SuiteRunner.runSequentially(SuiteRunner.java:329)
	at org.testng.SuiteRunner.privateRun(SuiteRunner.java:291)
	at org.testng.SuiteRunner.run(SuiteRunner.java:240)
	at org.testng.SuiteRunnerWorker.runSuite(SuiteRunnerWorker.java:52)
	at org.testng.SuiteRunnerWorker.run(SuiteRunnerWorker.java:86)
	at org.testng.TestNG.runSuitesSequentially(TestNG.java:1224)
	at org.testng.TestNG.runSuitesLocally(TestNG.java:1149)
	at org.testng.TestNG.run(TestNG.java:1057)
	at org.apache.maven.surefire.testng.TestNGExecutor.run(TestNGExecutor.java:122)
	at org.apache.maven.surefire.testng.TestNGXmlTestSuite.execute(TestNGXmlTestSuite.java:92)
	at org.apache.maven.surefire.testng.TestNGProvider.invoke(TestNGProvider.java:101)
	at java.base/jdk.internal.reflect.NativeMethodAccessorImpl.invoke0(Native Method)
	at java.base/jdk.internal.reflect.NativeMethodAccessorImpl.invoke(NativeMethodAccessorImpl.java:62)
	at java.base/jdk.internal.reflect.DelegatingMethodAccessorImpl.invoke(DelegatingMethodAccessorImpl.java:43)
	at java.base/java.lang.reflect.Method.invoke(Method.java:564)
	at org.apache.maven.surefire.util.ReflectionUtils.invokeMethodWithArray(ReflectionUtils.java:164)
	at org.apache.maven.surefire.booter.ProviderFactory$ProviderProxy.invoke(ProviderFactory.java:110)
	at org.apache.maven.surefire.booter.SurefireStarter.invokeProvider(SurefireStarter.java:172)
	at org.apache.maven.surefire.booter.SurefireStarter.runSuitesInProcessWhenForked(SurefireStarter.java:104)
	at org.apache.maven.surefire.booter.ForkedBooter.main(ForkedBooter.java:70)
Caused by: org.hibernate.boot.MappingException: Unable to perform unmarshalling at line number 0 and column 0. Message: null : origin(envers)
	at org.hibernate.boot.jaxb.internal.AbstractBinder.jaxb(AbstractBinder.java:178)
	at org.hibernate.boot.jaxb.internal.MappingBinder.doBind(MappingBinder.java:57)
	at org.hibernate.boot.jaxb.internal.AbstractBinder.doBind(AbstractBinder.java:102)
	at org.hibernate.boot.jaxb.internal.AbstractBinder.bind(AbstractBinder.java:57)
	at org.hibernate.envers.boot.internal.AdditionalJaxbMappingProducerImpl$1.addDocument(AdditionalJaxbMappingProducerImpl.java:92)
	at org.hibernate.envers.configuration.internal.EntitiesConfigurator.configure(EntitiesConfigurator.java:110)
	at org.hibernate.envers.boot.internal.EnversServiceImpl.doInitialize(EnversServiceImpl.java:152)
	at org.hibernate.envers.boot.internal.EnversServiceImpl.initialize(EnversServiceImpl.java:117)
	at org.hibernate.envers.boot.internal.AdditionalJaxbMappingProducerImpl.produceAdditionalMappings(AdditionalJaxbMappingProducerImpl.java:99)
	at org.hibernate.boot.model.process.spi.MetadataBuildingProcess.complete(MetadataBuildingProcess.java:288)
	at org.hibernate.jpa.boot.internal.EntityManagerFactoryBuilderImpl.metadata(EntityManagerFactoryBuilderImpl.java:770)
	at org.hibernate.jpa.boot.internal.EntityManagerFactoryBuilderImpl.build(EntityManagerFactoryBuilderImpl.java:797)
	at org.hibernate.jpa.HibernatePersistenceProvider.createEntityManagerFactory(HibernatePersistenceProvider.java:58)
	... 37 more
Caused by: javax.xml.bind.JAXBException: Implementation of JAXB-API has not been found on module path or classpath.
 - with linked exception:
[java.lang.ClassNotFoundException: com.sun.xml.internal.bind.v2.ContextFactory]
	at javax.xml.bind.ContextFinder.newInstance(ContextFinder.java:278)
	at javax.xml.bind.ContextFinder.find(ContextFinder.java:421)
	at javax.xml.bind.JAXBContext.newInstance(JAXBContext.java:721)
	at javax.xml.bind.JAXBContext.newInstance(JAXBContext.java:662)
	at org.hibernate.boot.jaxb.internal.AbstractBinder.jaxb(AbstractBinder.java:162)
	... 49 more
Caused by: java.lang.ClassNotFoundException: com.sun.xml.internal.bind.v2.ContextFactory
	at java.base/jdk.internal.loader.BuiltinClassLoader.loadClass(BuiltinClassLoader.java:582)
	at java.base/jdk.internal.loader.ClassLoaders$AppClassLoader.loadClass(ClassLoaders.java:185)
	at java.base/java.lang.ClassLoader.loadClass(ClassLoader.java:496)
	at javax.xml.bind.ServiceLoaderUtil.nullSafeLoadClass(ServiceLoaderUtil.java:122)
	at javax.xml.bind.ServiceLoaderUtil.safeLoadClass(ServiceLoaderUtil.java:155)
	at javax.xml.bind.ContextFinder.newInstance(ContextFinder.java:276)
	... 53 more
Caused by: org.hibernate.boot.MappingException: Unable to perform unmarshalling at line number 0 and column 0. Message: null : origin(envers)
	at org.hibernate.boot.jaxb.internal.AbstractBinder.jaxb(AbstractBinder.java:178)
	at org.hibernate.boot.jaxb.internal.MappingBinder.doBind(MappingBinder.java:57)
	at org.hibernate.boot.jaxb.internal.AbstractBinder.doBind(AbstractBinder.java:102)
	at org.hibernate.boot.jaxb.internal.AbstractBinder.bind(AbstractBinder.java:57)
	at org.hibernate.envers.boot.internal.AdditionalJaxbMappingProducerImpl$1.addDocument(AdditionalJaxbMappingProducerImpl.java:92)
	at org.hibernate.envers.configuration.internal.EntitiesConfigurator.configure(EntitiesConfigurator.java:110)
	at org.hibernate.envers.boot.internal.EnversServiceImpl.doInitialize(EnversServiceImpl.java:152)
	at org.hibernate.envers.boot.internal.EnversServiceImpl.initialize(EnversServiceImpl.java:117)
	at org.hibernate.envers.boot.internal.AdditionalJaxbMappingProducerImpl.produceAdditionalMappings(AdditionalJaxbMappingProducerImpl.java:99)
	at org.hibernate.boot.model.process.spi.MetadataBuildingProcess.complete(MetadataBuildingProcess.java:288)
	at org.hibernate.jpa.boot.internal.EntityManagerFactoryBuilderImpl.metadata(EntityManagerFactoryBuilderImpl.java:770)
	at org.hibernate.jpa.boot.internal.EntityManagerFactoryBuilderImpl.build(EntityManagerFactoryBuilderImpl.java:797)
	at org.hibernate.jpa.HibernatePersistenceProvider.createEntityManagerFactory(HibernatePersistenceProvider.java:58)
	... 37 more
Caused by: javax.xml.bind.JAXBException: Implementation of JAXB-API has not been found on module path or classpath.
 - with linked exception:
[java.lang.ClassNotFoundException: com.sun.xml.internal.bind.v2.ContextFactory]
	at javax.xml.bind.ContextFinder.newInstance(ContextFinder.java:278)
	at javax.xml.bind.ContextFinder.find(ContextFinder.java:421)
	at javax.xml.bind.JAXBContext.newInstance(JAXBContext.java:721)
	at javax.xml.bind.JAXBContext.newInstance(JAXBContext.java:662)
	at org.hibernate.boot.jaxb.internal.AbstractBinder.jaxb(AbstractBinder.java:162)
	... 49 more
Caused by: java.lang.ClassNotFoundException: com.sun.xml.internal.bind.v2.ContextFactory
	at java.base/jdk.internal.loader.BuiltinClassLoader.loadClass(BuiltinClassLoader.java:582)
	at java.base/jdk.internal.loader.ClassLoaders$AppClassLoader.loadClass(ClassLoaders.java:185)
	at java.base/java.lang.ClassLoader.loadClass(ClassLoader.java:496)
	at javax.xml.bind.ServiceLoaderUtil.nullSafeLoadClass(ServiceLoaderUtil.java:122)
	at javax.xml.bind.ServiceLoaderUtil.safeLoadClass(ServiceLoaderUtil.java:155)
	at javax.xml.bind.ContextFinder.newInstance(ContextFinder.java:276)
	... 53 more
beforeMethod(org.jpwh.test.querying.CreateExecuteQueries)  Time elapsed: 0.011 sec  <<< FAILURE!
javax.persistence.PersistenceException: Unable to build entity manager factory
	at org.hibernate.jpa.HibernatePersistenceProvider.createEntityManagerFactory(HibernatePersistenceProvider.java:66)
	at javax.persistence.Persistence.createEntityManagerFactory(Persistence.java:55)
	at org.jpwh.env.JPASetup.<init>(JPASetup.java:62)
	at org.jpwh.env.JPATest.beforeMethod(JPATest.java:54)
	at jdk.internal.reflect.GeneratedMethodAccessor32.invoke(Unknown Source)
	at java.base/jdk.internal.reflect.DelegatingMethodAccessorImpl.invoke(DelegatingMethodAccessorImpl.java:43)
	at java.base/java.lang.reflect.Method.invoke(Method.java:564)
	at org.testng.internal.MethodInvocationHelper.invokeMethod(MethodInvocationHelper.java:84)
	at org.testng.internal.Invoker.invokeConfigurationMethod(Invoker.java:564)
	at org.testng.internal.Invoker.invokeConfigurations(Invoker.java:213)
	at org.testng.internal.Invoker.invokeMethod(Invoker.java:653)
	at org.testng.internal.Invoker.invokeTestMethod(Invoker.java:901)
	at org.testng.internal.Invoker.invokeTestMethods(Invoker.java:1231)
	at org.testng.internal.TestMethodWorker.invokeTestMethods(TestMethodWorker.java:127)
	at org.testng.internal.TestMethodWorker.run(TestMethodWorker.java:111)
	at org.testng.TestRunner.privateRun(TestRunner.java:767)
	at org.testng.TestRunner.run(TestRunner.java:617)
	at org.testng.SuiteRunner.runTest(SuiteRunner.java:334)
	at org.testng.SuiteRunner.runSequentially(SuiteRunner.java:329)
	at org.testng.SuiteRunner.privateRun(SuiteRunner.java:291)
	at org.testng.SuiteRunner.run(SuiteRunner.java:240)
	at org.testng.SuiteRunnerWorker.runSuite(SuiteRunnerWorker.java:52)
	at org.testng.SuiteRunnerWorker.run(SuiteRunnerWorker.java:86)
	at org.testng.TestNG.runSuitesSequentially(TestNG.java:1224)
	at org.testng.TestNG.runSuitesLocally(TestNG.java:1149)
	at org.testng.TestNG.run(TestNG.java:1057)
	at org.apache.maven.surefire.testng.TestNGExecutor.run(TestNGExecutor.java:122)
	at org.apache.maven.surefire.testng.TestNGXmlTestSuite.execute(TestNGXmlTestSuite.java:92)
	at org.apache.maven.surefire.testng.TestNGProvider.invoke(TestNGProvider.java:101)
	at java.base/jdk.internal.reflect.NativeMethodAccessorImpl.invoke0(Native Method)
	at java.base/jdk.internal.reflect.NativeMethodAccessorImpl.invoke(NativeMethodAccessorImpl.java:62)
	at java.base/jdk.internal.reflect.DelegatingMethodAccessorImpl.invoke(DelegatingMethodAccessorImpl.java:43)
	at java.base/java.lang.reflect.Method.invoke(Method.java:564)
	at org.apache.maven.surefire.util.ReflectionUtils.invokeMethodWithArray(ReflectionUtils.java:164)
	at org.apache.maven.surefire.booter.ProviderFactory$ProviderProxy.invoke(ProviderFactory.java:110)
	at org.apache.maven.surefire.booter.SurefireStarter.invokeProvider(SurefireStarter.java:172)
	at org.apache.maven.surefire.booter.SurefireStarter.runSuitesInProcessWhenForked(SurefireStarter.java:104)
	at org.apache.maven.surefire.booter.ForkedBooter.main(ForkedBooter.java:70)
Caused by: org.hibernate.boot.InvalidMappingException: Could not parse mapping document: querying/ExternalizedQueries.hbm.xml (RESOURCE)
	at org.hibernate.boot.jaxb.internal.InputStreamXmlSource.doBind(InputStreamXmlSource.java:46)
	at org.hibernate.boot.jaxb.internal.UrlXmlSource.doBind(UrlXmlSource.java:36)
	at org.hibernate.boot.spi.XmlMappingBinderAccess.bind(XmlMappingBinderAccess.java:59)
	at org.hibernate.boot.MetadataSources.addResource(MetadataSources.java:274)
	at org.hibernate.jpa.boot.internal.EntityManagerFactoryBuilderImpl.populate(EntityManagerFactoryBuilderImpl.java:668)
	at org.hibernate.jpa.boot.internal.EntityManagerFactoryBuilderImpl.<init>(EntityManagerFactoryBuilderImpl.java:175)
	at org.hibernate.jpa.boot.spi.Bootstrap.getEntityManagerFactoryBuilder(Bootstrap.java:34)
	at org.hibernate.jpa.HibernatePersistenceProvider.getEntityManagerFactoryBuilder(HibernatePersistenceProvider.java:165)
	at org.hibernate.jpa.HibernatePersistenceProvider.getEntityManagerFactoryBuilderOrNull(HibernatePersistenceProvider.java:114)
	at org.hibernate.jpa.HibernatePersistenceProvider.getEntityManagerFactoryBuilderOrNull(HibernatePersistenceProvider.java:71)
	at org.hibernate.jpa.HibernatePersistenceProvider.createEntityManagerFactory(HibernatePersistenceProvider.java:52)
	... 37 more
Caused by: org.hibernate.boot.MappingException: Unable to perform unmarshalling at line number 0 and column 0. Message: null : origin(querying/ExternalizedQueries.hbm.xml)
	at org.hibernate.boot.jaxb.internal.AbstractBinder.jaxb(AbstractBinder.java:178)
	at org.hibernate.boot.jaxb.internal.MappingBinder.doBind(MappingBinder.java:57)
	at org.hibernate.boot.jaxb.internal.AbstractBinder.doBind(AbstractBinder.java:102)
	at org.hibernate.boot.jaxb.internal.AbstractBinder.bind(AbstractBinder.java:57)
	at org.hibernate.boot.jaxb.internal.InputStreamXmlSource.doBind(InputStreamXmlSource.java:43)
	... 47 more
Caused by: javax.xml.bind.JAXBException: Implementation of JAXB-API has not been found on module path or classpath.
 - with linked exception:
[java.lang.ClassNotFoundException: com.sun.xml.internal.bind.v2.ContextFactory]
	at javax.xml.bind.ContextFinder.newInstance(ContextFinder.java:278)
	at javax.xml.bind.ContextFinder.find(ContextFinder.java:421)
	at javax.xml.bind.JAXBContext.newInstance(JAXBContext.java:721)
	at javax.xml.bind.JAXBContext.newInstance(JAXBContext.java:662)
	at org.hibernate.boot.jaxb.internal.AbstractBinder.jaxb(AbstractBinder.java:162)
	... 51 more
Caused by: java.lang.ClassNotFoundException: com.sun.xml.internal.bind.v2.ContextFactory
	at java.base/jdk.internal.loader.BuiltinClassLoader.loadClass(BuiltinClassLoader.java:582)
	at java.base/jdk.internal.loader.ClassLoaders$AppClassLoader.loadClass(ClassLoaders.java:185)
	at java.base/java.lang.ClassLoader.loadClass(ClassLoader.java:496)
	at javax.xml.bind.ServiceLoaderUtil.nullSafeLoadClass(ServiceLoaderUtil.java:122)
	at javax.xml.bind.ServiceLoaderUtil.safeLoadClass(ServiceLoaderUtil.java:155)
	at javax.xml.bind.ContextFinder.newInstance(ContextFinder.java:276)
	... 55 more
Caused by: org.hibernate.boot.InvalidMappingException: Could not parse mapping document: querying/ExternalizedQueries.hbm.xml (RESOURCE)
	at org.hibernate.boot.jaxb.internal.InputStreamXmlSource.doBind(InputStreamXmlSource.java:46)
	at org.hibernate.boot.jaxb.internal.UrlXmlSource.doBind(UrlXmlSource.java:36)
	at org.hibernate.boot.spi.XmlMappingBinderAccess.bind(XmlMappingBinderAccess.java:59)
	at org.hibernate.boot.MetadataSources.addResource(MetadataSources.java:274)
	at org.hibernate.jpa.boot.internal.EntityManagerFactoryBuilderImpl.populate(EntityManagerFactoryBuilderImpl.java:668)
	at org.hibernate.jpa.boot.internal.EntityManagerFactoryBuilderImpl.<init>(EntityManagerFactoryBuilderImpl.java:175)
	at org.hibernate.jpa.boot.spi.Bootstrap.getEntityManagerFactoryBuilder(Bootstrap.java:34)
	at org.hibernate.jpa.HibernatePersistenceProvider.getEntityManagerFactoryBuilder(HibernatePersistenceProvider.java:165)
	at org.hibernate.jpa.HibernatePersistenceProvider.getEntityManagerFactoryBuilderOrNull(HibernatePersistenceProvider.java:114)
	at org.hibernate.jpa.HibernatePersistenceProvider.getEntityManagerFactoryBuilderOrNull(HibernatePersistenceProvider.java:71)
	at org.hibernate.jpa.HibernatePersistenceProvider.createEntityManagerFactory(HibernatePersistenceProvider.java:52)
	... 37 more
Caused by: org.hibernate.boot.MappingException: Unable to perform unmarshalling at line number 0 and column 0. Message: null : origin(querying/ExternalizedQueries.hbm.xml)
	at org.hibernate.boot.jaxb.internal.AbstractBinder.jaxb(AbstractBinder.java:178)
	at org.hibernate.boot.jaxb.internal.MappingBinder.doBind(MappingBinder.java:57)
	at org.hibernate.boot.jaxb.internal.AbstractBinder.doBind(AbstractBinder.java:102)
	at org.hibernate.boot.jaxb.internal.AbstractBinder.bind(AbstractBinder.java:57)
	at org.hibernate.boot.jaxb.internal.InputStreamXmlSource.doBind(InputStreamXmlSource.java:43)
	... 47 more
Caused by: javax.xml.bind.JAXBException: Implementation of JAXB-API has not been found on module path or classpath.
 - with linked exception:
[java.lang.ClassNotFoundException: com.sun.xml.internal.bind.v2.ContextFactory]
	at javax.xml.bind.ContextFinder.newInstance(ContextFinder.java:278)
	at javax.xml.bind.ContextFinder.find(ContextFinder.java:421)
	at javax.xml.bind.JAXBContext.newInstance(JAXBContext.java:721)
	at javax.xml.bind.JAXBContext.newInstance(JAXBContext.java:662)
	at org.hibernate.boot.jaxb.internal.AbstractBinder.jaxb(AbstractBinder.java:162)
	... 51 more
Caused by: java.lang.ClassNotFoundException: com.sun.xml.internal.bind.v2.ContextFactory
	at java.base/jdk.internal.loader.BuiltinClassLoader.loadClass(BuiltinClassLoader.java:582)
	at java.base/jdk.internal.loader.ClassLoaders$AppClassLoader.loadClass(ClassLoaders.java:185)
	at java.base/java.lang.ClassLoader.loadClass(ClassLoader.java:496)
	at javax.xml.bind.ServiceLoaderUtil.nullSafeLoadClass(ServiceLoaderUtil.java:122)
	at javax.xml.bind.ServiceLoaderUtil.safeLoadClass(ServiceLoaderUtil.java:155)
	at javax.xml.bind.ContextFinder.newInstance(ContextFinder.java:276)
	... 55 more
beforeMethod(org.jpwh.test.customsql.CustomSQL)  Time elapsed: 0.016 sec  <<< FAILURE!
javax.persistence.PersistenceException: Unable to build entity manager factory
	at org.hibernate.jpa.HibernatePersistenceProvider.createEntityManagerFactory(HibernatePersistenceProvider.java:66)
	at javax.persistence.Persistence.createEntityManagerFactory(Persistence.java:55)
	at org.jpwh.env.JPASetup.<init>(JPASetup.java:62)
	at org.jpwh.env.JPATest.beforeMethod(JPATest.java:54)
	at jdk.internal.reflect.GeneratedMethodAccessor32.invoke(Unknown Source)
	at java.base/jdk.internal.reflect.DelegatingMethodAccessorImpl.invoke(DelegatingMethodAccessorImpl.java:43)
	at java.base/java.lang.reflect.Method.invoke(Method.java:564)
	at org.testng.internal.MethodInvocationHelper.invokeMethod(MethodInvocationHelper.java:84)
	at org.testng.internal.Invoker.invokeConfigurationMethod(Invoker.java:564)
	at org.testng.internal.Invoker.invokeConfigurations(Invoker.java:213)
	at org.testng.internal.Invoker.invokeMethod(Invoker.java:653)
	at org.testng.internal.Invoker.invokeTestMethod(Invoker.java:901)
	at org.testng.internal.Invoker.invokeTestMethods(Invoker.java:1231)
	at org.testng.internal.TestMethodWorker.invokeTestMethods(TestMethodWorker.java:127)
	at org.testng.internal.TestMethodWorker.run(TestMethodWorker.java:111)
	at org.testng.TestRunner.privateRun(TestRunner.java:767)
	at org.testng.TestRunner.run(TestRunner.java:617)
	at org.testng.SuiteRunner.runTest(SuiteRunner.java:334)
	at org.testng.SuiteRunner.runSequentially(SuiteRunner.java:329)
	at org.testng.SuiteRunner.privateRun(SuiteRunner.java:291)
	at org.testng.SuiteRunner.run(SuiteRunner.java:240)
	at org.testng.SuiteRunnerWorker.runSuite(SuiteRunnerWorker.java:52)
	at org.testng.SuiteRunnerWorker.run(SuiteRunnerWorker.java:86)
	at org.testng.TestNG.runSuitesSequentially(TestNG.java:1224)
	at org.testng.TestNG.runSuitesLocally(TestNG.java:1149)
	at org.testng.TestNG.run(TestNG.java:1057)
	at org.apache.maven.surefire.testng.TestNGExecutor.run(TestNGExecutor.java:122)
	at org.apache.maven.surefire.testng.TestNGXmlTestSuite.execute(TestNGXmlTestSuite.java:92)
	at org.apache.maven.surefire.testng.TestNGProvider.invoke(TestNGProvider.java:101)
	at java.base/jdk.internal.reflect.NativeMethodAccessorImpl.invoke0(Native Method)
	at java.base/jdk.internal.reflect.NativeMethodAccessorImpl.invoke(NativeMethodAccessorImpl.java:62)
	at java.base/jdk.internal.reflect.DelegatingMethodAccessorImpl.invoke(DelegatingMethodAccessorImpl.java:43)
	at java.base/java.lang.reflect.Method.invoke(Method.java:564)
	at org.apache.maven.surefire.util.ReflectionUtils.invokeMethodWithArray(ReflectionUtils.java:164)
	at org.apache.maven.surefire.booter.ProviderFactory$ProviderProxy.invoke(ProviderFactory.java:110)
	at org.apache.maven.surefire.booter.SurefireStarter.invokeProvider(SurefireStarter.java:172)
	at org.apache.maven.surefire.booter.SurefireStarter.runSuitesInProcessWhenForked(SurefireStarter.java:104)
	at org.apache.maven.surefire.booter.ForkedBooter.main(ForkedBooter.java:70)
Caused by: org.hibernate.boot.InvalidMappingException: Could not parse mapping document: customsql/ItemQueries.hbm.xml (RESOURCE)
	at org.hibernate.boot.jaxb.internal.InputStreamXmlSource.doBind(InputStreamXmlSource.java:46)
	at org.hibernate.boot.jaxb.internal.UrlXmlSource.doBind(UrlXmlSource.java:36)
	at org.hibernate.boot.spi.XmlMappingBinderAccess.bind(XmlMappingBinderAccess.java:59)
	at org.hibernate.boot.MetadataSources.addResource(MetadataSources.java:274)
	at org.hibernate.jpa.boot.internal.EntityManagerFactoryBuilderImpl.populate(EntityManagerFactoryBuilderImpl.java:668)
	at org.hibernate.jpa.boot.internal.EntityManagerFactoryBuilderImpl.<init>(EntityManagerFactoryBuilderImpl.java:175)
	at org.hibernate.jpa.boot.spi.Bootstrap.getEntityManagerFactoryBuilder(Bootstrap.java:34)
	at org.hibernate.jpa.HibernatePersistenceProvider.getEntityManagerFactoryBuilder(HibernatePersistenceProvider.java:165)
	at org.hibernate.jpa.HibernatePersistenceProvider.getEntityManagerFactoryBuilderOrNull(HibernatePersistenceProvider.java:114)
	at org.hibernate.jpa.HibernatePersistenceProvider.getEntityManagerFactoryBuilderOrNull(HibernatePersistenceProvider.java:71)
	at org.hibernate.jpa.HibernatePersistenceProvider.createEntityManagerFactory(HibernatePersistenceProvider.java:52)
	... 37 more
Caused by: org.hibernate.boot.MappingException: Unable to perform unmarshalling at line number 0 and column 0. Message: null : origin(customsql/ItemQueries.hbm.xml)
	at org.hibernate.boot.jaxb.internal.AbstractBinder.jaxb(AbstractBinder.java:178)
	at org.hibernate.boot.jaxb.internal.MappingBinder.doBind(MappingBinder.java:57)
	at org.hibernate.boot.jaxb.internal.AbstractBinder.doBind(AbstractBinder.java:102)
	at org.hibernate.boot.jaxb.internal.AbstractBinder.bind(AbstractBinder.java:57)
	at org.hibernate.boot.jaxb.internal.InputStreamXmlSource.doBind(InputStreamXmlSource.java:43)
	... 47 more
Caused by: javax.xml.bind.JAXBException: Implementation of JAXB-API has not been found on module path or classpath.
 - with linked exception:
[java.lang.ClassNotFoundException: com.sun.xml.internal.bind.v2.ContextFactory]
	at javax.xml.bind.ContextFinder.newInstance(ContextFinder.java:278)
	at javax.xml.bind.ContextFinder.find(ContextFinder.java:421)
	at javax.xml.bind.JAXBContext.newInstance(JAXBContext.java:721)
	at javax.xml.bind.JAXBContext.newInstance(JAXBContext.java:662)
	at org.hibernate.boot.jaxb.internal.AbstractBinder.jaxb(AbstractBinder.java:162)
	... 51 more
Caused by: java.lang.ClassNotFoundException: com.sun.xml.internal.bind.v2.ContextFactory
	at java.base/jdk.internal.loader.BuiltinClassLoader.loadClass(BuiltinClassLoader.java:582)
	at java.base/jdk.internal.loader.ClassLoaders$AppClassLoader.loadClass(ClassLoaders.java:185)
	at java.base/java.lang.ClassLoader.loadClass(ClassLoader.java:496)
	at javax.xml.bind.ServiceLoaderUtil.nullSafeLoadClass(ServiceLoaderUtil.java:122)
	at javax.xml.bind.ServiceLoaderUtil.safeLoadClass(ServiceLoaderUtil.java:155)
	at javax.xml.bind.ContextFinder.newInstance(ContextFinder.java:276)
	... 55 more
Caused by: org.hibernate.boot.InvalidMappingException: Could not parse mapping document: customsql/ItemQueries.hbm.xml (RESOURCE)
	at org.hibernate.boot.jaxb.internal.InputStreamXmlSource.doBind(InputStreamXmlSource.java:46)
	at org.hibernate.boot.jaxb.internal.UrlXmlSource.doBind(UrlXmlSource.java:36)
	at org.hibernate.boot.spi.XmlMappingBinderAccess.bind(XmlMappingBinderAccess.java:59)
	at org.hibernate.boot.MetadataSources.addResource(MetadataSources.java:274)
	at org.hibernate.jpa.boot.internal.EntityManagerFactoryBuilderImpl.populate(EntityManagerFactoryBuilderImpl.java:668)
	at org.hibernate.jpa.boot.internal.EntityManagerFactoryBuilderImpl.<init>(EntityManagerFactoryBuilderImpl.java:175)
	at org.hibernate.jpa.boot.spi.Bootstrap.getEntityManagerFactoryBuilder(Bootstrap.java:34)
	at org.hibernate.jpa.HibernatePersistenceProvider.getEntityManagerFactoryBuilder(HibernatePersistenceProvider.java:165)
	at org.hibernate.jpa.HibernatePersistenceProvider.getEntityManagerFactoryBuilderOrNull(HibernatePersistenceProvider.java:114)
	at org.hibernate.jpa.HibernatePersistenceProvider.getEntityManagerFactoryBuilderOrNull(HibernatePersistenceProvider.java:71)
	at org.hibernate.jpa.HibernatePersistenceProvider.createEntityManagerFactory(HibernatePersistenceProvider.java:52)
	... 37 more
Caused by: org.hibernate.boot.MappingException: Unable to perform unmarshalling at line number 0 and column 0. Message: null : origin(customsql/ItemQueries.hbm.xml)
	at org.hibernate.boot.jaxb.internal.AbstractBinder.jaxb(AbstractBinder.java:178)
	at org.hibernate.boot.jaxb.internal.MappingBinder.doBind(MappingBinder.java:57)
	at org.hibernate.boot.jaxb.internal.AbstractBinder.doBind(AbstractBinder.java:102)
	at org.hibernate.boot.jaxb.internal.AbstractBinder.bind(AbstractBinder.java:57)
	at org.hibernate.boot.jaxb.internal.InputStreamXmlSource.doBind(InputStreamXmlSource.java:43)
	... 47 more
Caused by: javax.xml.bind.JAXBException: Implementation of JAXB-API has not been found on module path or classpath.
 - with linked exception:
[java.lang.ClassNotFoundException: com.sun.xml.internal.bind.v2.ContextFactory]
	at javax.xml.bind.ContextFinder.newInstance(ContextFinder.java:278)
	at javax.xml.bind.ContextFinder.find(ContextFinder.java:421)
	at javax.xml.bind.JAXBContext.newInstance(JAXBContext.java:721)
	at javax.xml.bind.JAXBContext.newInstance(JAXBContext.java:662)
	at org.hibernate.boot.jaxb.internal.AbstractBinder.jaxb(AbstractBinder.java:162)
	... 51 more
Caused by: java.lang.ClassNotFoundException: com.sun.xml.internal.bind.v2.ContextFactory
	at java.base/jdk.internal.loader.BuiltinClassLoader.loadClass(BuiltinClassLoader.java:582)
	at java.base/jdk.internal.loader.ClassLoaders$AppClassLoader.loadClass(ClassLoaders.java:185)
	at java.base/java.lang.ClassLoader.loadClass(ClassLoader.java:496)
	at javax.xml.bind.ServiceLoaderUtil.nullSafeLoadClass(ServiceLoaderUtil.java:122)
	at javax.xml.bind.ServiceLoaderUtil.safeLoadClass(ServiceLoaderUtil.java:155)
	at javax.xml.bind.ContextFinder.newInstance(ContextFinder.java:276)
	... 55 more
