<?xml version="1.0" encoding="UTF-8"?>
<testng-results total="216" passed="140" failed="5" skipped="71">
  <reporter-output>
  </reporter-output>
  <suite started-at="2020-08-31T01:03:13Z" name="AllTests - examples" finished-at="2020-08-31T01:03:56Z" duration-ms="43594">
    <groups>
      <group name="MYSQL">
        <method signature="Locking.extendedLock()[pri:0, instance:org.jpwh.test.concurrency.Locking@32910148]" name="extendedLock" class="org.jpwh.test.concurrency.Locking"/>
        <method signature="CreateExecuteQueries.createNamedQueries()[pri:0, instance:org.jpwh.test.querying.CreateExecuteQueries@d5b810e]" name="createNamedQueries" class="org.jpwh.test.querying.CreateExecuteQueries"/>
        <method signature="CreateExecuteQueries.namedQueries()[pri:0, instance:org.jpwh.test.querying.CreateExecuteQueries@d5b810e]" name="namedQueries" class="org.jpwh.test.querying.CreateExecuteQueries"/>
        <method signature="CreateExecuteQueries.queryHints()[pri:0, instance:org.jpwh.test.querying.CreateExecuteQueries@d5b810e]" name="queryHints" class="org.jpwh.test.querying.CreateExecuteQueries"/>
        <method signature="BulkStatementsSQL.bulkUpdate()[pri:0, instance:org.jpwh.test.bulkbatch.BulkStatementsSQL@1e6a3214]" name="bulkUpdate" class="org.jpwh.test.bulkbatch.BulkStatementsSQL"/>
        <method signature="BulkStatementsSQL.bulkUpdateHibernate()[pri:0, instance:org.jpwh.test.bulkbatch.BulkStatementsSQL@1e6a3214]" name="bulkUpdateHibernate" class="org.jpwh.test.bulkbatch.BulkStatementsSQL"/>
      </group> <!-- MYSQL -->
      <group name="H2">
        <method signature="SimpleTransitions.replicate()[pri:0, instance:org.jpwh.test.simple.SimpleTransitions@22ff4249]" name="replicate" class="org.jpwh.test.simple.SimpleTransitions"/>
        <method signature="TablePerClass.jdbcBillingDetailsSqlQuery()[pri:0, instance:org.jpwh.test.inheritance.TablePerClass@233795b6]" name="jdbcBillingDetailsSqlQuery" class="org.jpwh.test.inheritance.TablePerClass"/>
        <method signature="GeneratedProperties.storeLoadLastModified()[pri:0, instance:org.jpwh.test.advanced.GeneratedProperties@ba2f4ec]" name="storeLoadLastModified" class="org.jpwh.test.advanced.GeneratedProperties"/>
        <method signature="CustomSchema.configurePersistenceUnit()[pri:0, instance:org.jpwh.test.complexschemas.CustomSchema@4c309d4d]" name="configurePersistenceUnit" class="org.jpwh.test.complexschemas.CustomSchema"/>
        <method signature="CustomSchema.storeLoadCheckColumnInvalid()[pri:0, instance:org.jpwh.test.complexschemas.CustomSchema@4c309d4d]" name="storeLoadCheckColumnInvalid" class="org.jpwh.test.complexschemas.CustomSchema"/>
        <method signature="CustomSchema.storeLoadCheckSingleRowInvalid()[pri:0, instance:org.jpwh.test.complexschemas.CustomSchema@4c309d4d]" name="storeLoadCheckSingleRowInvalid" class="org.jpwh.test.complexschemas.CustomSchema"/>
        <method signature="CustomSchema.storeLoadCheckSubselectValid()[pri:0, instance:org.jpwh.test.complexschemas.CustomSchema@4c309d4d]" name="storeLoadCheckSubselectValid" class="org.jpwh.test.complexschemas.CustomSchema"/>
        <method signature="CustomSchema.storeLoadDomainInvalid()[pri:0, instance:org.jpwh.test.complexschemas.CustomSchema@4c309d4d]" name="storeLoadDomainInvalid" class="org.jpwh.test.complexschemas.CustomSchema"/>
        <method signature="CustomSchema.storeLoadUniqueMultiColumnValid()[pri:0, instance:org.jpwh.test.complexschemas.CustomSchema@4c309d4d]" name="storeLoadUniqueMultiColumnValid" class="org.jpwh.test.complexschemas.CustomSchema"/>
        <method signature="CustomSchema.storeLoadValid()[pri:0, instance:org.jpwh.test.complexschemas.CustomSchema@4c309d4d]" name="storeLoadValid" class="org.jpwh.test.complexschemas.CustomSchema"/>
        <method signature="Locking.extendedLock()[pri:0, instance:org.jpwh.test.concurrency.Locking@32910148]" name="extendedLock" class="org.jpwh.test.concurrency.Locking"/>
        <method signature="NonTransactional.autoCommit()[pri:0, instance:org.jpwh.test.concurrency.NonTransactional@3f56875e]" name="autoCommit" class="org.jpwh.test.concurrency.NonTransactional"/>
        <method signature="ExtendedPC.conversationCreateItem()[pri:0, instance:org.jpwh.test.conversation.ExtendedPC@f2ff811]" name="conversationCreateItem" class="org.jpwh.test.conversation.ExtendedPC"/>
        <method signature="ExtendedPC.conversationEditItem()[pri:0, instance:org.jpwh.test.conversation.ExtendedPC@f2ff811]" name="conversationEditItem" class="org.jpwh.test.conversation.ExtendedPC"/>
        <method signature="CreateExecuteQueries.createNamedQueries()[pri:0, instance:org.jpwh.test.querying.CreateExecuteQueries@d5b810e]" name="createNamedQueries" class="org.jpwh.test.querying.CreateExecuteQueries"/>
        <method signature="CreateExecuteQueries.namedQueries()[pri:0, instance:org.jpwh.test.querying.CreateExecuteQueries@d5b810e]" name="namedQueries" class="org.jpwh.test.querying.CreateExecuteQueries"/>
        <method signature="CreateExecuteQueries.queryHints()[pri:0, instance:org.jpwh.test.querying.CreateExecuteQueries@d5b810e]" name="queryHints" class="org.jpwh.test.querying.CreateExecuteQueries"/>
        <method signature="HibernateSQLQueries.executeRecursiveQueries()[pri:0, instance:org.jpwh.test.querying.sql.HibernateSQLQueries@1b2abca6]" name="executeRecursiveQueries" class="org.jpwh.test.querying.sql.HibernateSQLQueries"/>
        <method signature="NativeQueries.executeRecursiveQueries()[pri:0, instance:org.jpwh.test.querying.sql.NativeQueries@6392827e]" name="executeRecursiveQueries" class="org.jpwh.test.querying.sql.NativeQueries"/>
        <method signature="Projection.executeQueriesWithFunctions()[pri:0, instance:org.jpwh.test.querying.criteria.Projection@3c7f66c4]" name="executeQueriesWithFunctions" class="org.jpwh.test.querying.criteria.Projection"/>
        <method signature="Projection.executeQueriesWithFunctions()[pri:0, instance:org.jpwh.test.querying.jpql.Projection@7c24b813]" name="executeQueriesWithFunctions" class="org.jpwh.test.querying.jpql.Projection"/>
        <method signature="Restriction.executeQueriesWithFunctions()[pri:0, instance:org.jpwh.test.querying.criteria.Restriction@2ed2d9cb]" name="executeQueriesWithFunctions" class="org.jpwh.test.querying.criteria.Restriction"/>
        <method signature="Restriction.executeQueriesWithFunctions()[pri:0, instance:org.jpwh.test.querying.jpql.Restriction@f0da945]" name="executeQueriesWithFunctions" class="org.jpwh.test.querying.jpql.Restriction"/>
        <method signature="CustomSQL.readRestrictedCollection()[pri:0, instance:org.jpwh.test.customsql.CustomSQL@21282ed8]" name="readRestrictedCollection" class="org.jpwh.test.customsql.CustomSQL"/>
        <method signature="BulkStatementsSQL.bulkUpdate()[pri:0, instance:org.jpwh.test.bulkbatch.BulkStatementsSQL@1e6a3214]" name="bulkUpdate" class="org.jpwh.test.bulkbatch.BulkStatementsSQL"/>
        <method signature="BulkStatementsSQL.bulkUpdateHibernate()[pri:0, instance:org.jpwh.test.bulkbatch.BulkStatementsSQL@1e6a3214]" name="bulkUpdateHibernate" class="org.jpwh.test.bulkbatch.BulkStatementsSQL"/>
      </group> <!-- H2 -->
      <group name="POSTGRESQL">
        <method signature="SimpleTransitions.replicate()[pri:0, instance:org.jpwh.test.simple.SimpleTransitions@22ff4249]" name="replicate" class="org.jpwh.test.simple.SimpleTransitions"/>
        <method signature="TablePerClass.jdbcBillingDetailsSqlQuery()[pri:0, instance:org.jpwh.test.inheritance.TablePerClass@233795b6]" name="jdbcBillingDetailsSqlQuery" class="org.jpwh.test.inheritance.TablePerClass"/>
        <method signature="NonTransactional.autoCommit()[pri:0, instance:org.jpwh.test.concurrency.NonTransactional@3f56875e]" name="autoCommit" class="org.jpwh.test.concurrency.NonTransactional"/>
        <method signature="ExtendedPC.conversationCreateItem()[pri:0, instance:org.jpwh.test.conversation.ExtendedPC@f2ff811]" name="conversationCreateItem" class="org.jpwh.test.conversation.ExtendedPC"/>
        <method signature="ExtendedPC.conversationEditItem()[pri:0, instance:org.jpwh.test.conversation.ExtendedPC@f2ff811]" name="conversationEditItem" class="org.jpwh.test.conversation.ExtendedPC"/>
        <method signature="CustomSQL.readRestrictedCollection()[pri:0, instance:org.jpwh.test.customsql.CustomSQL@21282ed8]" name="readRestrictedCollection" class="org.jpwh.test.customsql.CustomSQL"/>
        <method signature="BulkStatementsSQL.bulkUpdate()[pri:0, instance:org.jpwh.test.bulkbatch.BulkStatementsSQL@1e6a3214]" name="bulkUpdate" class="org.jpwh.test.bulkbatch.BulkStatementsSQL"/>
        <method signature="BulkStatementsSQL.bulkUpdateHibernate()[pri:0, instance:org.jpwh.test.bulkbatch.BulkStatementsSQL@1e6a3214]" name="bulkUpdateHibernate" class="org.jpwh.test.bulkbatch.BulkStatementsSQL"/>
      </group> <!-- POSTGRESQL -->
      <group name="ORACLE">
        <method signature="SimpleTransitions.replicate()[pri:0, instance:org.jpwh.test.simple.SimpleTransitions@22ff4249]" name="replicate" class="org.jpwh.test.simple.SimpleTransitions"/>
        <method signature="Locking.extendedLock()[pri:0, instance:org.jpwh.test.concurrency.Locking@32910148]" name="extendedLock" class="org.jpwh.test.concurrency.Locking"/>
        <method signature="NonTransactional.autoCommit()[pri:0, instance:org.jpwh.test.concurrency.NonTransactional@3f56875e]" name="autoCommit" class="org.jpwh.test.concurrency.NonTransactional"/>
        <method signature="ExtendedPC.conversationCreateItem()[pri:0, instance:org.jpwh.test.conversation.ExtendedPC@f2ff811]" name="conversationCreateItem" class="org.jpwh.test.conversation.ExtendedPC"/>
        <method signature="ExtendedPC.conversationEditItem()[pri:0, instance:org.jpwh.test.conversation.ExtendedPC@f2ff811]" name="conversationEditItem" class="org.jpwh.test.conversation.ExtendedPC"/>
        <method signature="CreateExecuteQueries.createNamedQueries()[pri:0, instance:org.jpwh.test.querying.CreateExecuteQueries@d5b810e]" name="createNamedQueries" class="org.jpwh.test.querying.CreateExecuteQueries"/>
        <method signature="CreateExecuteQueries.namedQueries()[pri:0, instance:org.jpwh.test.querying.CreateExecuteQueries@d5b810e]" name="namedQueries" class="org.jpwh.test.querying.CreateExecuteQueries"/>
        <method signature="CreateExecuteQueries.queryHints()[pri:0, instance:org.jpwh.test.querying.CreateExecuteQueries@d5b810e]" name="queryHints" class="org.jpwh.test.querying.CreateExecuteQueries"/>
      </group> <!-- ORACLE -->
    </groups>
    <test started-at="2020-08-31T01:03:13Z" name="Hello World" finished-at="2020-08-31T01:03:14Z" duration-ms="1581">
      <class name="org.jpwh.helloworld.HelloWorldJPA">
        <test-method signature="storeLoadMessage()[pri:0, instance:org.jpwh.helloworld.HelloWorldJPA@5e0826e7]" started-at="2020-08-30T21:03:13Z" name="storeLoadMessage" finished-at="2020-08-30T21:03:14Z" duration-ms="1515" status="PASS">
          <reporter-output>
          </reporter-output>
        </test-method> <!-- storeLoadMessage -->
      </class> <!-- org.jpwh.helloworld.HelloWorldJPA -->
      <class name="org.jpwh.helloworld.HelloWorldHibernate">
        <test-method signature="storeLoadMessage()[pri:0, instance:org.jpwh.helloworld.HelloWorldHibernate@498d318c]" started-at="2020-08-30T21:03:14Z" name="storeLoadMessage" finished-at="2020-08-30T21:03:14Z" duration-ms="59" status="PASS">
          <reporter-output>
          </reporter-output>
        </test-method> <!-- storeLoadMessage -->
      </class> <!-- org.jpwh.helloworld.HelloWorldHibernate -->
    </test> <!-- Hello World -->
    <test started-at="2020-08-31T01:03:14Z" name="Simple Mappings" finished-at="2020-08-31T01:03:15Z" duration-ms="213">
      <class name="org.jpwh.test.simple.CRUD">
        <test-method is-config="true" signature="beforeClass()[pri:0, instance:org.jpwh.test.simple.CRUD@36ebc363]" started-at="2020-08-30T21:03:15Z" name="beforeClass" finished-at="2020-08-30T21:03:15Z" duration-ms="0" status="SKIP">
          <reporter-output>
          </reporter-output>
        </test-method> <!-- beforeClass -->
        <test-method is-config="true" signature="beforeMethod()[pri:0, instance:org.jpwh.test.simple.CRUD@36ebc363]" started-at="2020-08-30T21:03:15Z" name="beforeMethod" finished-at="2020-08-30T21:03:15Z" duration-ms="0" status="SKIP">
          <reporter-output>
          </reporter-output>
        </test-method> <!-- beforeMethod -->
        <test-method is-config="true" signature="afterMethod()[pri:0, instance:org.jpwh.test.simple.CRUD@36ebc363]" started-at="2020-08-30T21:03:15Z" name="afterMethod" finished-at="2020-08-30T21:03:15Z" duration-ms="0" status="PASS">
          <reporter-output>
          </reporter-output>
        </test-method> <!-- afterMethod -->
        <test-method signature="storeAndQueryItems()[pri:0, instance:org.jpwh.test.simple.CRUD@36ebc363]" started-at="2020-08-30T21:03:15Z" name="storeAndQueryItems" finished-at="2020-08-30T21:03:15Z" duration-ms="0" status="SKIP">
          <reporter-output>
          </reporter-output>
        </test-method> <!-- storeAndQueryItems -->
      </class> <!-- org.jpwh.test.simple.CRUD -->
      <class name="org.jpwh.test.simple.CRUDMetadataXML">
        <test-method signature="storeAndQueryItems()[pri:0, instance:org.jpwh.test.simple.CRUDMetadataXML@43bc63a3]" started-at="2020-08-30T21:03:15Z" name="storeAndQueryItems" finished-at="2020-08-30T21:03:15Z" duration-ms="1" status="SKIP">
          <reporter-output>
          </reporter-output>
        </test-method> <!-- storeAndQueryItems -->
        <test-method is-config="true" signature="beforeClass()[pri:0, instance:org.jpwh.test.simple.CRUDMetadataXML@43bc63a3]" started-at="2020-08-30T21:03:15Z" name="beforeClass" finished-at="2020-08-30T21:03:15Z" duration-ms="0" status="SKIP">
          <reporter-output>
          </reporter-output>
        </test-method> <!-- beforeClass -->
        <test-method is-config="true" signature="beforeMethod()[pri:0, instance:org.jpwh.test.simple.CRUDMetadataXML@43bc63a3]" started-at="2020-08-30T21:03:15Z" name="beforeMethod" finished-at="2020-08-30T21:03:15Z" duration-ms="0" status="SKIP">
          <reporter-output>
          </reporter-output>
        </test-method> <!-- beforeMethod -->
        <test-method is-config="true" signature="afterMethod()[pri:0, instance:org.jpwh.test.simple.CRUDMetadataXML@43bc63a3]" started-at="2020-08-30T21:03:15Z" name="afterMethod" finished-at="2020-08-30T21:03:15Z" duration-ms="0" status="PASS">
          <reporter-output>
          </reporter-output>
        </test-method> <!-- afterMethod -->
      </class> <!-- org.jpwh.test.simple.CRUDMetadataXML -->
      <class name="org.jpwh.test.simple.SimpleTransitions">
        <test-method is-config="true" signature="beforeClass()[pri:0, instance:org.jpwh.test.simple.SimpleTransitions@22ff4249]" started-at="2020-08-30T21:03:15Z" name="beforeClass" finished-at="2020-08-30T21:03:15Z" duration-ms="0" status="SKIP">
          <reporter-output>
          </reporter-output>
        </test-method> <!-- beforeClass -->
        <test-method signature="basicUOW()[pri:0, instance:org.jpwh.test.simple.SimpleTransitions@22ff4249]" started-at="2020-08-30T21:03:15Z" name="basicUOW" finished-at="2020-08-30T21:03:15Z" duration-ms="0" status="SKIP">
          <reporter-output>
          </reporter-output>
        </test-method> <!-- basicUOW -->
        <test-method is-config="true" signature="beforeMethod()[pri:0, instance:org.jpwh.test.simple.SimpleTransitions@22ff4249]" started-at="2020-08-30T21:03:15Z" name="beforeMethod" finished-at="2020-08-30T21:03:15Z" duration-ms="0" status="SKIP">
          <reporter-output>
          </reporter-output>
        </test-method> <!-- beforeMethod -->
        <test-method is-config="true" signature="beforeMethod()[pri:0, instance:org.jpwh.test.simple.SimpleTransitions@22ff4249]" started-at="2020-08-30T21:03:15Z" name="beforeMethod" finished-at="2020-08-30T21:03:15Z" duration-ms="0" status="SKIP">
          <reporter-output>
          </reporter-output>
        </test-method> <!-- beforeMethod -->
        <test-method is-config="true" signature="afterMethod()[pri:0, instance:org.jpwh.test.simple.SimpleTransitions@22ff4249]" started-at="2020-08-30T21:03:15Z" name="afterMethod" finished-at="2020-08-30T21:03:15Z" duration-ms="0" status="PASS">
          <reporter-output>
          </reporter-output>
        </test-method> <!-- afterMethod -->
        <test-method signature="detach()[pri:0, instance:org.jpwh.test.simple.SimpleTransitions@22ff4249]" started-at="2020-08-30T21:03:15Z" name="detach" finished-at="2020-08-30T21:03:15Z" duration-ms="1" status="SKIP">
          <reporter-output>
          </reporter-output>
        </test-method> <!-- detach -->
        <test-method is-config="true" signature="afterMethod()[pri:0, instance:org.jpwh.test.simple.SimpleTransitions@22ff4249]" started-at="2020-08-30T21:03:15Z" name="afterMethod" finished-at="2020-08-30T21:03:15Z" duration-ms="0" status="PASS">
          <reporter-output>
          </reporter-output>
        </test-method> <!-- afterMethod -->
        <test-method is-config="true" signature="beforeMethod()[pri:0, instance:org.jpwh.test.simple.SimpleTransitions@22ff4249]" started-at="2020-08-30T21:03:15Z" name="beforeMethod" finished-at="2020-08-30T21:03:15Z" duration-ms="0" status="SKIP">
          <reporter-output>
          </reporter-output>
        </test-method> <!-- beforeMethod -->
        <test-method signature="flushModeType()[pri:0, instance:org.jpwh.test.simple.SimpleTransitions@22ff4249]" started-at="2020-08-30T21:03:15Z" name="flushModeType" finished-at="2020-08-30T21:03:15Z" duration-ms="0" status="SKIP">
          <reporter-output>
          </reporter-output>
        </test-method> <!-- flushModeType -->
        <test-method is-config="true" signature="beforeMethod()[pri:0, instance:org.jpwh.test.simple.SimpleTransitions@22ff4249]" started-at="2020-08-30T21:03:15Z" name="beforeMethod" finished-at="2020-08-30T21:03:15Z" duration-ms="0" status="SKIP">
          <reporter-output>
          </reporter-output>
        </test-method> <!-- beforeMethod -->
        <test-method signature="makePersistent()[pri:0, instance:org.jpwh.test.simple.SimpleTransitions@22ff4249]" started-at="2020-08-30T21:03:15Z" name="makePersistent" finished-at="2020-08-30T21:03:15Z" duration-ms="1" status="SKIP">
          <reporter-output>
          </reporter-output>
        </test-method> <!-- makePersistent -->
        <test-method is-config="true" signature="afterMethod()[pri:0, instance:org.jpwh.test.simple.SimpleTransitions@22ff4249]" started-at="2020-08-30T21:03:15Z" name="afterMethod" finished-at="2020-08-30T21:03:15Z" duration-ms="0" status="PASS">
          <reporter-output>
          </reporter-output>
        </test-method> <!-- afterMethod -->
        <test-method is-config="true" signature="afterMethod()[pri:0, instance:org.jpwh.test.simple.SimpleTransitions@22ff4249]" started-at="2020-08-30T21:03:15Z" name="afterMethod" finished-at="2020-08-30T21:03:15Z" duration-ms="0" status="PASS">
          <reporter-output>
          </reporter-output>
        </test-method> <!-- afterMethod -->
        <test-method signature="makeTransient()[pri:0, instance:org.jpwh.test.simple.SimpleTransitions@22ff4249]" started-at="2020-08-30T21:03:15Z" name="makeTransient" finished-at="2020-08-30T21:03:15Z" duration-ms="0" status="SKIP">
          <reporter-output>
          </reporter-output>
        </test-method> <!-- makeTransient -->
        <test-method is-config="true" signature="beforeMethod()[pri:0, instance:org.jpwh.test.simple.SimpleTransitions@22ff4249]" started-at="2020-08-30T21:03:15Z" name="beforeMethod" finished-at="2020-08-30T21:03:15Z" duration-ms="0" status="SKIP">
          <reporter-output>
          </reporter-output>
        </test-method> <!-- beforeMethod -->
        <test-method is-config="true" signature="afterMethod()[pri:0, instance:org.jpwh.test.simple.SimpleTransitions@22ff4249]" started-at="2020-08-30T21:03:15Z" name="afterMethod" finished-at="2020-08-30T21:03:15Z" duration-ms="0" status="PASS">
          <reporter-output>
          </reporter-output>
        </test-method> <!-- afterMethod -->
        <test-method signature="mergeDetached()[pri:0, instance:org.jpwh.test.simple.SimpleTransitions@22ff4249]" started-at="2020-08-30T21:03:15Z" name="mergeDetached" finished-at="2020-08-30T21:03:15Z" duration-ms="0" status="SKIP">
          <reporter-output>
          </reporter-output>
        </test-method> <!-- mergeDetached -->
        <test-method is-config="true" signature="beforeMethod()[pri:0, instance:org.jpwh.test.simple.SimpleTransitions@22ff4249]" started-at="2020-08-30T21:03:15Z" name="beforeMethod" finished-at="2020-08-30T21:03:15Z" duration-ms="0" status="SKIP">
          <reporter-output>
          </reporter-output>
        </test-method> <!-- beforeMethod -->
        <test-method is-config="true" signature="beforeMethod()[pri:0, instance:org.jpwh.test.simple.SimpleTransitions@22ff4249]" started-at="2020-08-30T21:03:15Z" name="beforeMethod" finished-at="2020-08-30T21:03:15Z" duration-ms="0" status="SKIP">
          <reporter-output>
          </reporter-output>
        </test-method> <!-- beforeMethod -->
        <test-method is-config="true" signature="afterMethod()[pri:0, instance:org.jpwh.test.simple.SimpleTransitions@22ff4249]" started-at="2020-08-30T21:03:15Z" name="afterMethod" finished-at="2020-08-30T21:03:15Z" duration-ms="0" status="PASS">
          <reporter-output>
          </reporter-output>
        </test-method> <!-- afterMethod -->
        <test-method signature="refresh()[pri:0, instance:org.jpwh.test.simple.SimpleTransitions@22ff4249]" started-at="2020-08-30T21:03:15Z" name="refresh" finished-at="2020-08-30T21:03:15Z" duration-ms="0" status="SKIP">
          <reporter-output>
          </reporter-output>
        </test-method> <!-- refresh -->
        <test-method is-config="true" signature="afterMethod()[pri:0, instance:org.jpwh.test.simple.SimpleTransitions@22ff4249]" started-at="2020-08-30T21:03:15Z" name="afterMethod" finished-at="2020-08-30T21:03:15Z" duration-ms="0" status="PASS">
          <reporter-output>
          </reporter-output>
        </test-method> <!-- afterMethod -->
        <test-method is-config="true" signature="beforeMethod()[pri:0, instance:org.jpwh.test.simple.SimpleTransitions@22ff4249]" started-at="2020-08-30T21:03:15Z" name="beforeMethod" finished-at="2020-08-30T21:03:15Z" duration-ms="0" status="SKIP">
          <reporter-output>
          </reporter-output>
        </test-method> <!-- beforeMethod -->
        <test-method is-config="true" signature="afterMethod()[pri:0, instance:org.jpwh.test.simple.SimpleTransitions@22ff4249]" started-at="2020-08-30T21:03:15Z" name="afterMethod" finished-at="2020-08-30T21:03:15Z" duration-ms="0" status="PASS">
          <reporter-output>
          </reporter-output>
        </test-method> <!-- afterMethod -->
        <test-method signature="replicate()[pri:0, instance:org.jpwh.test.simple.SimpleTransitions@22ff4249]" started-at="2020-08-30T21:03:15Z" name="replicate" finished-at="2020-08-30T21:03:15Z" duration-ms="0" status="SKIP">
          <reporter-output>
          </reporter-output>
        </test-method> <!-- replicate -->
        <test-method is-config="true" signature="beforeMethod()[pri:0, instance:org.jpwh.test.simple.SimpleTransitions@22ff4249]" started-at="2020-08-30T21:03:15Z" name="beforeMethod" finished-at="2020-08-30T21:03:15Z" duration-ms="0" status="SKIP">
          <reporter-output>
          </reporter-output>
        </test-method> <!-- beforeMethod -->
        <test-method is-config="true" signature="afterMethod()[pri:0, instance:org.jpwh.test.simple.SimpleTransitions@22ff4249]" started-at="2020-08-30T21:03:15Z" name="afterMethod" finished-at="2020-08-30T21:03:15Z" duration-ms="1" status="PASS">
          <reporter-output>
          </reporter-output>
        </test-method> <!-- afterMethod -->
        <test-method signature="retrievePersistent()[pri:0, instance:org.jpwh.test.simple.SimpleTransitions@22ff4249]" started-at="2020-08-30T21:03:15Z" name="retrievePersistent" finished-at="2020-08-30T21:03:15Z" duration-ms="0" status="SKIP">
          <reporter-output>
          </reporter-output>
        </test-method> <!-- retrievePersistent -->
        <test-method is-config="true" signature="beforeMethod()[pri:0, instance:org.jpwh.test.simple.SimpleTransitions@22ff4249]" started-at="2020-08-30T21:03:15Z" name="beforeMethod" finished-at="2020-08-30T21:03:15Z" duration-ms="0" status="SKIP">
          <reporter-output>
          </reporter-output>
        </test-method> <!-- beforeMethod -->
        <test-method signature="retrievePersistentReference()[pri:0, instance:org.jpwh.test.simple.SimpleTransitions@22ff4249]" started-at="2020-08-30T21:03:15Z" name="retrievePersistentReference" finished-at="2020-08-30T21:03:15Z" duration-ms="0" status="SKIP">
          <reporter-output>
          </reporter-output>
        </test-method> <!-- retrievePersistentReference -->
        <test-method is-config="true" signature="afterMethod()[pri:0, instance:org.jpwh.test.simple.SimpleTransitions@22ff4249]" started-at="2020-08-30T21:03:15Z" name="afterMethod" finished-at="2020-08-30T21:03:15Z" duration-ms="0" status="PASS">
          <reporter-output>
          </reporter-output>
        </test-method> <!-- afterMethod -->
        <test-method is-config="true" signature="beforeMethod()[pri:0, instance:org.jpwh.test.simple.SimpleTransitions@22ff4249]" started-at="2020-08-30T21:03:15Z" name="beforeMethod" finished-at="2020-08-30T21:03:15Z" duration-ms="0" status="SKIP">
          <reporter-output>
          </reporter-output>
        </test-method> <!-- beforeMethod -->
        <test-method signature="scopeOfIdentity()[pri:0, instance:org.jpwh.test.simple.SimpleTransitions@22ff4249]" started-at="2020-08-30T21:03:15Z" name="scopeOfIdentity" finished-at="2020-08-30T21:03:15Z" duration-ms="0" status="SKIP">
          <reporter-output>
          </reporter-output>
        </test-method> <!-- scopeOfIdentity -->
        <test-method is-config="true" signature="afterMethod()[pri:0, instance:org.jpwh.test.simple.SimpleTransitions@22ff4249]" started-at="2020-08-30T21:03:15Z" name="afterMethod" finished-at="2020-08-30T21:03:15Z" duration-ms="0" status="PASS">
          <reporter-output>
          </reporter-output>
        </test-method> <!-- afterMethod -->
      </class> <!-- org.jpwh.test.simple.SimpleTransitions -->
      <class name="org.jpwh.test.simple.CRUDMetadataHBMXML">
        <test-method is-config="true" signature="beforeClass()[pri:0, instance:org.jpwh.test.simple.CRUDMetadataHBMXML@702657cc]" started-at="2020-08-30T21:03:14Z" name="beforeClass" finished-at="2020-08-30T21:03:14Z" duration-ms="0" status="PASS">
          <reporter-output>
          </reporter-output>
        </test-method> <!-- beforeClass -->
        <test-method is-config="true" signature="beforeMethod()[pri:0, instance:org.jpwh.test.simple.CRUDMetadataHBMXML@702657cc]" started-at="2020-08-30T21:03:14Z" name="beforeMethod" finished-at="2020-08-30T21:03:14Z" duration-ms="0" status="FAIL">
          <exception class="javax.persistence.PersistenceException">
            <message>
              <![CDATA[Unable to build entity manager factory]]>
            </message>
            <full-stacktrace>
              <![CDATA[javax.persistence.PersistenceException: Unable to build entity manager factory
	at org.hibernate.jpa.HibernatePersistenceProvider.createEntityManagerFactory(HibernatePersistenceProvider.java:66)
	at javax.persistence.Persistence.createEntityManagerFactory(Persistence.java:55)
	at org.jpwh.env.JPASetup.<init>(JPASetup.java:62)
	at org.jpwh.env.JPATest.beforeMethod(JPATest.java:54)
	at java.base/jdk.internal.reflect.NativeMethodAccessorImpl.invoke0(Native Method)
	at java.base/jdk.internal.reflect.NativeMethodAccessorImpl.invoke(NativeMethodAccessorImpl.java:62)
	at java.base/jdk.internal.reflect.DelegatingMethodAccessorImpl.invoke(DelegatingMethodAccessorImpl.java:43)
	at java.base/java.lang.reflect.Method.invoke(Method.java:564)
	at org.testng.internal.MethodInvocationHelper.invokeMethod(MethodInvocationHelper.java:84)
	at org.testng.internal.Invoker.invokeConfigurationMethod(Invoker.java:564)
	at org.testng.internal.Invoker.invokeConfigurations(Invoker.java:213)
	at org.testng.internal.Invoker.invokeMethod(Invoker.java:653)
	at org.testng.internal.Invoker.invokeTestMethod(Invoker.java:901)
	at org.testng.internal.Invoker.invokeTestMethods(Invoker.java:1231)
	at org.testng.internal.TestMethodWorker.invokeTestMethods(TestMethodWorker.java:127)
	at org.testng.internal.TestMethodWorker.run(TestMethodWorker.java:111)
	at org.testng.TestRunner.privateRun(TestRunner.java:767)
	at org.testng.TestRunner.run(TestRunner.java:617)
	at org.testng.SuiteRunner.runTest(SuiteRunner.java:334)
	at org.testng.SuiteRunner.runSequentially(SuiteRunner.java:329)
	at org.testng.SuiteRunner.privateRun(SuiteRunner.java:291)
	at org.testng.SuiteRunner.run(SuiteRunner.java:240)
	at org.testng.SuiteRunnerWorker.runSuite(SuiteRunnerWorker.java:52)
	at org.testng.SuiteRunnerWorker.run(SuiteRunnerWorker.java:86)
	at org.testng.TestNG.runSuitesSequentially(TestNG.java:1224)
	at org.testng.TestNG.runSuitesLocally(TestNG.java:1149)
	at org.testng.TestNG.run(TestNG.java:1057)
	at org.apache.maven.surefire.testng.TestNGExecutor.run(TestNGExecutor.java:122)
	at org.apache.maven.surefire.testng.TestNGXmlTestSuite.execute(TestNGXmlTestSuite.java:92)
	at org.apache.maven.surefire.testng.TestNGProvider.invoke(TestNGProvider.java:101)
	at java.base/jdk.internal.reflect.NativeMethodAccessorImpl.invoke0(Native Method)
	at java.base/jdk.internal.reflect.NativeMethodAccessorImpl.invoke(NativeMethodAccessorImpl.java:62)
	at java.base/jdk.internal.reflect.DelegatingMethodAccessorImpl.invoke(DelegatingMethodAccessorImpl.java:43)
	at java.base/java.lang.reflect.Method.invoke(Method.java:564)
	at org.apache.maven.surefire.util.ReflectionUtils.invokeMethodWithArray(ReflectionUtils.java:164)
	at org.apache.maven.surefire.booter.ProviderFactory$ProviderProxy.invoke(ProviderFactory.java:110)
	at org.apache.maven.surefire.booter.SurefireStarter.invokeProvider(SurefireStarter.java:172)
	at org.apache.maven.surefire.booter.SurefireStarter.runSuitesInProcessWhenForked(SurefireStarter.java:104)
	at org.apache.maven.surefire.booter.ForkedBooter.main(ForkedBooter.java:70)
Caused by: org.hibernate.boot.InvalidMappingException: Could not parse mapping document: simple/Native.hbm.xml (RESOURCE)
	at org.hibernate.boot.jaxb.internal.InputStreamXmlSource.doBind(InputStreamXmlSource.java:46)
	at org.hibernate.boot.jaxb.internal.UrlXmlSource.doBind(UrlXmlSource.java:36)
	at org.hibernate.boot.spi.XmlMappingBinderAccess.bind(XmlMappingBinderAccess.java:59)
	at org.hibernate.boot.MetadataSources.addResource(MetadataSources.java:274)
	at org.hibernate.jpa.boot.internal.EntityManagerFactoryBuilderImpl.populate(EntityManagerFactoryBuilderImpl.java:668)
	at org.hibernate.jpa.boot.internal.EntityManagerFactoryBuilderImpl.<init>(EntityManagerFactoryBuilderImpl.java:175)
	at org.hibernate.jpa.boot.spi.Bootstrap.getEntityManagerFactoryBuilder(Bootstrap.java:34)
	at org.hibernate.jpa.HibernatePersistenceProvider.getEntityManagerFactoryBuilder(HibernatePersistenceProvider.java:165)
	at org.hibernate.jpa.HibernatePersistenceProvider.getEntityManagerFactoryBuilderOrNull(HibernatePersistenceProvider.java:114)
	at org.hibernate.jpa.HibernatePersistenceProvider.getEntityManagerFactoryBuilderOrNull(HibernatePersistenceProvider.java:71)
	at org.hibernate.jpa.HibernatePersistenceProvider.createEntityManagerFactory(HibernatePersistenceProvider.java:52)
	... 38 more
Caused by: org.hibernate.boot.MappingException: Unable to perform unmarshalling at line number 0 and column 0. Message: null : origin(simple/Native.hbm.xml)
	at org.hibernate.boot.jaxb.internal.AbstractBinder.jaxb(AbstractBinder.java:178)
	at org.hibernate.boot.jaxb.internal.MappingBinder.doBind(MappingBinder.java:57)
	at org.hibernate.boot.jaxb.internal.AbstractBinder.doBind(AbstractBinder.java:102)
	at org.hibernate.boot.jaxb.internal.AbstractBinder.bind(AbstractBinder.java:57)
	at org.hibernate.boot.jaxb.internal.InputStreamXmlSource.doBind(InputStreamXmlSource.java:43)
	... 48 more
Caused by: javax.xml.bind.JAXBException: Implementation of JAXB-API has not been found on module path or classpath.
 - with linked exception:
[java.lang.ClassNotFoundException: com.sun.xml.internal.bind.v2.ContextFactory]
	at javax.xml.bind.ContextFinder.newInstance(ContextFinder.java:278)
	at javax.xml.bind.ContextFinder.find(ContextFinder.java:421)
	at javax.xml.bind.JAXBContext.newInstance(JAXBContext.java:721)
	at javax.xml.bind.JAXBContext.newInstance(JAXBContext.java:662)
	at org.hibernate.boot.jaxb.internal.AbstractBinder.jaxb(AbstractBinder.java:162)
	... 52 more
Caused by: java.lang.ClassNotFoundException: com.sun.xml.internal.bind.v2.ContextFactory
	at java.base/jdk.internal.loader.BuiltinClassLoader.loadClass(BuiltinClassLoader.java:582)
	at java.base/jdk.internal.loader.ClassLoaders$AppClassLoader.loadClass(ClassLoaders.java:185)
	at java.base/java.lang.ClassLoader.loadClass(ClassLoader.java:496)
	at javax.xml.bind.ServiceLoaderUtil.nullSafeLoadClass(ServiceLoaderUtil.java:122)
	at javax.xml.bind.ServiceLoaderUtil.safeLoadClass(ServiceLoaderUtil.java:155)
	at javax.xml.bind.ContextFinder.newInstance(ContextFinder.java:276)
	... 56 more
]]>
            </full-stacktrace>
          </exception> <!-- javax.persistence.PersistenceException -->
          <reporter-output>
          </reporter-output>
        </test-method> <!-- beforeMethod -->
        <test-method signature="storeAndQueryItems()[pri:0, instance:org.jpwh.test.simple.CRUDMetadataHBMXML@702657cc]" started-at="2020-08-30T21:03:15Z" name="storeAndQueryItems" finished-at="2020-08-30T21:03:15Z" duration-ms="2" status="SKIP">
          <reporter-output>
          </reporter-output>
        </test-method> <!-- storeAndQueryItems -->
        <test-method is-config="true" signature="afterMethod()[pri:0, instance:org.jpwh.test.simple.CRUDMetadataHBMXML@702657cc]" started-at="2020-08-30T21:03:15Z" name="afterMethod" finished-at="2020-08-30T21:03:15Z" duration-ms="1" status="PASS">
          <reporter-output>
          </reporter-output>
        </test-method> <!-- afterMethod -->
      </class> <!-- org.jpwh.test.simple.CRUDMetadataHBMXML -->
      <class name="org.jpwh.test.simple.AccessJPAMetamodel">
        <test-method is-config="true" signature="beforeMethod()[pri:0, instance:org.jpwh.test.simple.AccessJPAMetamodel@22555ebf]" started-at="2020-08-30T21:03:15Z" name="beforeMethod" finished-at="2020-08-30T21:03:15Z" duration-ms="0" status="SKIP">
          <reporter-output>
          </reporter-output>
        </test-method> <!-- beforeMethod -->
        <test-method signature="accessDynamicMetamodel()[pri:0, instance:org.jpwh.test.simple.AccessJPAMetamodel@22555ebf]" started-at="2020-08-30T21:03:15Z" name="accessDynamicMetamodel" finished-at="2020-08-30T21:03:15Z" duration-ms="0" status="SKIP">
          <reporter-output>
          </reporter-output>
        </test-method> <!-- accessDynamicMetamodel -->
        <test-method is-config="true" signature="beforeClass()[pri:0, instance:org.jpwh.test.simple.AccessJPAMetamodel@22555ebf]" started-at="2020-08-30T21:03:15Z" name="beforeClass" finished-at="2020-08-30T21:03:15Z" duration-ms="0" status="SKIP">
          <reporter-output>
          </reporter-output>
        </test-method> <!-- beforeClass -->
        <test-method is-config="true" signature="afterMethod()[pri:0, instance:org.jpwh.test.simple.AccessJPAMetamodel@22555ebf]" started-at="2020-08-30T21:03:15Z" name="afterMethod" finished-at="2020-08-30T21:03:15Z" duration-ms="0" status="PASS">
          <reporter-output>
          </reporter-output>
        </test-method> <!-- afterMethod -->
        <test-method is-config="true" signature="afterMethod()[pri:0, instance:org.jpwh.test.simple.AccessJPAMetamodel@22555ebf]" started-at="2020-08-30T21:03:15Z" name="afterMethod" finished-at="2020-08-30T21:03:15Z" duration-ms="1" status="PASS">
          <reporter-output>
          </reporter-output>
        </test-method> <!-- afterMethod -->
        <test-method signature="accessStaticMetamodel()[pri:0, instance:org.jpwh.test.simple.AccessJPAMetamodel@22555ebf]" started-at="2020-08-30T21:03:15Z" name="accessStaticMetamodel" finished-at="2020-08-30T21:03:15Z" duration-ms="0" status="SKIP">
          <reporter-output>
          </reporter-output>
        </test-method> <!-- accessStaticMetamodel -->
        <test-method is-config="true" signature="beforeMethod()[pri:0, instance:org.jpwh.test.simple.AccessJPAMetamodel@22555ebf]" started-at="2020-08-30T21:03:15Z" name="beforeMethod" finished-at="2020-08-30T21:03:15Z" duration-ms="0" status="SKIP">
          <reporter-output>
          </reporter-output>
        </test-method> <!-- beforeMethod -->
        <test-method is-config="true" signature="beforeMethod()[pri:0, instance:org.jpwh.test.simple.AccessJPAMetamodel@22555ebf]" started-at="2020-08-30T21:03:15Z" name="beforeMethod" finished-at="2020-08-30T21:03:15Z" duration-ms="0" status="SKIP">
          <reporter-output>
          </reporter-output>
        </test-method> <!-- beforeMethod -->
        <test-method is-config="true" signature="afterMethod()[pri:0, instance:org.jpwh.test.simple.AccessJPAMetamodel@22555ebf]" started-at="2020-08-30T21:03:15Z" name="afterMethod" finished-at="2020-08-30T21:03:15Z" duration-ms="0" status="PASS">
          <reporter-output>
          </reporter-output>
        </test-method> <!-- afterMethod -->
        <test-method signature="queryStaticMetamodel()[pri:0, instance:org.jpwh.test.simple.AccessJPAMetamodel@22555ebf]" started-at="2020-08-30T21:03:15Z" name="queryStaticMetamodel" finished-at="2020-08-30T21:03:15Z" duration-ms="0" status="SKIP">
          <reporter-output>
          </reporter-output>
        </test-method> <!-- queryStaticMetamodel -->
      </class> <!-- org.jpwh.test.simple.AccessJPAMetamodel -->
      <class name="org.jpwh.test.simple.MappingManyToOne">
        <test-method is-config="true" signature="beforeClass()[pri:0, instance:org.jpwh.test.simple.MappingManyToOne@3c41ed1d]" started-at="2020-08-30T21:03:15Z" name="beforeClass" finished-at="2020-08-30T21:03:15Z" duration-ms="0" status="SKIP">
          <reporter-output>
          </reporter-output>
        </test-method> <!-- beforeClass -->
        <test-method is-config="true" signature="beforeMethod()[pri:0, instance:org.jpwh.test.simple.MappingManyToOne@3c41ed1d]" started-at="2020-08-30T21:03:15Z" name="beforeMethod" finished-at="2020-08-30T21:03:15Z" duration-ms="0" status="SKIP">
          <reporter-output>
          </reporter-output>
        </test-method> <!-- beforeMethod -->
        <test-method is-config="true" signature="afterMethod()[pri:0, instance:org.jpwh.test.simple.MappingManyToOne@3c41ed1d]" started-at="2020-08-30T21:03:15Z" name="afterMethod" finished-at="2020-08-30T21:03:15Z" duration-ms="0" status="PASS">
          <reporter-output>
          </reporter-output>
        </test-method> <!-- afterMethod -->
        <test-method signature="storeAndLoadBids()[pri:0, instance:org.jpwh.test.simple.MappingManyToOne@3c41ed1d]" started-at="2020-08-30T21:03:15Z" name="storeAndLoadBids" finished-at="2020-08-30T21:03:15Z" duration-ms="0" status="SKIP">
          <reporter-output>
          </reporter-output>
        </test-method> <!-- storeAndLoadBids -->
      </class> <!-- org.jpwh.test.simple.MappingManyToOne -->
      <class name="org.jpwh.test.simple.ModelOperations">
        <test-method signature="linkBidAndItem()[pri:0, instance:org.jpwh.test.simple.ModelOperations@38425407]" started-at="2020-08-30T21:03:15Z" name="linkBidAndItem" finished-at="2020-08-30T21:03:15Z" duration-ms="1" status="PASS">
          <reporter-output>
          </reporter-output>
        </test-method> <!-- linkBidAndItem -->
        <test-method signature="validateItem()[pri:0, instance:org.jpwh.test.simple.ModelOperations@38425407]" started-at="2020-08-30T21:03:15Z" name="validateItem" finished-at="2020-08-30T21:03:15Z" duration-ms="1" status="FAIL">
          <exception class="javax.validation.ValidationException">
            <message>
              <![CDATA[Unable to instantiate Configuration.]]>
            </message>
            <full-stacktrace>
              <![CDATA[javax.validation.ValidationException: Unable to instantiate Configuration.
	at javax.validation.Validation$GenericBootstrapImpl.configure(Validation.java:279)
	at javax.validation.Validation.buildDefaultValidatorFactory(Validation.java:110)
	at org.jpwh.test.simple.ModelOperations.validateItem(ModelOperations.java:42)
	at java.base/jdk.internal.reflect.NativeMethodAccessorImpl.invoke0(Native Method)
	at java.base/jdk.internal.reflect.NativeMethodAccessorImpl.invoke(NativeMethodAccessorImpl.java:62)
	at java.base/jdk.internal.reflect.DelegatingMethodAccessorImpl.invoke(DelegatingMethodAccessorImpl.java:43)
	at java.base/java.lang.reflect.Method.invoke(Method.java:564)
	at org.testng.internal.MethodInvocationHelper.invokeMethod(MethodInvocationHelper.java:84)
	at org.testng.internal.Invoker.invokeMethod(Invoker.java:714)
	at org.testng.internal.Invoker.invokeTestMethod(Invoker.java:901)
	at org.testng.internal.Invoker.invokeTestMethods(Invoker.java:1231)
	at org.testng.internal.TestMethodWorker.invokeTestMethods(TestMethodWorker.java:127)
	at org.testng.internal.TestMethodWorker.run(TestMethodWorker.java:111)
	at org.testng.TestRunner.privateRun(TestRunner.java:767)
	at org.testng.TestRunner.run(TestRunner.java:617)
	at org.testng.SuiteRunner.runTest(SuiteRunner.java:334)
	at org.testng.SuiteRunner.runSequentially(SuiteRunner.java:329)
	at org.testng.SuiteRunner.privateRun(SuiteRunner.java:291)
	at org.testng.SuiteRunner.run(SuiteRunner.java:240)
	at org.testng.SuiteRunnerWorker.runSuite(SuiteRunnerWorker.java:52)
	at org.testng.SuiteRunnerWorker.run(SuiteRunnerWorker.java:86)
	at org.testng.TestNG.runSuitesSequentially(TestNG.java:1224)
	at org.testng.TestNG.runSuitesLocally(TestNG.java:1149)
	at org.testng.TestNG.run(TestNG.java:1057)
	at org.apache.maven.surefire.testng.TestNGExecutor.run(TestNGExecutor.java:122)
	at org.apache.maven.surefire.testng.TestNGXmlTestSuite.execute(TestNGXmlTestSuite.java:92)
	at org.apache.maven.surefire.testng.TestNGProvider.invoke(TestNGProvider.java:101)
	at java.base/jdk.internal.reflect.NativeMethodAccessorImpl.invoke0(Native Method)
	at java.base/jdk.internal.reflect.NativeMethodAccessorImpl.invoke(NativeMethodAccessorImpl.java:62)
	at java.base/jdk.internal.reflect.DelegatingMethodAccessorImpl.invoke(DelegatingMethodAccessorImpl.java:43)
	at java.base/java.lang.reflect.Method.invoke(Method.java:564)
	at org.apache.maven.surefire.util.ReflectionUtils.invokeMethodWithArray(ReflectionUtils.java:164)
	at org.apache.maven.surefire.booter.ProviderFactory$ProviderProxy.invoke(ProviderFactory.java:110)
	at org.apache.maven.surefire.booter.SurefireStarter.invokeProvider(SurefireStarter.java:172)
	at org.apache.maven.surefire.booter.SurefireStarter.runSuitesInProcessWhenForked(SurefireStarter.java:104)
	at org.apache.maven.surefire.booter.ForkedBooter.main(ForkedBooter.java:70)
Caused by: java.lang.ArrayIndexOutOfBoundsException: 1
	at org.hibernate.validator.internal.util.Version.getJavaRelease(Version.java:36)
	at org.hibernate.validator.internal.engine.ConfigurationImpl.<init>(ConfigurationImpl.java:119)
	at org.hibernate.validator.internal.engine.ConfigurationImpl.<init>(ConfigurationImpl.java:95)
	at org.hibernate.validator.HibernateValidator.createGenericConfiguration(HibernateValidator.java:31)
	at javax.validation.Validation$GenericBootstrapImpl.configure(Validation.java:276)
	... 35 more
]]>
            </full-stacktrace>
          </exception> <!-- javax.validation.ValidationException -->
          <reporter-output>
          </reporter-output>
        </test-method> <!-- validateItem -->
      </class> <!-- org.jpwh.test.simple.ModelOperations -->
      <class name="org.jpwh.test.simple.CRUDMetadataOverrideXML">
        <test-method is-config="true" signature="beforeClass()[pri:0, instance:org.jpwh.test.simple.CRUDMetadataOverrideXML@54d9d12d]" started-at="2020-08-30T21:03:15Z" name="beforeClass" finished-at="2020-08-30T21:03:15Z" duration-ms="0" status="SKIP">
          <reporter-output>
          </reporter-output>
        </test-method> <!-- beforeClass -->
        <test-method is-config="true" signature="beforeMethod()[pri:0, instance:org.jpwh.test.simple.CRUDMetadataOverrideXML@54d9d12d]" started-at="2020-08-30T21:03:15Z" name="beforeMethod" finished-at="2020-08-30T21:03:15Z" duration-ms="0" status="SKIP">
          <reporter-output>
          </reporter-output>
        </test-method> <!-- beforeMethod -->
        <test-method signature="checkMetadataOverride()[pri:0, instance:org.jpwh.test.simple.CRUDMetadataOverrideXML@54d9d12d]" started-at="2020-08-30T21:03:15Z" name="checkMetadataOverride" finished-at="2020-08-30T21:03:15Z" duration-ms="1" status="SKIP">
          <reporter-output>
          </reporter-output>
        </test-method> <!-- checkMetadataOverride -->
        <test-method is-config="true" signature="afterMethod()[pri:0, instance:org.jpwh.test.simple.CRUDMetadataOverrideXML@54d9d12d]" started-at="2020-08-30T21:03:15Z" name="afterMethod" finished-at="2020-08-30T21:03:15Z" duration-ms="0" status="PASS">
          <reporter-output>
          </reporter-output>
        </test-method> <!-- afterMethod -->
        <test-method is-config="true" signature="beforeMethod()[pri:0, instance:org.jpwh.test.simple.CRUDMetadataOverrideXML@54d9d12d]" started-at="2020-08-30T21:03:15Z" name="beforeMethod" finished-at="2020-08-30T21:03:15Z" duration-ms="0" status="SKIP">
          <reporter-output>
          </reporter-output>
        </test-method> <!-- beforeMethod -->
        <test-method is-config="true" signature="afterMethod()[pri:0, instance:org.jpwh.test.simple.CRUDMetadataOverrideXML@54d9d12d]" started-at="2020-08-30T21:03:15Z" name="afterMethod" finished-at="2020-08-30T21:03:15Z" duration-ms="0" status="PASS">
          <reporter-output>
          </reporter-output>
        </test-method> <!-- afterMethod -->
        <test-method signature="storeAndQueryItems()[pri:0, instance:org.jpwh.test.simple.CRUDMetadataOverrideXML@54d9d12d]" started-at="2020-08-30T21:03:15Z" name="storeAndQueryItems" finished-at="2020-08-30T21:03:15Z" duration-ms="0" status="SKIP">
          <reporter-output>
          </reporter-output>
        </test-method> <!-- storeAndQueryItems -->
      </class> <!-- org.jpwh.test.simple.CRUDMetadataOverrideXML -->
      <class name="org.jpwh.test.simple.MappingEmbeddables">
        <test-method is-config="true" signature="beforeClass()[pri:0, instance:org.jpwh.test.simple.MappingEmbeddables@34e9fd99]" started-at="2020-08-30T21:03:15Z" name="beforeClass" finished-at="2020-08-30T21:03:15Z" duration-ms="0" status="SKIP">
          <reporter-output>
          </reporter-output>
        </test-method> <!-- beforeClass -->
        <test-method is-config="true" signature="beforeMethod()[pri:0, instance:org.jpwh.test.simple.MappingEmbeddables@34e9fd99]" started-at="2020-08-30T21:03:15Z" name="beforeMethod" finished-at="2020-08-30T21:03:15Z" duration-ms="0" status="SKIP">
          <reporter-output>
          </reporter-output>
        </test-method> <!-- beforeMethod -->
        <test-method is-config="true" signature="beforeMethod()[pri:0, instance:org.jpwh.test.simple.MappingEmbeddables@34e9fd99]" started-at="2020-08-30T21:03:15Z" name="beforeMethod" finished-at="2020-08-30T21:03:15Z" duration-ms="0" status="SKIP">
          <reporter-output>
          </reporter-output>
        </test-method> <!-- beforeMethod -->
        <test-method is-config="true" signature="afterMethod()[pri:0, instance:org.jpwh.test.simple.MappingEmbeddables@34e9fd99]" started-at="2020-08-30T21:03:15Z" name="afterMethod" finished-at="2020-08-30T21:03:15Z" duration-ms="0" status="PASS">
          <reporter-output>
          </reporter-output>
        </test-method> <!-- afterMethod -->
        <test-method signature="storeAndLoadInvalidUsers()[pri:0, instance:org.jpwh.test.simple.MappingEmbeddables@34e9fd99]" started-at="2020-08-30T21:03:15Z" name="storeAndLoadInvalidUsers" finished-at="2020-08-30T21:03:15Z" duration-ms="0" status="SKIP">
          <reporter-output>
          </reporter-output>
        </test-method> <!-- storeAndLoadInvalidUsers -->
        <test-method signature="storeAndLoadUsers()[pri:0, instance:org.jpwh.test.simple.MappingEmbeddables@34e9fd99]" started-at="2020-08-30T21:03:15Z" name="storeAndLoadUsers" finished-at="2020-08-30T21:03:15Z" duration-ms="0" status="SKIP">
          <reporter-output>
          </reporter-output>
        </test-method> <!-- storeAndLoadUsers -->
        <test-method is-config="true" signature="afterMethod()[pri:0, instance:org.jpwh.test.simple.MappingEmbeddables@34e9fd99]" started-at="2020-08-30T21:03:15Z" name="afterMethod" finished-at="2020-08-30T21:03:15Z" duration-ms="0" status="PASS">
          <reporter-output>
          </reporter-output>
        </test-method> <!-- afterMethod -->
      </class> <!-- org.jpwh.test.simple.MappingEmbeddables -->
    </test> <!-- Simple Mappings -->
    <test started-at="2020-08-31T01:03:15Z" name="Inheritance Mappings" finished-at="2020-08-31T01:03:19Z" duration-ms="4050">
      <class name="org.jpwh.test.inheritance.Joined">
        <test-method is-config="true" signature="beforeMethod()[pri:0, instance:org.jpwh.test.inheritance.Joined@77c2494c]" started-at="2020-08-30T21:03:19Z" name="beforeMethod" finished-at="2020-08-30T21:03:19Z" duration-ms="0" status="SKIP">
          <reporter-output>
          </reporter-output>
        </test-method> <!-- beforeMethod -->
        <test-method is-config="true" signature="beforeClass()[pri:0, instance:org.jpwh.test.inheritance.Joined@77c2494c]" started-at="2020-08-30T21:03:19Z" name="beforeClass" finished-at="2020-08-30T21:03:19Z" duration-ms="0" status="SKIP">
          <reporter-output>
          </reporter-output>
        </test-method> <!-- beforeClass -->
        <test-method is-config="true" signature="beforeMethod()[pri:0, instance:org.jpwh.test.inheritance.Joined@77c2494c]" started-at="2020-08-30T21:03:19Z" name="beforeMethod" finished-at="2020-08-30T21:03:19Z" duration-ms="0" status="SKIP">
          <reporter-output>
          </reporter-output>
        </test-method> <!-- beforeMethod -->
        <test-method signature="storeBillingDetailsLoadCreditCards()[pri:0, instance:org.jpwh.test.inheritance.Joined@77c2494c]" started-at="2020-08-30T21:03:19Z" name="storeBillingDetailsLoadCreditCards" finished-at="2020-08-30T21:03:19Z" duration-ms="0" status="SKIP">
          <reporter-output>
          </reporter-output>
        </test-method> <!-- storeBillingDetailsLoadCreditCards -->
        <test-method is-config="true" signature="afterMethod()[pri:0, instance:org.jpwh.test.inheritance.Joined@77c2494c]" started-at="2020-08-30T21:03:19Z" name="afterMethod" finished-at="2020-08-30T21:03:19Z" duration-ms="1" status="PASS">
          <reporter-output>
          </reporter-output>
        </test-method> <!-- afterMethod -->
        <test-method is-config="true" signature="afterMethod()[pri:0, instance:org.jpwh.test.inheritance.Joined@77c2494c]" started-at="2020-08-30T21:03:19Z" name="afterMethod" finished-at="2020-08-30T21:03:19Z" duration-ms="0" status="PASS">
          <reporter-output>
          </reporter-output>
        </test-method> <!-- afterMethod -->
        <test-method signature="jdbcBillingDetailsSqlQuery()[pri:0, instance:org.jpwh.test.inheritance.Joined@77c2494c]" started-at="2020-08-30T21:03:19Z" name="jdbcBillingDetailsSqlQuery" finished-at="2020-08-30T21:03:19Z" duration-ms="0" status="SKIP">
          <reporter-output>
          </reporter-output>
        </test-method> <!-- jdbcBillingDetailsSqlQuery -->
        <test-method is-config="true" signature="beforeMethod()[pri:0, instance:org.jpwh.test.inheritance.Joined@77c2494c]" started-at="2020-08-30T21:03:19Z" name="beforeMethod" finished-at="2020-08-30T21:03:19Z" duration-ms="0" status="SKIP">
          <reporter-output>
          </reporter-output>
        </test-method> <!-- beforeMethod -->
        <test-method signature="jdbcCreditCardSqlQuery()[pri:0, instance:org.jpwh.test.inheritance.Joined@77c2494c]" started-at="2020-08-30T21:03:19Z" name="jdbcCreditCardSqlQuery" finished-at="2020-08-30T21:03:19Z" duration-ms="0" status="SKIP">
          <reporter-output>
          </reporter-output>
        </test-method> <!-- jdbcCreditCardSqlQuery -->
        <test-method is-config="true" signature="beforeMethod()[pri:0, instance:org.jpwh.test.inheritance.Joined@77c2494c]" started-at="2020-08-30T21:03:19Z" name="beforeMethod" finished-at="2020-08-30T21:03:19Z" duration-ms="0" status="SKIP">
          <reporter-output>
          </reporter-output>
        </test-method> <!-- beforeMethod -->
        <test-method is-config="true" signature="afterMethod()[pri:0, instance:org.jpwh.test.inheritance.Joined@77c2494c]" started-at="2020-08-30T21:03:19Z" name="afterMethod" finished-at="2020-08-30T21:03:19Z" duration-ms="0" status="PASS">
          <reporter-output>
          </reporter-output>
        </test-method> <!-- afterMethod -->
        <test-method is-config="true" signature="afterMethod()[pri:0, instance:org.jpwh.test.inheritance.Joined@77c2494c]" started-at="2020-08-30T21:03:19Z" name="afterMethod" finished-at="2020-08-30T21:03:19Z" duration-ms="0" status="PASS">
          <reporter-output>
          </reporter-output>
        </test-method> <!-- afterMethod -->
        <test-method signature="storeLoadBillingDetails()[pri:0, instance:org.jpwh.test.inheritance.Joined@77c2494c]" started-at="2020-08-30T21:03:19Z" name="storeLoadBillingDetails" finished-at="2020-08-30T21:03:19Z" duration-ms="0" status="SKIP">
          <reporter-output>
          </reporter-output>
        </test-method> <!-- storeLoadBillingDetails -->
      </class> <!-- org.jpwh.test.inheritance.Joined -->
      <class name="org.jpwh.test.inheritance.TablePerClass">
        <test-method is-config="true" signature="beforeClass()[pri:0, instance:org.jpwh.test.inheritance.TablePerClass@233795b6]" started-at="2020-08-30T21:03:17Z" name="beforeClass" finished-at="2020-08-30T21:03:17Z" duration-ms="1" status="PASS">
          <reporter-output>
          </reporter-output>
        </test-method> <!-- beforeClass -->
        <test-method is-config="true" signature="beforeMethod()[pri:0, instance:org.jpwh.test.inheritance.TablePerClass@233795b6]" started-at="2020-08-30T21:03:17Z" name="beforeMethod" finished-at="2020-08-30T21:03:17Z" duration-ms="178" status="PASS">
          <reporter-output>
          </reporter-output>
        </test-method> <!-- beforeMethod -->
        <test-method signature="storeBillingDetailsLoadCreditCards()[pri:0, instance:org.jpwh.test.inheritance.TablePerClass@233795b6]" started-at="2020-08-30T21:03:17Z" name="storeBillingDetailsLoadCreditCards" finished-at="2020-08-30T21:03:17Z" duration-ms="10" status="PASS">
          <reporter-output>
          </reporter-output>
        </test-method> <!-- storeBillingDetailsLoadCreditCards -->
        <test-method is-config="true" signature="afterMethod()[pri:0, instance:org.jpwh.test.inheritance.TablePerClass@233795b6]" started-at="2020-08-30T21:03:17Z" name="afterMethod" finished-at="2020-08-30T21:03:17Z" duration-ms="58" status="PASS">
          <reporter-output>
          </reporter-output>
        </test-method> <!-- afterMethod -->
        <test-method is-config="true" signature="beforeMethod()[pri:0, instance:org.jpwh.test.inheritance.TablePerClass@233795b6]" started-at="2020-08-30T21:03:17Z" name="beforeMethod" finished-at="2020-08-30T21:03:17Z" duration-ms="162" status="PASS">
          <reporter-output>
          </reporter-output>
        </test-method> <!-- beforeMethod -->
        <test-method signature="jdbcBillingDetailsSqlQuery()[pri:0, instance:org.jpwh.test.inheritance.TablePerClass@233795b6]" started-at="2020-08-30T21:03:17Z" name="jdbcBillingDetailsSqlQuery" finished-at="2020-08-30T21:03:17Z" duration-ms="18" status="PASS">
          <reporter-output>
          </reporter-output>
        </test-method> <!-- jdbcBillingDetailsSqlQuery -->
        <test-method is-config="true" signature="afterMethod()[pri:0, instance:org.jpwh.test.inheritance.TablePerClass@233795b6]" started-at="2020-08-30T21:03:17Z" name="afterMethod" finished-at="2020-08-30T21:03:17Z" duration-ms="51" status="PASS">
          <reporter-output>
          </reporter-output>
        </test-method> <!-- afterMethod -->
        <test-method is-config="true" signature="beforeMethod()[pri:0, instance:org.jpwh.test.inheritance.TablePerClass@233795b6]" started-at="2020-08-30T21:03:17Z" name="beforeMethod" finished-at="2020-08-30T21:03:18Z" duration-ms="173" status="PASS">
          <reporter-output>
          </reporter-output>
        </test-method> <!-- beforeMethod -->
        <test-method signature="storeLoadBillingDetails()[pri:0, instance:org.jpwh.test.inheritance.TablePerClass@233795b6]" started-at="2020-08-30T21:03:18Z" name="storeLoadBillingDetails" finished-at="2020-08-30T21:03:18Z" duration-ms="9" status="PASS">
          <reporter-output>
          </reporter-output>
        </test-method> <!-- storeLoadBillingDetails -->
        <test-method is-config="true" signature="afterMethod()[pri:0, instance:org.jpwh.test.inheritance.TablePerClass@233795b6]" started-at="2020-08-30T21:03:18Z" name="afterMethod" finished-at="2020-08-30T21:03:18Z" duration-ms="55" status="PASS">
          <reporter-output>
          </reporter-output>
        </test-method> <!-- afterMethod -->
      </class> <!-- org.jpwh.test.inheritance.TablePerClass -->
      <class name="org.jpwh.test.inheritance.PolymorphicOneToMany">
        <test-method is-config="true" signature="beforeClass()[pri:0, instance:org.jpwh.test.inheritance.PolymorphicOneToMany@229f66ed]" started-at="2020-08-30T21:03:18Z" name="beforeClass" finished-at="2020-08-30T21:03:18Z" duration-ms="0" status="PASS">
          <reporter-output>
          </reporter-output>
        </test-method> <!-- beforeClass -->
        <test-method is-config="true" signature="beforeMethod()[pri:0, instance:org.jpwh.test.inheritance.PolymorphicOneToMany@229f66ed]" started-at="2020-08-30T21:03:18Z" name="beforeMethod" finished-at="2020-08-30T21:03:19Z" duration-ms="237" status="PASS">
          <reporter-output>
          </reporter-output>
        </test-method> <!-- beforeMethod -->
        <test-method signature="storeAndLoadItemBids()[pri:0, instance:org.jpwh.test.inheritance.PolymorphicOneToMany@229f66ed]" started-at="2020-08-30T21:03:19Z" name="storeAndLoadItemBids" finished-at="2020-08-30T21:03:19Z" duration-ms="53" status="PASS">
          <reporter-output>
          </reporter-output>
        </test-method> <!-- storeAndLoadItemBids -->
        <test-method is-config="true" signature="afterMethod()[pri:0, instance:org.jpwh.test.inheritance.PolymorphicOneToMany@229f66ed]" started-at="2020-08-30T21:03:19Z" name="afterMethod" finished-at="2020-08-30T21:03:19Z" duration-ms="57" status="PASS">
          <reporter-output>
          </reporter-output>
        </test-method> <!-- afterMethod -->
      </class> <!-- org.jpwh.test.inheritance.PolymorphicOneToMany -->
      <class name="org.jpwh.test.inheritance.Embeddable">
        <test-method is-config="true" signature="beforeClass()[pri:0, instance:org.jpwh.test.inheritance.Embeddable@662ac478]" started-at="2020-08-30T21:03:19Z" name="beforeClass" finished-at="2020-08-30T21:03:19Z" duration-ms="0" status="SKIP">
          <reporter-output>
          </reporter-output>
        </test-method> <!-- beforeClass -->
        <test-method signature="storeAndLoad()[pri:0, instance:org.jpwh.test.inheritance.Embeddable@662ac478]" started-at="2020-08-30T21:03:19Z" name="storeAndLoad" finished-at="2020-08-30T21:03:19Z" duration-ms="1" status="SKIP">
          <reporter-output>
          </reporter-output>
        </test-method> <!-- storeAndLoad -->
        <test-method is-config="true" signature="beforeMethod()[pri:0, instance:org.jpwh.test.inheritance.Embeddable@662ac478]" started-at="2020-08-30T21:03:19Z" name="beforeMethod" finished-at="2020-08-30T21:03:19Z" duration-ms="0" status="SKIP">
          <reporter-output>
          </reporter-output>
        </test-method> <!-- beforeMethod -->
        <test-method is-config="true" signature="afterMethod()[pri:0, instance:org.jpwh.test.inheritance.Embeddable@662ac478]" started-at="2020-08-30T21:03:19Z" name="afterMethod" finished-at="2020-08-30T21:03:19Z" duration-ms="0" status="PASS">
          <reporter-output>
          </reporter-output>
        </test-method> <!-- afterMethod -->
      </class> <!-- org.jpwh.test.inheritance.Embeddable -->
      <class name="org.jpwh.test.inheritance.MixedFetchSelect">
        <test-method is-config="true" signature="beforeClass()[pri:0, instance:org.jpwh.test.inheritance.MixedFetchSelect@3eb25e1a]" started-at="2020-08-30T21:03:19Z" name="beforeClass" finished-at="2020-08-30T21:03:19Z" duration-ms="1" status="PASS">
          <reporter-output>
          </reporter-output>
        </test-method> <!-- beforeClass -->
        <test-method is-config="true" signature="beforeMethod()[pri:0, instance:org.jpwh.test.inheritance.MixedFetchSelect@3eb25e1a]" started-at="2020-08-30T21:03:19Z" name="beforeMethod" finished-at="2020-08-30T21:03:19Z" duration-ms="0" status="FAIL">
          <exception class="javax.persistence.PersistenceException">
            <message>
              <![CDATA[Unable to build entity manager factory]]>
            </message>
            <full-stacktrace>
              <![CDATA[javax.persistence.PersistenceException: Unable to build entity manager factory
	at org.hibernate.jpa.HibernatePersistenceProvider.createEntityManagerFactory(HibernatePersistenceProvider.java:66)
	at javax.persistence.Persistence.createEntityManagerFactory(Persistence.java:55)
	at org.jpwh.env.JPASetup.<init>(JPASetup.java:62)
	at org.jpwh.env.JPATest.beforeMethod(JPATest.java:54)
	at jdk.internal.reflect.GeneratedMethodAccessor32.invoke(Unknown Source)
	at java.base/jdk.internal.reflect.DelegatingMethodAccessorImpl.invoke(DelegatingMethodAccessorImpl.java:43)
	at java.base/java.lang.reflect.Method.invoke(Method.java:564)
	at org.testng.internal.MethodInvocationHelper.invokeMethod(MethodInvocationHelper.java:84)
	at org.testng.internal.Invoker.invokeConfigurationMethod(Invoker.java:564)
	at org.testng.internal.Invoker.invokeConfigurations(Invoker.java:213)
	at org.testng.internal.Invoker.invokeMethod(Invoker.java:653)
	at org.testng.internal.Invoker.invokeTestMethod(Invoker.java:901)
	at org.testng.internal.Invoker.invokeTestMethods(Invoker.java:1231)
	at org.testng.internal.TestMethodWorker.invokeTestMethods(TestMethodWorker.java:127)
	at org.testng.internal.TestMethodWorker.run(TestMethodWorker.java:111)
	at org.testng.TestRunner.privateRun(TestRunner.java:767)
	at org.testng.TestRunner.run(TestRunner.java:617)
	at org.testng.SuiteRunner.runTest(SuiteRunner.java:334)
	at org.testng.SuiteRunner.runSequentially(SuiteRunner.java:329)
	at org.testng.SuiteRunner.privateRun(SuiteRunner.java:291)
	at org.testng.SuiteRunner.run(SuiteRunner.java:240)
	at org.testng.SuiteRunnerWorker.runSuite(SuiteRunnerWorker.java:52)
	at org.testng.SuiteRunnerWorker.run(SuiteRunnerWorker.java:86)
	at org.testng.TestNG.runSuitesSequentially(TestNG.java:1224)
	at org.testng.TestNG.runSuitesLocally(TestNG.java:1149)
	at org.testng.TestNG.run(TestNG.java:1057)
	at org.apache.maven.surefire.testng.TestNGExecutor.run(TestNGExecutor.java:122)
	at org.apache.maven.surefire.testng.TestNGXmlTestSuite.execute(TestNGXmlTestSuite.java:92)
	at org.apache.maven.surefire.testng.TestNGProvider.invoke(TestNGProvider.java:101)
	at java.base/jdk.internal.reflect.NativeMethodAccessorImpl.invoke0(Native Method)
	at java.base/jdk.internal.reflect.NativeMethodAccessorImpl.invoke(NativeMethodAccessorImpl.java:62)
	at java.base/jdk.internal.reflect.DelegatingMethodAccessorImpl.invoke(DelegatingMethodAccessorImpl.java:43)
	at java.base/java.lang.reflect.Method.invoke(Method.java:564)
	at org.apache.maven.surefire.util.ReflectionUtils.invokeMethodWithArray(ReflectionUtils.java:164)
	at org.apache.maven.surefire.booter.ProviderFactory$ProviderProxy.invoke(ProviderFactory.java:110)
	at org.apache.maven.surefire.booter.SurefireStarter.invokeProvider(SurefireStarter.java:172)
	at org.apache.maven.surefire.booter.SurefireStarter.runSuitesInProcessWhenForked(SurefireStarter.java:104)
	at org.apache.maven.surefire.booter.ForkedBooter.main(ForkedBooter.java:70)
Caused by: org.hibernate.boot.InvalidMappingException: Could not parse mapping document: inheritance/mixed/FetchSelect.hbm.xml (RESOURCE)
	at org.hibernate.boot.jaxb.internal.InputStreamXmlSource.doBind(InputStreamXmlSource.java:46)
	at org.hibernate.boot.jaxb.internal.UrlXmlSource.doBind(UrlXmlSource.java:36)
	at org.hibernate.boot.spi.XmlMappingBinderAccess.bind(XmlMappingBinderAccess.java:59)
	at org.hibernate.boot.MetadataSources.addResource(MetadataSources.java:274)
	at org.hibernate.jpa.boot.internal.EntityManagerFactoryBuilderImpl.populate(EntityManagerFactoryBuilderImpl.java:668)
	at org.hibernate.jpa.boot.internal.EntityManagerFactoryBuilderImpl.<init>(EntityManagerFactoryBuilderImpl.java:175)
	at org.hibernate.jpa.boot.spi.Bootstrap.getEntityManagerFactoryBuilder(Bootstrap.java:34)
	at org.hibernate.jpa.HibernatePersistenceProvider.getEntityManagerFactoryBuilder(HibernatePersistenceProvider.java:165)
	at org.hibernate.jpa.HibernatePersistenceProvider.getEntityManagerFactoryBuilderOrNull(HibernatePersistenceProvider.java:114)
	at org.hibernate.jpa.HibernatePersistenceProvider.getEntityManagerFactoryBuilderOrNull(HibernatePersistenceProvider.java:71)
	at org.hibernate.jpa.HibernatePersistenceProvider.createEntityManagerFactory(HibernatePersistenceProvider.java:52)
	... 37 more
Caused by: org.hibernate.boot.MappingException: Unable to perform unmarshalling at line number 0 and column 0. Message: null : origin(inheritance/mixed/FetchSelect.hbm.xml)
	at org.hibernate.boot.jaxb.internal.AbstractBinder.jaxb(AbstractBinder.java:178)
	at org.hibernate.boot.jaxb.internal.MappingBinder.doBind(MappingBinder.java:57)
	at org.hibernate.boot.jaxb.internal.AbstractBinder.doBind(AbstractBinder.java:102)
	at org.hibernate.boot.jaxb.internal.AbstractBinder.bind(AbstractBinder.java:57)
	at org.hibernate.boot.jaxb.internal.InputStreamXmlSource.doBind(InputStreamXmlSource.java:43)
	... 47 more
Caused by: javax.xml.bind.JAXBException: Implementation of JAXB-API has not been found on module path or classpath.
 - with linked exception:
[java.lang.ClassNotFoundException: com.sun.xml.internal.bind.v2.ContextFactory]
	at javax.xml.bind.ContextFinder.newInstance(ContextFinder.java:278)
	at javax.xml.bind.ContextFinder.find(ContextFinder.java:421)
	at javax.xml.bind.JAXBContext.newInstance(JAXBContext.java:721)
	at javax.xml.bind.JAXBContext.newInstance(JAXBContext.java:662)
	at org.hibernate.boot.jaxb.internal.AbstractBinder.jaxb(AbstractBinder.java:162)
	... 51 more
Caused by: java.lang.ClassNotFoundException: com.sun.xml.internal.bind.v2.ContextFactory
	at java.base/jdk.internal.loader.BuiltinClassLoader.loadClass(BuiltinClassLoader.java:582)
	at java.base/jdk.internal.loader.ClassLoaders$AppClassLoader.loadClass(ClassLoaders.java:185)
	at java.base/java.lang.ClassLoader.loadClass(ClassLoader.java:496)
	at javax.xml.bind.ServiceLoaderUtil.nullSafeLoadClass(ServiceLoaderUtil.java:122)
	at javax.xml.bind.ServiceLoaderUtil.safeLoadClass(ServiceLoaderUtil.java:155)
	at javax.xml.bind.ContextFinder.newInstance(ContextFinder.java:276)
	... 55 more
]]>
            </full-stacktrace>
          </exception> <!-- javax.persistence.PersistenceException -->
          <reporter-output>
          </reporter-output>
        </test-method> <!-- beforeMethod -->
        <test-method is-config="true" signature="afterMethod()[pri:0, instance:org.jpwh.test.inheritance.MixedFetchSelect@3eb25e1a]" started-at="2020-08-30T21:03:19Z" name="afterMethod" finished-at="2020-08-30T21:03:19Z" duration-ms="1" status="PASS">
          <reporter-output>
          </reporter-output>
        </test-method> <!-- afterMethod -->
        <test-method signature="storeBillingDetailsLoadCreditCards()[pri:0, instance:org.jpwh.test.inheritance.MixedFetchSelect@3eb25e1a]" started-at="2020-08-30T21:03:19Z" name="storeBillingDetailsLoadCreditCards" finished-at="2020-08-30T21:03:19Z" duration-ms="0" status="SKIP">
          <reporter-output>
          </reporter-output>
        </test-method> <!-- storeBillingDetailsLoadCreditCards -->
        <test-method signature="jdbcBillingDetailsSqlQuery()[pri:0, instance:org.jpwh.test.inheritance.MixedFetchSelect@3eb25e1a]" started-at="2020-08-30T21:03:19Z" name="jdbcBillingDetailsSqlQuery" finished-at="2020-08-30T21:03:19Z" duration-ms="0" status="SKIP">
          <reporter-output>
          </reporter-output>
        </test-method> <!-- jdbcBillingDetailsSqlQuery -->
        <test-method signature="storeLoadBillingDetails()[pri:0, instance:org.jpwh.test.inheritance.MixedFetchSelect@3eb25e1a]" started-at="2020-08-30T21:03:19Z" name="storeLoadBillingDetails" finished-at="2020-08-30T21:03:19Z" duration-ms="0" status="SKIP">
          <reporter-output>
          </reporter-output>
        </test-method> <!-- storeLoadBillingDetails -->
        <test-method is-config="true" signature="afterMethod()[pri:0, instance:org.jpwh.test.inheritance.MixedFetchSelect@3eb25e1a]" started-at="2020-08-30T21:03:19Z" name="afterMethod" finished-at="2020-08-30T21:03:19Z" duration-ms="0" status="PASS">
          <reporter-output>
          </reporter-output>
        </test-method> <!-- afterMethod -->
        <test-method is-config="true" signature="beforeMethod()[pri:0, instance:org.jpwh.test.inheritance.MixedFetchSelect@3eb25e1a]" started-at="2020-08-30T21:03:19Z" name="beforeMethod" finished-at="2020-08-30T21:03:19Z" duration-ms="0" status="SKIP">
          <reporter-output>
          </reporter-output>
        </test-method> <!-- beforeMethod -->
        <test-method is-config="true" signature="afterMethod()[pri:0, instance:org.jpwh.test.inheritance.MixedFetchSelect@3eb25e1a]" started-at="2020-08-30T21:03:19Z" name="afterMethod" finished-at="2020-08-30T21:03:19Z" duration-ms="0" status="PASS">
          <reporter-output>
          </reporter-output>
        </test-method> <!-- afterMethod -->
        <test-method is-config="true" signature="beforeMethod()[pri:0, instance:org.jpwh.test.inheritance.MixedFetchSelect@3eb25e1a]" started-at="2020-08-30T21:03:19Z" name="beforeMethod" finished-at="2020-08-30T21:03:19Z" duration-ms="0" status="SKIP">
          <reporter-output>
          </reporter-output>
        </test-method> <!-- beforeMethod -->
      </class> <!-- org.jpwh.test.inheritance.MixedFetchSelect -->
      <class name="org.jpwh.test.inheritance.MappedSuperclass">
        <test-method is-config="true" signature="beforeClass()[pri:0, instance:org.jpwh.test.inheritance.MappedSuperclass@f5958c9]" started-at="2020-08-30T21:03:16Z" name="beforeClass" finished-at="2020-08-30T21:03:16Z" duration-ms="0" status="PASS">
          <reporter-output>
          </reporter-output>
        </test-method> <!-- beforeClass -->
        <test-method is-config="true" signature="beforeMethod()[pri:0, instance:org.jpwh.test.inheritance.MappedSuperclass@f5958c9]" started-at="2020-08-30T21:03:16Z" name="beforeMethod" finished-at="2020-08-30T21:03:16Z" duration-ms="206" status="PASS">
          <reporter-output>
          </reporter-output>
        </test-method> <!-- beforeMethod -->
        <test-method signature="storeBillingDetailsLoadCreditCards()[pri:0, instance:org.jpwh.test.inheritance.MappedSuperclass@f5958c9]" started-at="2020-08-30T21:03:16Z" name="storeBillingDetailsLoadCreditCards" finished-at="2020-08-30T21:03:16Z" duration-ms="13" status="PASS">
          <reporter-output>
          </reporter-output>
        </test-method> <!-- storeBillingDetailsLoadCreditCards -->
        <test-method is-config="true" signature="afterMethod()[pri:0, instance:org.jpwh.test.inheritance.MappedSuperclass@f5958c9]" started-at="2020-08-30T21:03:16Z" name="afterMethod" finished-at="2020-08-30T21:03:16Z" duration-ms="60" status="PASS">
          <reporter-output>
          </reporter-output>
        </test-method> <!-- afterMethod -->
        <test-method is-config="true" signature="beforeMethod()[pri:0, instance:org.jpwh.test.inheritance.MappedSuperclass@f5958c9]" started-at="2020-08-30T21:03:16Z" name="beforeMethod" finished-at="2020-08-30T21:03:16Z" duration-ms="157" status="PASS">
          <reporter-output>
          </reporter-output>
        </test-method> <!-- beforeMethod -->
        <test-method signature="jdbcSqlQueryBankAccount()[pri:0, instance:org.jpwh.test.inheritance.MappedSuperclass@f5958c9]" started-at="2020-08-30T21:03:16Z" name="jdbcSqlQueryBankAccount" finished-at="2020-08-30T21:03:16Z" duration-ms="11" status="PASS">
          <reporter-output>
          </reporter-output>
        </test-method> <!-- jdbcSqlQueryBankAccount -->
        <test-method is-config="true" signature="afterMethod()[pri:0, instance:org.jpwh.test.inheritance.MappedSuperclass@f5958c9]" started-at="2020-08-30T21:03:16Z" name="afterMethod" finished-at="2020-08-30T21:03:16Z" duration-ms="52" status="PASS">
          <reporter-output>
          </reporter-output>
        </test-method> <!-- afterMethod -->
        <test-method is-config="true" signature="beforeMethod()[pri:0, instance:org.jpwh.test.inheritance.MappedSuperclass@f5958c9]" started-at="2020-08-30T21:03:16Z" name="beforeMethod" finished-at="2020-08-30T21:03:17Z" duration-ms="205" status="PASS">
          <reporter-output>
          </reporter-output>
        </test-method> <!-- beforeMethod -->
        <test-method signature="jdbcSqlQueryCreditCard()[pri:0, instance:org.jpwh.test.inheritance.MappedSuperclass@f5958c9]" started-at="2020-08-30T21:03:17Z" name="jdbcSqlQueryCreditCard" finished-at="2020-08-30T21:03:17Z" duration-ms="13" status="PASS">
          <reporter-output>
          </reporter-output>
        </test-method> <!-- jdbcSqlQueryCreditCard -->
        <test-method is-config="true" signature="afterMethod()[pri:0, instance:org.jpwh.test.inheritance.MappedSuperclass@f5958c9]" started-at="2020-08-30T21:03:17Z" name="afterMethod" finished-at="2020-08-30T21:03:17Z" duration-ms="55" status="PASS">
          <reporter-output>
          </reporter-output>
        </test-method> <!-- afterMethod -->
        <test-method is-config="true" signature="beforeMethod()[pri:0, instance:org.jpwh.test.inheritance.MappedSuperclass@f5958c9]" started-at="2020-08-30T21:03:17Z" name="beforeMethod" finished-at="2020-08-30T21:03:17Z" duration-ms="164" status="PASS">
          <reporter-output>
          </reporter-output>
        </test-method> <!-- beforeMethod -->
        <test-method signature="storeLoadBillingDetails()[pri:0, instance:org.jpwh.test.inheritance.MappedSuperclass@f5958c9]" started-at="2020-08-30T21:03:17Z" name="storeLoadBillingDetails" finished-at="2020-08-30T21:03:17Z" duration-ms="12" status="PASS">
          <reporter-output>
          </reporter-output>
        </test-method> <!-- storeLoadBillingDetails -->
        <test-method is-config="true" signature="afterMethod()[pri:0, instance:org.jpwh.test.inheritance.MappedSuperclass@f5958c9]" started-at="2020-08-30T21:03:17Z" name="afterMethod" finished-at="2020-08-30T21:03:17Z" duration-ms="52" status="PASS">
          <reporter-output>
          </reporter-output>
        </test-method> <!-- afterMethod -->
      </class> <!-- org.jpwh.test.inheritance.MappedSuperclass -->
      <class name="org.jpwh.test.inheritance.Mixed">
        <test-method is-config="true" signature="beforeMethod()[pri:0, instance:org.jpwh.test.inheritance.Mixed@477b4cdf]" started-at="2020-08-30T21:03:18Z" name="beforeMethod" finished-at="2020-08-30T21:03:18Z" duration-ms="181" status="PASS">
          <reporter-output>
          </reporter-output>
        </test-method> <!-- beforeMethod -->
        <test-method is-config="true" signature="beforeClass()[pri:0, instance:org.jpwh.test.inheritance.Mixed@477b4cdf]" started-at="2020-08-30T21:03:18Z" name="beforeClass" finished-at="2020-08-30T21:03:18Z" duration-ms="0" status="PASS">
          <reporter-output>
          </reporter-output>
        </test-method> <!-- beforeClass -->
        <test-method signature="storeBillingDetailsLoadCreditCards()[pri:0, instance:org.jpwh.test.inheritance.Mixed@477b4cdf]" started-at="2020-08-30T21:03:18Z" name="storeBillingDetailsLoadCreditCards" finished-at="2020-08-30T21:03:18Z" duration-ms="11" status="PASS">
          <reporter-output>
          </reporter-output>
        </test-method> <!-- storeBillingDetailsLoadCreditCards -->
        <test-method is-config="true" signature="afterMethod()[pri:0, instance:org.jpwh.test.inheritance.Mixed@477b4cdf]" started-at="2020-08-30T21:03:18Z" name="afterMethod" finished-at="2020-08-30T21:03:18Z" duration-ms="56" status="PASS">
          <reporter-output>
          </reporter-output>
        </test-method> <!-- afterMethod -->
        <test-method is-config="true" signature="beforeMethod()[pri:0, instance:org.jpwh.test.inheritance.Mixed@477b4cdf]" started-at="2020-08-30T21:03:18Z" name="beforeMethod" finished-at="2020-08-30T21:03:18Z" duration-ms="166" status="PASS">
          <reporter-output>
          </reporter-output>
        </test-method> <!-- beforeMethod -->
        <test-method signature="jdbcBillingDetailsSqlQuery()[pri:0, instance:org.jpwh.test.inheritance.Mixed@477b4cdf]" started-at="2020-08-30T21:03:18Z" name="jdbcBillingDetailsSqlQuery" finished-at="2020-08-30T21:03:18Z" duration-ms="8" status="PASS">
          <reporter-output>
          </reporter-output>
        </test-method> <!-- jdbcBillingDetailsSqlQuery -->
        <test-method is-config="true" signature="afterMethod()[pri:0, instance:org.jpwh.test.inheritance.Mixed@477b4cdf]" started-at="2020-08-30T21:03:18Z" name="afterMethod" finished-at="2020-08-30T21:03:18Z" duration-ms="52" status="PASS">
          <reporter-output>
          </reporter-output>
        </test-method> <!-- afterMethod -->
        <test-method is-config="true" signature="beforeMethod()[pri:0, instance:org.jpwh.test.inheritance.Mixed@477b4cdf]" started-at="2020-08-30T21:03:18Z" name="beforeMethod" finished-at="2020-08-30T21:03:18Z" duration-ms="146" status="PASS">
          <reporter-output>
          </reporter-output>
        </test-method> <!-- beforeMethod -->
        <test-method signature="storeLoadBillingDetails()[pri:0, instance:org.jpwh.test.inheritance.Mixed@477b4cdf]" started-at="2020-08-30T21:03:18Z" name="storeLoadBillingDetails" finished-at="2020-08-30T21:03:18Z" duration-ms="12" status="PASS">
          <reporter-output>
          </reporter-output>
        </test-method> <!-- storeLoadBillingDetails -->
        <test-method is-config="true" signature="afterMethod()[pri:0, instance:org.jpwh.test.inheritance.Mixed@477b4cdf]" started-at="2020-08-30T21:03:18Z" name="afterMethod" finished-at="2020-08-30T21:03:18Z" duration-ms="66" status="PASS">
          <reporter-output>
          </reporter-output>
        </test-method> <!-- afterMethod -->
      </class> <!-- org.jpwh.test.inheritance.Mixed -->
      <class name="org.jpwh.test.inheritance.PolymorphicManyToOne">
[...]
	at org.testng.TestNG.runSuitesSequentially(TestNG.java:1224)
	at org.testng.TestNG.runSuitesLocally(TestNG.java:1149)
	at org.testng.TestNG.run(TestNG.java:1057)
	at org.apache.maven.surefire.testng.TestNGExecutor.run(TestNGExecutor.java:122)
	at org.apache.maven.surefire.testng.TestNGXmlTestSuite.execute(TestNGXmlTestSuite.java:92)
	at org.apache.maven.surefire.testng.TestNGProvider.invoke(TestNGProvider.java:101)
	at java.base/jdk.internal.reflect.NativeMethodAccessorImpl.invoke0(Native Method)
	at java.base/jdk.internal.reflect.NativeMethodAccessorImpl.invoke(NativeMethodAccessorImpl.java:62)
	at java.base/jdk.internal.reflect.DelegatingMethodAccessorImpl.invoke(DelegatingMethodAccessorImpl.java:43)
	at java.base/java.lang.reflect.Method.invoke(Method.java:564)
	at org.apache.maven.surefire.util.ReflectionUtils.invokeMethodWithArray(ReflectionUtils.java:164)
	at org.apache.maven.surefire.booter.ProviderFactory$ProviderProxy.invoke(ProviderFactory.java:110)
	at org.apache.maven.surefire.booter.SurefireStarter.invokeProvider(SurefireStarter.java:172)
	at org.apache.maven.surefire.booter.SurefireStarter.runSuitesInProcessWhenForked(SurefireStarter.java:104)
	at org.apache.maven.surefire.booter.ForkedBooter.main(ForkedBooter.java:70)
]]>
            </full-stacktrace>
          </exception> <!-- javax.persistence.EntityNotFoundException -->
          <reporter-output>
          </reporter-output>
        </test-method> <!-- bulkDelete -->
        <test-method is-config="true" signature="afterMethod()[pri:0, instance:org.jpwh.test.bulkbatch.BulkStatementsJPQL@1a942c18]" started-at="2020-08-30T21:03:48Z" name="afterMethod" finished-at="2020-08-30T21:03:48Z" duration-ms="68" status="PASS">
          <reporter-output>
          </reporter-output>
        </test-method> <!-- afterMethod -->
        <test-method is-config="true" signature="beforeMethod()[pri:0, instance:org.jpwh.test.bulkbatch.BulkStatementsJPQL@1a942c18]" started-at="2020-08-30T21:03:48Z" name="beforeMethod" finished-at="2020-08-30T21:03:48Z" duration-ms="144" status="PASS">
          <reporter-output>
          </reporter-output>
        </test-method> <!-- beforeMethod -->
        <test-method signature="bulkInsert()[pri:0, instance:org.jpwh.test.bulkbatch.BulkStatementsJPQL@1a942c18]" started-at="2020-08-30T21:03:48Z" name="bulkInsert" finished-at="2020-08-30T21:03:48Z" duration-ms="18" status="PASS">
          <reporter-output>
          </reporter-output>
        </test-method> <!-- bulkInsert -->
        <test-method is-config="true" signature="afterMethod()[pri:0, instance:org.jpwh.test.bulkbatch.BulkStatementsJPQL@1a942c18]" started-at="2020-08-30T21:03:48Z" name="afterMethod" finished-at="2020-08-30T21:03:48Z" duration-ms="48" status="PASS">
          <reporter-output>
          </reporter-output>
        </test-method> <!-- afterMethod -->
        <test-method is-config="true" signature="beforeMethod()[pri:0, instance:org.jpwh.test.bulkbatch.BulkStatementsJPQL@1a942c18]" started-at="2020-08-30T21:03:48Z" name="beforeMethod" finished-at="2020-08-30T21:03:48Z" duration-ms="145" status="PASS">
          <reporter-output>
          </reporter-output>
        </test-method> <!-- beforeMethod -->
        <test-method signature="bulkUpdate()[pri:0, instance:org.jpwh.test.bulkbatch.BulkStatementsJPQL@1a942c18]" started-at="2020-08-30T21:03:48Z" name="bulkUpdate" finished-at="2020-08-30T21:03:48Z" duration-ms="14" status="PASS">
          <reporter-output>
          </reporter-output>
        </test-method> <!-- bulkUpdate -->
        <test-method is-config="true" signature="afterMethod()[pri:0, instance:org.jpwh.test.bulkbatch.BulkStatementsJPQL@1a942c18]" started-at="2020-08-30T21:03:48Z" name="afterMethod" finished-at="2020-08-30T21:03:48Z" duration-ms="54" status="PASS">
          <reporter-output>
          </reporter-output>
        </test-method> <!-- afterMethod -->
        <test-method is-config="true" signature="beforeMethod()[pri:0, instance:org.jpwh.test.bulkbatch.BulkStatementsJPQL@1a942c18]" started-at="2020-08-30T21:03:48Z" name="beforeMethod" finished-at="2020-08-30T21:03:48Z" duration-ms="144" status="PASS">
          <reporter-output>
          </reporter-output>
        </test-method> <!-- beforeMethod -->
        <test-method signature="bulkUpdateInheritance()[pri:0, instance:org.jpwh.test.bulkbatch.BulkStatementsJPQL@1a942c18]" started-at="2020-08-30T21:03:48Z" name="bulkUpdateInheritance" finished-at="2020-08-30T21:03:48Z" duration-ms="12" status="PASS">
          <reporter-output>
          </reporter-output>
        </test-method> <!-- bulkUpdateInheritance -->
        <test-method is-config="true" signature="afterMethod()[pri:0, instance:org.jpwh.test.bulkbatch.BulkStatementsJPQL@1a942c18]" started-at="2020-08-30T21:03:48Z" name="afterMethod" finished-at="2020-08-30T21:03:48Z" duration-ms="67" status="PASS">
          <reporter-output>
          </reporter-output>
        </test-method> <!-- afterMethod -->
        <test-method is-config="true" signature="beforeMethod()[pri:0, instance:org.jpwh.test.bulkbatch.BulkStatementsJPQL@1a942c18]" started-at="2020-08-30T21:03:48Z" name="beforeMethod" finished-at="2020-08-30T21:03:49Z" duration-ms="146" status="PASS">
          <reporter-output>
          </reporter-output>
        </test-method> <!-- beforeMethod -->
        <test-method signature="bulkUpdateVersioned()[pri:0, instance:org.jpwh.test.bulkbatch.BulkStatementsJPQL@1a942c18]" started-at="2020-08-30T21:03:49Z" name="bulkUpdateVersioned" finished-at="2020-08-30T21:03:49Z" duration-ms="12" status="PASS">
          <reporter-output>
          </reporter-output>
        </test-method> <!-- bulkUpdateVersioned -->
        <test-method is-config="true" signature="afterMethod()[pri:0, instance:org.jpwh.test.bulkbatch.BulkStatementsJPQL@1a942c18]" started-at="2020-08-30T21:03:49Z" name="afterMethod" finished-at="2020-08-30T21:03:49Z" duration-ms="53" status="PASS">
          <reporter-output>
          </reporter-output>
        </test-method> <!-- afterMethod -->
      </class> <!-- org.jpwh.test.bulkbatch.BulkStatementsJPQL -->
      <class name="org.jpwh.test.cache.SecondLevel">
        <test-method is-config="true" signature="beforeSuite(java.lang.String, java.lang.String)[pri:0, instance:org.jpwh.test.cache.SecondLevel@20140db9]" started-at="2020-08-30T21:03:12Z" name="beforeSuite" finished-at="2020-08-30T21:03:13Z" duration-ms="344" status="PASS">
          <params>
            <param index="0">
              <value is-null="true"/>
            </param>
            <param index="1">
              <value is-null="true"/>
            </param>
          </params>
          <reporter-output>
          </reporter-output>
        </test-method> <!-- beforeSuite -->
        <test-method is-config="true" signature="beforeClass()[pri:0, instance:org.jpwh.test.cache.SecondLevel@20140db9]" started-at="2020-08-30T21:03:46Z" name="beforeClass" finished-at="2020-08-30T21:03:46Z" duration-ms="0" status="PASS">
          <reporter-output>
          </reporter-output>
        </test-method> <!-- beforeClass -->
        <test-method is-config="true" signature="beforeMethod()[pri:0, instance:org.jpwh.test.cache.SecondLevel@20140db9]" started-at="2020-08-30T21:03:46Z" name="beforeMethod" finished-at="2020-08-30T21:03:46Z" duration-ms="250" status="PASS">
          <reporter-output>
          </reporter-output>
        </test-method> <!-- beforeMethod -->
        <test-method signature="cacheBehavior()[pri:0, instance:org.jpwh.test.cache.SecondLevel@20140db9]" started-at="2020-08-30T21:03:46Z" name="cacheBehavior" finished-at="2020-08-30T21:03:46Z" duration-ms="40" status="PASS">
          <reporter-output>
          </reporter-output>
        </test-method> <!-- cacheBehavior -->
        <test-method is-config="true" signature="afterMethod()[pri:0, instance:org.jpwh.test.cache.SecondLevel@20140db9]" started-at="2020-08-30T21:03:46Z" name="afterMethod" finished-at="2020-08-30T21:03:46Z" duration-ms="45" status="PASS">
          <reporter-output>
          </reporter-output>
        </test-method> <!-- afterMethod -->
        <test-method is-config="true" signature="beforeMethod()[pri:0, instance:org.jpwh.test.cache.SecondLevel@20140db9]" started-at="2020-08-30T21:03:46Z" name="beforeMethod" finished-at="2020-08-30T21:03:46Z" duration-ms="132" status="PASS">
          <reporter-output>
          </reporter-output>
        </test-method> <!-- beforeMethod -->
        <test-method signature="cacheControl()[pri:0, instance:org.jpwh.test.cache.SecondLevel@20140db9]" started-at="2020-08-30T21:03:46Z" name="cacheControl" finished-at="2020-08-30T21:03:46Z" duration-ms="13" status="PASS">
          <reporter-output>
          </reporter-output>
        </test-method> <!-- cacheControl -->
        <test-method is-config="true" signature="afterMethod()[pri:0, instance:org.jpwh.test.cache.SecondLevel@20140db9]" started-at="2020-08-30T21:03:46Z" name="afterMethod" finished-at="2020-08-30T21:03:46Z" duration-ms="44" status="PASS">
          <reporter-output>
          </reporter-output>
        </test-method> <!-- afterMethod -->
        <test-method is-config="true" signature="beforeMethod()[pri:0, instance:org.jpwh.test.cache.SecondLevel@20140db9]" started-at="2020-08-30T21:03:46Z" name="beforeMethod" finished-at="2020-08-30T21:03:46Z" duration-ms="154" status="PASS">
          <reporter-output>
          </reporter-output>
        </test-method> <!-- beforeMethod -->
        <test-method signature="cacheModes()[pri:0, instance:org.jpwh.test.cache.SecondLevel@20140db9]" started-at="2020-08-30T21:03:46Z" name="cacheModes" finished-at="2020-08-30T21:03:46Z" duration-ms="22" status="PASS">
          <reporter-output>
          </reporter-output>
        </test-method> <!-- cacheModes -->
        <test-method is-config="true" signature="afterMethod()[pri:0, instance:org.jpwh.test.cache.SecondLevel@20140db9]" started-at="2020-08-30T21:03:46Z" name="afterMethod" finished-at="2020-08-30T21:03:46Z" duration-ms="57" status="PASS">
          <reporter-output>
          </reporter-output>
        </test-method> <!-- afterMethod -->
        <test-method is-config="true" signature="beforeMethod()[pri:0, instance:org.jpwh.test.cache.SecondLevel@20140db9]" started-at="2020-08-30T21:03:46Z" name="beforeMethod" finished-at="2020-08-30T21:03:47Z" duration-ms="183" status="PASS">
          <reporter-output>
          </reporter-output>
        </test-method> <!-- beforeMethod -->
        <test-method signature="cacheNaturalId()[pri:0, instance:org.jpwh.test.cache.SecondLevel@20140db9]" started-at="2020-08-30T21:03:47Z" name="cacheNaturalId" finished-at="2020-08-30T21:03:47Z" duration-ms="20" status="PASS">
          <reporter-output>
          </reporter-output>
        </test-method> <!-- cacheNaturalId -->
        <test-method is-config="true" signature="afterMethod()[pri:0, instance:org.jpwh.test.cache.SecondLevel@20140db9]" started-at="2020-08-30T21:03:47Z" name="afterMethod" finished-at="2020-08-30T21:03:47Z" duration-ms="48" status="PASS">
          <reporter-output>
          </reporter-output>
        </test-method> <!-- afterMethod -->
        <test-method is-config="true" signature="beforeMethod()[pri:0, instance:org.jpwh.test.cache.SecondLevel@20140db9]" started-at="2020-08-30T21:03:47Z" name="beforeMethod" finished-at="2020-08-30T21:03:47Z" duration-ms="149" status="PASS">
          <reporter-output>
          </reporter-output>
        </test-method> <!-- beforeMethod -->
        <test-method signature="cacheQueryResults()[pri:0, instance:org.jpwh.test.cache.SecondLevel@20140db9]" started-at="2020-08-30T21:03:47Z" name="cacheQueryResults" finished-at="2020-08-30T21:03:47Z" duration-ms="21" status="PASS">
          <reporter-output>
          </reporter-output>
        </test-method> <!-- cacheQueryResults -->
        <test-method is-config="true" signature="afterMethod()[pri:0, instance:org.jpwh.test.cache.SecondLevel@20140db9]" started-at="2020-08-30T21:03:47Z" name="afterMethod" finished-at="2020-08-30T21:03:47Z" duration-ms="48" status="PASS">
          <reporter-output>
          </reporter-output>
        </test-method> <!-- afterMethod -->
        <test-method is-config="true" signature="afterSuite()[pri:0, instance:org.jpwh.test.cache.SecondLevel@20140db9]" started-at="2020-08-30T21:03:56Z" name="afterSuite" finished-at="2020-08-30T21:03:56Z" duration-ms="43" status="PASS">
          <reporter-output>
          </reporter-output>
        </test-method> <!-- afterSuite -->
      </class> <!-- org.jpwh.test.cache.SecondLevel -->
      <class name="org.jpwh.test.bulkbatch.BulkStatementsCriteria">
        <test-method is-config="true" signature="beforeMethod()[pri:0, instance:org.jpwh.test.bulkbatch.BulkStatementsCriteria@1a6d8329]" started-at="2020-08-30T21:03:47Z" name="beforeMethod" finished-at="2020-08-30T21:03:47Z" duration-ms="153" status="PASS">
          <reporter-output>
          </reporter-output>
        </test-method> <!-- beforeMethod -->
        <test-method is-config="true" signature="beforeClass()[pri:0, instance:org.jpwh.test.bulkbatch.BulkStatementsCriteria@1a6d8329]" started-at="2020-08-30T21:03:47Z" name="beforeClass" finished-at="2020-08-30T21:03:47Z" duration-ms="0" status="PASS">
          <reporter-output>
          </reporter-output>
        </test-method> <!-- beforeClass -->
        <test-method signature="bulkDelete()[pri:0, instance:org.jpwh.test.bulkbatch.BulkStatementsCriteria@1a6d8329]" started-at="2020-08-30T21:03:47Z" name="bulkDelete" finished-at="2020-08-30T21:03:47Z" duration-ms="33" status="PASS">
          <exception class="javax.persistence.EntityNotFoundException">
            <message>
              <![CDATA[No row with the given identifier exists: [org.jpwh.model.bulkbatch.CreditCard#302]]]>
            </message>
            <full-stacktrace>
              <![CDATA[javax.persistence.EntityNotFoundException: No row with the given identifier exists: [org.jpwh.model.bulkbatch.CreditCard#302]
	at org.hibernate.jpa.spi.AbstractEntityManagerImpl.convert(AbstractEntityManagerImpl.java:1674)
	at org.hibernate.jpa.spi.AbstractEntityManagerImpl.convert(AbstractEntityManagerImpl.java:1619)
	at org.hibernate.jpa.spi.AbstractEntityManagerImpl.refresh(AbstractEntityManagerImpl.java:1234)
	at org.hibernate.jpa.spi.AbstractEntityManagerImpl.refresh(AbstractEntityManagerImpl.java:1192)
	at org.jpwh.test.bulkbatch.BulkStatementsCriteria.bulkDelete(BulkStatementsCriteria.java:219)
	at java.base/jdk.internal.reflect.NativeMethodAccessorImpl.invoke0(Native Method)
	at java.base/jdk.internal.reflect.NativeMethodAccessorImpl.invoke(NativeMethodAccessorImpl.java:62)
	at java.base/jdk.internal.reflect.DelegatingMethodAccessorImpl.invoke(DelegatingMethodAccessorImpl.java:43)
	at java.base/java.lang.reflect.Method.invoke(Method.java:564)
	at org.testng.internal.MethodInvocationHelper.invokeMethod(MethodInvocationHelper.java:84)
	at org.testng.internal.Invoker.invokeMethod(Invoker.java:714)
	at org.testng.internal.Invoker.invokeTestMethod(Invoker.java:901)
	at org.testng.internal.Invoker.invokeTestMethods(Invoker.java:1231)
	at org.testng.internal.TestMethodWorker.invokeTestMethods(TestMethodWorker.java:127)
	at org.testng.internal.TestMethodWorker.run(TestMethodWorker.java:111)
	at org.testng.TestRunner.privateRun(TestRunner.java:767)
	at org.testng.TestRunner.run(TestRunner.java:617)
	at org.testng.SuiteRunner.runTest(SuiteRunner.java:334)
	at org.testng.SuiteRunner.runSequentially(SuiteRunner.java:329)
	at org.testng.SuiteRunner.privateRun(SuiteRunner.java:291)
	at org.testng.SuiteRunner.run(SuiteRunner.java:240)
	at org.testng.SuiteRunnerWorker.runSuite(SuiteRunnerWorker.java:52)
	at org.testng.SuiteRunnerWorker.run(SuiteRunnerWorker.java:86)
	at org.testng.TestNG.runSuitesSequentially(TestNG.java:1224)
	at org.testng.TestNG.runSuitesLocally(TestNG.java:1149)
	at org.testng.TestNG.run(TestNG.java:1057)
	at org.apache.maven.surefire.testng.TestNGExecutor.run(TestNGExecutor.java:122)
	at org.apache.maven.surefire.testng.TestNGXmlTestSuite.execute(TestNGXmlTestSuite.java:92)
	at org.apache.maven.surefire.testng.TestNGProvider.invoke(TestNGProvider.java:101)
	at java.base/jdk.internal.reflect.NativeMethodAccessorImpl.invoke0(Native Method)
	at java.base/jdk.internal.reflect.NativeMethodAccessorImpl.invoke(NativeMethodAccessorImpl.java:62)
	at java.base/jdk.internal.reflect.DelegatingMethodAccessorImpl.invoke(DelegatingMethodAccessorImpl.java:43)
	at java.base/java.lang.reflect.Method.invoke(Method.java:564)
	at org.apache.maven.surefire.util.ReflectionUtils.invokeMethodWithArray(ReflectionUtils.java:164)
	at org.apache.maven.surefire.booter.ProviderFactory$ProviderProxy.invoke(ProviderFactory.java:110)
	at org.apache.maven.surefire.booter.SurefireStarter.invokeProvider(SurefireStarter.java:172)
	at org.apache.maven.surefire.booter.SurefireStarter.runSuitesInProcessWhenForked(SurefireStarter.java:104)
	at org.apache.maven.surefire.booter.ForkedBooter.main(ForkedBooter.java:70)
]]>
            </full-stacktrace>
          </exception> <!-- javax.persistence.EntityNotFoundException -->
          <reporter-output>
          </reporter-output>
        </test-method> <!-- bulkDelete -->
        <test-method is-config="true" signature="afterMethod()[pri:0, instance:org.jpwh.test.bulkbatch.BulkStatementsCriteria@1a6d8329]" started-at="2020-08-30T21:03:47Z" name="afterMethod" finished-at="2020-08-30T21:03:47Z" duration-ms="62" status="PASS">
          <reporter-output>
          </reporter-output>
        </test-method> <!-- afterMethod -->
        <test-method is-config="true" signature="beforeMethod()[pri:0, instance:org.jpwh.test.bulkbatch.BulkStatementsCriteria@1a6d8329]" started-at="2020-08-30T21:03:47Z" name="beforeMethod" finished-at="2020-08-30T21:03:47Z" duration-ms="135" status="PASS">
          <reporter-output>
          </reporter-output>
        </test-method> <!-- beforeMethod -->
        <test-method signature="bulkUpdate()[pri:0, instance:org.jpwh.test.bulkbatch.BulkStatementsCriteria@1a6d8329]" started-at="2020-08-30T21:03:47Z" name="bulkUpdate" finished-at="2020-08-30T21:03:47Z" duration-ms="17" status="PASS">
          <reporter-output>
          </reporter-output>
        </test-method> <!-- bulkUpdate -->
        <test-method is-config="true" signature="afterMethod()[pri:0, instance:org.jpwh.test.bulkbatch.BulkStatementsCriteria@1a6d8329]" started-at="2020-08-30T21:03:47Z" name="afterMethod" finished-at="2020-08-30T21:03:47Z" duration-ms="45" status="PASS">
          <reporter-output>
          </reporter-output>
        </test-method> <!-- afterMethod -->
        <test-method is-config="true" signature="beforeMethod()[pri:0, instance:org.jpwh.test.bulkbatch.BulkStatementsCriteria@1a6d8329]" started-at="2020-08-30T21:03:47Z" name="beforeMethod" finished-at="2020-08-30T21:03:47Z" duration-ms="142" status="PASS">
          <reporter-output>
          </reporter-output>
        </test-method> <!-- beforeMethod -->
        <test-method signature="bulkUpdateVersioned()[pri:0, instance:org.jpwh.test.bulkbatch.BulkStatementsCriteria@1a6d8329]" started-at="2020-08-30T21:03:47Z" name="bulkUpdateVersioned" finished-at="2020-08-30T21:03:48Z" duration-ms="19" status="PASS">
          <reporter-output>
          </reporter-output>
        </test-method> <!-- bulkUpdateVersioned -->
        <test-method is-config="true" signature="afterMethod()[pri:0, instance:org.jpwh.test.bulkbatch.BulkStatementsCriteria@1a6d8329]" started-at="2020-08-30T21:03:48Z" name="afterMethod" finished-at="2020-08-30T21:03:48Z" duration-ms="74" status="PASS">
          <reporter-output>
          </reporter-output>
        </test-method> <!-- afterMethod -->
      </class> <!-- org.jpwh.test.bulkbatch.BulkStatementsCriteria -->
    </test> <!-- Scaling -->
  </suite> <!-- AllTests - examples -->
</testng-results>
